activecomp {
  name: "Auryn_Shows"
  width: 1920
  height: 900
  defaultcameradistance: 2666.6667
  layer {
    name: "Btn-Main-Half"
    id: 687
    sourceid: 27
    transform {
      anchorPoint {
        x: 267
        y: 150
        z: 0
      }
      scale {
        x: 1
        y: 1
        z: 1
      }
      position {
        x: 267
        y: 450
        z: 0
      }
      orientation {
        x: 0
        y: 0
        z: 0
      }
      rotationX: 0
      rotationY: 0
      rotationZ: 0
      opacity: 1
    }
    acceptsshadows: true
    acceptslights: true
    castsshadows: false
    properties {
      key: "placeholder"
      value: "true"
    }
  }
  classname: "CYIListView"
  bgcolor {
    alpha: 1
    red: 0.086274509803921567
    green: 0.11372549019607843
    blue: 0.14509803921568629
  }
  properties {
    key: "componentSubtype"
    value: "streaming"
  }
  properties {
    key: "componentType"
    value: "list"
  }
  properties {
    key: "layout"
    value: "CYIGridLayout"
  }
  properties {
    key: "gravity"
    value: "left"
  }
  properties {
    key: "rows"
    value: "2"
  }
  properties {
    key: "insert-after-layer-id"
    value: "-1"
  }
  childtemplates: "Auryn_Btn-Main-Half"
}
sources {
  uid: 27
  srctype: AE_COMP_SRC
  name: "Auryn_Btn-Main-Half.layout"
  width: 534
  height: 300
  copy_source: true
}
