activecomp {
  name: "Auryn_Btn-Nav-Search"
  width: 60
  height: 60
  defaultcameradistance: 83.333336
  layer {
    name: "Red Solid 2"
    id: 585
    sourceid: 910
    transform {
      anchorPoint {
        x: 30
        y: 30
        z: 0
      }
      scale {
        x: 1
        y: 1
        z: 1
      }
      position {
        x: 30
        y: 30
        z: 0
      }
      orientation {
        x: 0
        y: 0
        z: 0
      }
      rotationX: 0
      rotationY: 0
      rotationZ: 0
      opacity: 0
    }
    acceptsshadows: true
    acceptslights: true
    castsshadows: false
  }
  layer {
    name: "Deep Royal Blue Solid 9"
    id: 586
    sourceid: 940
    transform {
      anchorPoint {
        x: 29
        y: 29
        z: 0
      }
      scale {
        x: 0.94
        y: 0.94
        z: 1
      }
      position {
        x: 30
        y: 30
        z: 0
      }
      orientation {
        x: 0
        y: 0
        z: 0
      }
      rotationX: 0
      rotationY: 0
      rotationZ: 0
      opacity: 1
    }
    acceptsshadows: true
    acceptslights: true
    castsshadows: false
  }
  layer {
    name: "Dark Royal Blue Solid 3"
    id: 587
    sourceid: 259785
    transform {
      anchorPoint {
        x: 29
        y: 29
        z: 0
      }
      scale {
        x: 0.94
        y: 0.94
        z: 1
      }
      position {
        x: 30
        y: 30
        z: 0
      }
      orientation {
        x: 0
        y: 0
        z: 0
      }
      rotationX: 0
      rotationY: 0
      rotationZ: 0
      opacity: 0
    }
    acceptsshadows: true
    acceptslights: true
    castsshadows: false
  }
  layer {
    name: "Icon-Search-Active.png"
    id: 588
    sourceid: 980
    transform {
      anchorPoint {
        x: 17.5
        y: 17.5
        z: 0
      }
      scale {
        x: 1
        y: 1
        z: 1
      }
      position {
        x: 30.034828
        y: 30.95812
        z: 0
      }
      orientation {
        x: 0
        y: 0
        z: 0
      }
      rotationX: 0
      rotationY: 0
      rotationZ: 0
      opacity: 1
    }
    acceptsshadows: true
    acceptslights: true
    castsshadows: false
  }
  layer {
    name: "Icon-Search.png"
    id: 589
    sourceid: 963
    transform {
      anchorPoint {
        x: 17.5
        y: 17.5
        z: 0
      }
      scale {
        x: 1
        y: 1
        z: 1
      }
      position {
        x: 30.034828
        y: 45.958118
        z: 0
      }
      orientation {
        x: 0
        y: 0
        z: 0
      }
      rotationX: 0
      rotationY: 0
      rotationZ: 0
      opacity: 0
    }
    acceptsshadows: true
    acceptslights: true
    castsshadows: false
  }
  classname: "CYIPushButtonView"
  bgcolor {
    alpha: 1
    red: 0.086274509803921567
    green: 0.11372549019607843
    blue: 0.14509803921568629
  }
  properties {
    key: "componentSubtype"
    value: "push"
  }
  properties {
    key: "componentType"
    value: "button"
  }
}
sources {
  uid: 910
  srctype: AE_SOLID_SRC
  color {
    alpha: 1
    red: 0.90588235855102539
    green: 0.20000000298023224
    blue: 0.23529411852359772
  }
  width: 60
  height: 60
  copy_source: false
}
sources {
  uid: 940
  srctype: AE_SOLID_SRC
  color {
    alpha: 1
    red: 0.058823529630899429
    green: 0.20784313976764679
    blue: 0.43921568989753723
  }
  width: 58
  height: 58
  copy_source: false
}
sources {
  uid: 259785
  srctype: AE_SOLID_SRC
  color {
    alpha: 1
    red: 0.11764705926179886
    green: 0.18431372940540314
    blue: 0.21176470816135406
  }
  width: 58
  height: 58
  copy_source: false
}
sources {
  uid: 980
  srctype: AE_IMAGE_SRC
  name: "Icon-Search-Active.png"
  width: 35
  height: 35
  numberOfFrames: 1
  fps: 0
  loops: 1
  copy_source: true
}
sources {
  uid: 963
  srctype: AE_IMAGE_SRC
  name: "Icon-Search.png"
  width: 35
  height: 35
  numberOfFrames: 1
  fps: 0
  loops: 1
  copy_source: true
}
