activecomp {
  name: "Auryn_Lander-ContentStack"
  width: 1920
  height: 900
  defaultcameradistance: 2666.6667
  layer {
    name: "Profile"
    id: 657
    sourceid: 712
    transform {
      anchorPoint {
        x: 960
        y: 450
        z: 0
      }
      scale {
        x: 1
        y: 1
        z: 1
      }
      position {
        x: 960
        y: 450
        z: 0
      }
      orientation {
        x: 0
        y: 0
        z: 0
      }
      rotationX: 0
      rotationY: 0
      rotationZ: 0
      opacity: 1
    }
    acceptsshadows: true
    acceptslights: true
    castsshadows: false
  }
  layer {
    name: "Search"
    id: 658
    sourceid: 743
    transform {
      anchorPoint {
        x: 960
        y: 450
        z: 0
      }
      scale {
        x: 1
        y: 1
        z: 1
      }
      position {
        x: 960
        y: 450
        z: 0
      }
      orientation {
        x: 0
        y: 0
        z: 0
      }
      rotationX: 0
      rotationY: 0
      rotationZ: 0
      opacity: 1
    }
    acceptsshadows: true
    acceptslights: true
    castsshadows: false
  }
  layer {
    name: "Live"
    id: 659
    sourceid: 699
    transform {
      anchorPoint {
        x: 960
        y: 450
        z: 0
      }
      scale {
        x: 1
        y: 1
        z: 1
      }
      position {
        x: 960
        y: 450
        z: 0
      }
      orientation {
        x: 0
        y: 0
        z: 0
      }
      rotationX: 0
      rotationY: 0
      rotationZ: 0
      opacity: 1
    }
    acceptsshadows: true
    acceptslights: true
    castsshadows: false
  }
  layer {
    name: "Movies 2"
    id: 660
    sourceid: 687
    transform {
      anchorPoint {
        x: 960
        y: 450
        z: 0
      }
      scale {
        x: 1
        y: 1
        z: 1
      }
      position {
        x: 960
        y: 450
        z: 0
      }
      orientation {
        x: 0
        y: 0
        z: 0
      }
      rotationX: 0
      rotationY: 0
      rotationZ: 0
      opacity: 1
    }
    acceptsshadows: true
    acceptslights: true
    castsshadows: false
  }
  layer {
    name: "Movies"
    id: 661
    sourceid: 463
    transform {
      anchorPoint {
        x: 960
        y: 450
        z: 0
      }
      scale {
        x: 1
        y: 1
        z: 1
      }
      position {
        x: 960
        y: 450
        z: 0
      }
      orientation {
        x: 0
        y: 0
        z: 0
      }
      rotationX: 0
      rotationY: 0
      rotationZ: 0
      opacity: 1
    }
    acceptsshadows: true
    acceptslights: true
    castsshadows: false
  }
  layer {
    name: "Discover"
    id: 662
    sourceid: 15
    transform {
      anchorPoint {
        x: 960
        y: 450
        z: 0
      }
      scale {
        x: 1
        y: 1
        z: 1
      }
      position {
        x: 960
        y: 450
        z: 0
      }
      orientation {
        x: 0
        y: 0
        z: 0
      }
      rotationX: 0
      rotationY: 0
      rotationZ: 0
      opacity: 1
    }
    acceptsshadows: true
    acceptslights: true
    castsshadows: false
  }
  bgcolor {
    alpha: 1
    red: 0.086274509803921567
    green: 0.11372549019607843
    blue: 0.14509803921568629
  }
  childtemplates: "Auryn_Profile"
  childtemplates: "Auryn_Search"
  childtemplates: "Auryn_Live"
  childtemplates: "Auryn_Shows"
  childtemplates: "Auryn_Movies"
  childtemplates: "Auryn_Discover"
}
sources {
  uid: 712
  srctype: AE_COMP_SRC
  name: "Auryn_Profile.layout"
  width: 1920
  height: 900
  copy_source: true
}
sources {
  uid: 743
  srctype: AE_COMP_SRC
  name: "Auryn_Search.layout"
  width: 1920
  height: 900
  copy_source: true
}
sources {
  uid: 699
  srctype: AE_COMP_SRC
  name: "Auryn_Live.layout"
  width: 1920
  height: 900
  copy_source: true
}
sources {
  uid: 687
  srctype: AE_COMP_SRC
  name: "Auryn_Shows.layout"
  width: 1920
  height: 900
  copy_source: true
}
sources {
  uid: 463
  srctype: AE_COMP_SRC
  name: "Auryn_Movies.layout"
  width: 1920
  height: 900
  copy_source: true
}
sources {
  uid: 15
  srctype: AE_COMP_SRC
  name: "Auryn_Discover.layout"
  width: 1920
  height: 900
  copy_source: true
}
