activecomp {
  name: "Auryn_Image-Dynamic-Background"
  width: 1920
  height: 1080
  defaultcameradistance: 2666.6667
  layer {
    name: "ImageNode"
    id: 322
    sourceid: 93
    transform {
      anchorPoint {
        x: 960
        y: 540
        z: 0
      }
      scale {
        x: 1
        y: 1
        z: 1
      }
      position {
        x: 960
        y: 540
        z: 0
      }
      orientation {
        x: 0
        y: 0
        z: 0
      }
      rotationX: 0
      rotationY: 0
      rotationZ: 0
      opacity: 1
    }
    acceptsshadows: true
    acceptslights: true
    castsshadows: false
  }
  classname: "CYIImageView"
  bgcolor {
    alpha: 1
    red: 0.086274509803921567
    green: 0.11372549019607843
    blue: 0.14509803921568629
  }
  properties {
    key: "componentType"
    value: "image"
  }
}
sources {
  uid: 93
  srctype: AE_SOLID_SRC
  color {
    alpha: 1
    red: 0.21881100535392761
    green: 0.21881100535392761
    blue: 0.21881100535392761
  }
  width: 1920
  height: 1080
  copy_source: false
}
