tracks {
  binding: IS_VISIBLE
  targetid: 539
  targetname: "Red Solid 1"
  keytimes {
    datatype: AE_INT_DATA
    timeOffset: 0
    inttype: AE_INTERP_HOLD
    ivalue1: 1
  }
}
tracks {
  binding: OPACITY
  targetid: 539
  targetname: "Red Solid 1"
  keytimes {
    datatype: AE_FLOAT_DATA
    timeOffset: 0
    inttype: AE_INTERP_LINEAR
    fvalue1: 0
  }
  keytimes {
    datatype: AE_FLOAT_DATA
    timeOffset: 1
    inttype: AE_INTERP_LINEAR
    fvalue1: 0
  }
  keytimes {
    datatype: AE_FLOAT_DATA
    timeOffset: 1.1666666
    inttype: AE_INTERP_LINEAR
    fvalue1: 1
  }
  trackName: "Opacity"
}
tracks {
  binding: IS_VISIBLE
  targetid: 540
  targetname: "Deep Royal Blue Solid 8"
  keytimes {
    datatype: AE_INT_DATA
    timeOffset: 0
    inttype: AE_INTERP_HOLD
    ivalue1: 1
  }
}
tracks {
  binding: OPACITY
  targetid: 540
  targetname: "Deep Royal Blue Solid 8"
  keytimes {
    datatype: AE_FLOAT_DATA
    timeOffset: 0
    inttype: AE_INTERP_LINEAR
    fvalue1: 1
  }
  keytimes {
    datatype: AE_FLOAT_DATA
    timeOffset: 2
    inttype: AE_INTERP_LINEAR
    fvalue1: 1
  }
  keytimes {
    datatype: AE_FLOAT_DATA
    timeOffset: 2.0166667
    inttype: AE_INTERP_LINEAR
    fvalue1: 0.8
  }
  keytimes {
    datatype: AE_FLOAT_DATA
    timeOffset: 2.3333333
    inttype: AE_INTERP_LINEAR
    fvalue1: 1
  }
  keytimes {
    datatype: AE_FLOAT_DATA
    timeOffset: 2.35
    inttype: AE_INTERP_LINEAR
    fvalue1: 0.8
  }
  keytimes {
    datatype: AE_FLOAT_DATA
    timeOffset: 3
    inttype: AE_INTERP_LINEAR
    fvalue1: 1
  }
  keytimes {
    datatype: AE_FLOAT_DATA
    timeOffset: 3.0166667
    inttype: AE_INTERP_LINEAR
    fvalue1: 1
  }
  trackName: "Opacity"
}
tracks {
  binding: IS_VISIBLE
  targetid: 541
  targetname: "MOVIES 2"
  keytimes {
    datatype: AE_INT_DATA
    timeOffset: 0
    inttype: AE_INTERP_HOLD
    ivalue1: 1
  }
}
tracks {
  binding: OPACITY
  targetid: 541
  targetname: "MOVIES 2"
  keytimes {
    datatype: AE_FLOAT_DATA
    timeOffset: 0
    inttype: AE_INTERP_LINEAR
    fvalue1: 0
  }
  keytimes {
    datatype: AE_FLOAT_DATA
    timeOffset: 3
    inttype: AE_INTERP_LINEAR
    fvalue1: 0
  }
  keytimes {
    datatype: AE_FLOAT_DATA
    timeOffset: 3.0166667
    inttype: AE_INTERP_LINEAR
    fvalue1: 1
  }
  trackName: "Opacity"
}
tracks {
  binding: IS_VISIBLE
  targetid: 542
  targetname: "MOVIES"
  keytimes {
    datatype: AE_INT_DATA
    timeOffset: 0
    inttype: AE_INTERP_HOLD
    ivalue1: 1
  }
}
tracks {
  binding: OPACITY
  targetid: 542
  targetname: "MOVIES"
  keytimes {
    datatype: AE_FLOAT_DATA
    timeOffset: 0
    inttype: AE_INTERP_LINEAR
    fvalue1: 1
  }
  keytimes {
    datatype: AE_FLOAT_DATA
    timeOffset: 3
    inttype: AE_INTERP_LINEAR
    fvalue1: 1
  }
  keytimes {
    datatype: AE_FLOAT_DATA
    timeOffset: 3.0166667
    inttype: AE_INTERP_LINEAR
    fvalue1: 0
  }
  trackName: "Opacity"
}
markers {
  starttime: 1
  duration: 0.16666667
  name: "FocusIn"
  tracksSelection {
    targetid: 539
    binding: OPACITY
  }
  alltracks: false
  id: 21
  looping: false
}
markers {
  starttime: 2
  duration: 0.016666668
  name: "Press"
  tracksSelection {
    targetid: 540
    binding: OPACITY
  }
  alltracks: false
  id: 18
  looping: false
}
markers {
  starttime: 2.3333333
  duration: 0.016666668
  name: "Press-Checked"
  tracksSelection {
    targetid: 540
    binding: OPACITY
  }
  alltracks: false
  id: 23
  looping: false
}
markers {
  starttime: 3
  duration: 0.016666668
  name: "Toggle-On"
  tracksSelection {
    targetid: 540
    binding: OPACITY
  }
  tracksSelection {
    targetid: 541
    binding: OPACITY
  }
  tracksSelection {
    targetid: 542
    binding: OPACITY
  }
  alltracks: false
  id: 20
  looping: false
}
