tracks {
  binding: IS_VISIBLE
  targetid: 519991
  targetname: "White Solid 15"
  keytimes {
    datatype: AE_INT_DATA
    timeOffset: 0
    inttype: AE_INTERP_HOLD
    ivalue1: 1
  }
}
tracks {
  binding: IS_VISIBLE
  targetid: 519992
  targetname: "White Solid 15"
  keytimes {
    datatype: AE_INT_DATA
    timeOffset: 0
    inttype: AE_INTERP_HOLD
    ivalue1: 1
  }
}
markers {
  starttime: 1
  duration: 0.16666667
  name: "FocusIn"
  alltracks: false
  id: 21
  looping: false
}
markers {
  starttime: 2
  duration: 0.016666668
  name: "Press"
  alltracks: false
  id: 18
  looping: false
}
markers {
  starttime: 2.3333333
  duration: 0.016666668
  name: "Press-Checked"
  alltracks: false
  id: 23
  looping: false
}
markers {
  starttime: 3
  duration: 0.16666667
  name: "Toggle-On"
  alltracks: false
  id: 20
  looping: false
}
