activecomp {
  name: "Auryn_Btn-2x3-Full"
  width: 400
  height: 700
  defaultcameradistance: 555.55554
  layer {
    name: "Background"
    id: 266
    sourceid: 339
    transform {
      anchorPoint {
        x: 200
        y: 300
        z: 0
      }
      scale {
        x: 1
        y: 1
        z: 1
      }
      position {
        x: 200
        y: 400
        z: 0
      }
      orientation {
        x: 0
        y: 0
        z: 0
      }
      rotationX: 0
      rotationY: 0
      rotationZ: 0
      opacity: 1
    }
    acceptsshadows: true
    acceptslights: true
    castsshadows: false
  }
  layer {
    name: "Image-Dynamic-2x3"
    id: 267
    sourceid: 284
    transform {
      anchorPoint {
        x: 200
        y: 300
        z: 0
      }
      scale {
        x: 1
        y: 1
        z: 1
      }
      position {
        x: 200
        y: 400
        z: 0
      }
      orientation {
        x: 0
        y: 0
        z: 0
      }
      rotationX: 0
      rotationY: 0
      rotationZ: 0
      opacity: 0.8
    }
    acceptsshadows: true
    acceptslights: true
    castsshadows: false
  }
  layer {
    name: "Red Solid 6"
    id: 268
    sourceid: 922
    transform {
      anchorPoint {
        x: 200
        y: 2
        z: 0
      }
      scale {
        x: 1
        y: 1
        z: 1
      }
      position {
        x: 200
        y: 102
        z: 0
      }
      orientation {
        x: 0
        y: 0
        z: 0
      }
      rotationX: 0
      rotationY: 0
      rotationZ: 0
      opacity: 0
    }
    acceptsshadows: true
    acceptslights: true
    castsshadows: false
  }
  layer {
    name: "Red Solid 5"
    id: 269
    sourceid: 920
    transform {
      anchorPoint {
        x: 200
        y: 2
        z: 0
      }
      scale {
        x: 1
        y: 1
        z: 1
      }
      position {
        x: 200
        y: 698
        z: 0
      }
      orientation {
        x: 0
        y: 0
        z: 0
      }
      rotationX: 0
      rotationY: 0
      rotationZ: 0
      opacity: 0
    }
    acceptsshadows: true
    acceptslights: true
    castsshadows: false
  }
  layer {
    name: "Red Solid 4"
    id: 270
    sourceid: 918
    transform {
      anchorPoint {
        x: 2
        y: 300
        z: 0
      }
      scale {
        x: 1
        y: 1
        z: 1
      }
      position {
        x: 398
        y: 400
        z: 0
      }
      orientation {
        x: 0
        y: 0
        z: 0
      }
      rotationX: 0
      rotationY: 0
      rotationZ: 0
      opacity: 0
    }
    acceptsshadows: true
    acceptslights: true
    castsshadows: false
  }
  layer {
    name: "Red Solid 3"
    id: 271
    sourceid: 916
    transform {
      anchorPoint {
        x: 2
        y: 300
        z: 0
      }
      scale {
        x: 1
        y: 1
        z: 1
      }
      position {
        x: 2
        y: 400
        z: 0
      }
      orientation {
        x: 0
        y: 0
        z: 0
      }
      rotationX: 0
      rotationY: 0
      rotationZ: 0
      opacity: 0
    }
    acceptsshadows: true
    acceptslights: true
    castsshadows: false
  }
  classname: "CYIPushButtonView"
  bgcolor {
    alpha: 1
    red: 0.086274509803921567
    green: 0.11372549019607843
    blue: 0.14509803921568629
  }
  properties {
    key: "componentSubtype"
    value: "push"
  }
  properties {
    key: "componentType"
    value: "button"
  }
  childtemplates: "Auryn_Image-Dynamic-2x3"
}
sources {
  uid: 339
  srctype: AE_SOLID_SRC
  color {
    alpha: 1
    red: 0
    green: 0
    blue: 0
  }
  width: 400
  height: 600
  copy_source: false
}
sources {
  uid: 284
  srctype: AE_COMP_SRC
  name: "Auryn_Image-Dynamic-2x3.layout"
  width: 400
  height: 600
  copy_source: true
}
sources {
  uid: 922
  srctype: AE_SOLID_SRC
  color {
    alpha: 1
    red: 0.90588235855102539
    green: 0.20000000298023224
    blue: 0.23529411852359772
  }
  width: 400
  height: 4
  copy_source: false
}
sources {
  uid: 920
  srctype: AE_SOLID_SRC
  color {
    alpha: 1
    red: 0.90588235855102539
    green: 0.20000000298023224
    blue: 0.23529411852359772
  }
  width: 400
  height: 4
  copy_source: false
}
sources {
  uid: 918
  srctype: AE_SOLID_SRC
  color {
    alpha: 1
    red: 0.90588235855102539
    green: 0.20000000298023224
    blue: 0.23529411852359772
  }
  width: 4
  height: 600
  copy_source: false
}
sources {
  uid: 916
  srctype: AE_SOLID_SRC
  color {
    alpha: 1
    red: 0.90588235855102539
    green: 0.20000000298023224
    blue: 0.23529411852359772
  }
  width: 4
  height: 600
  copy_source: false
}
