activecomp {
  name: "Auryn_Search"
  width: 1920
  height: 900
  defaultcameradistance: 2666.6667
  layer {
    name: "What are you looking for?"
    id: 743
    sourceid: -1
    transform {
      anchorPoint {
        x: 440
        y: 60
        z: 0
      }
      scale {
        x: 1
        y: 1
        z: 1
      }
      position {
        x: 539.72
        y: 220.28012
        z: 0
      }
      orientation {
        x: 0
        y: 0
        z: 0
      }
      rotationX: 0
      rotationY: 0
      rotationZ: 0
      opacity: 1
    }
    acceptsshadows: true
    acceptslights: true
    castsshadows: false
    textinfo {
      justification: AE_TEXT_LEFT
      fontSize: 60
      fontColor {
        alpha: 1
        red: 1
        green: 1
        blue: 1
      }
      fontName: "Raleway-Bold"
      isPointText: false
      boundsWidth: 880
      boundsHeight: 68
      isLabel: true
      text: "What are you looking for?"
      multiline: true
      isAllCaps: false
    }
  }
  layer {
    name: "Popular Searches"
    id: 744
    sourceid: -1
    transform {
      anchorPoint {
        x: 440
        y: 60
        z: 0
      }
      scale {
        x: 1
        y: 1
        z: 1
      }
      position {
        x: 539.72
        y: 488.28012
        z: 0
      }
      orientation {
        x: 0
        y: 0
        z: 0
      }
      rotationX: 0
      rotationY: 0
      rotationZ: 0
      opacity: 1
    }
    acceptsshadows: true
    acceptslights: true
    castsshadows: false
    textinfo {
      justification: AE_TEXT_LEFT
      fontSize: 48
      fontColor {
        alpha: 1
        red: 1
        green: 1
        blue: 1
      }
      fontName: "Raleway-Medium"
      isPointText: false
      boundsWidth: 880
      boundsHeight: 68
      isLabel: true
      text: "Popular Searches"
      multiline: true
      isAllCaps: false
    }
  }
  layer {
    name: "White Solid 12"
    id: 745
    sourceid: 727
    transform {
      anchorPoint {
        x: 400
        y: 100
        z: 0
      }
      scale {
        x: 2.15
        y: 0.28
        z: 1
      }
      position {
        x: 960
        y: 302
        z: 0
      }
      orientation {
        x: 0
        y: 0
        z: 0
      }
      rotationX: 0
      rotationY: 0
      rotationZ: 0
      opacity: 1
    }
    acceptsshadows: true
    acceptslights: true
    castsshadows: false
  }
  layer {
    name: "List-PDP"
    id: 746
    sourceid: 360
    transform {
      anchorPoint {
        x: 960
        y: 200
        z: 0
      }
      scale {
        x: 1
        y: 1
        z: 1
      }
      position {
        x: 960
        y: 710
        z: 0
      }
      orientation {
        x: 0
        y: 0
        z: 0
      }
      rotationX: 0
      rotationY: 0
      rotationZ: 0
      opacity: 1
    }
    acceptsshadows: true
    acceptslights: true
    castsshadows: false
  }
  bgcolor {
    alpha: 1
    red: 0.086274509803921567
    green: 0.11372549019607843
    blue: 0.14509803921568629
  }
  properties {
    key: "gravity"
    value: "left"
  }
  properties {
    key: "rows"
    value: "2"
  }
  childtemplates: "Auryn_List-PDP"
}
sources {
  uid: 1
  srctype: AE_FONT_SRC
  name: "Raleway-Bold"
  copy_source: true
  file_name: "yi_Raleway-Bold.ttf"
  style_name: "Bold"
}
sources {
  uid: 2
  srctype: AE_FONT_SRC
  name: "Raleway-Medium"
  copy_source: true
  file_name: "yi_Raleway-Medium.ttf"
  style_name: "Medium"
}
sources {
  uid: 727
  srctype: AE_SOLID_SRC
  color {
    alpha: 1
    red: 0.88235294818878174
    green: 0.88235294818878174
    blue: 0.88235294818878174
  }
  width: 800
  height: 200
  copy_source: false
}
sources {
  uid: 360
  srctype: AE_COMP_SRC
  name: "Auryn_List-PDP.layout"
  width: 1920
  height: 400
  copy_source: true
}
