activecomp {
  name: "Auryn_Lander-ContentStackNew"
  width: 1920
  height: 900
  defaultcameradistance: 2666.6667
  layer {
    name: "Live"
    id: 259843
    sourceid: 699
    transform {
      anchorPoint {
        x: 960
        y: 450
        z: 0
      }
      scale {
        x: 1
        y: 1
        z: 1
      }
      position {
        x: 960
        y: 3157
        z: 0
      }
      orientation {
        x: 0
        y: 0
        z: 0
      }
      rotationX: 0
      rotationY: 0
      rotationZ: 0
      opacity: 1
    }
    acceptsshadows: true
    acceptslights: true
    castsshadows: false
  }
  layer {
    name: "Movies 2"
    id: 259844
    sourceid: 687
    transform {
      anchorPoint {
        x: 960
        y: 450
        z: 0
      }
      scale {
        x: 1
        y: 1
        z: 1
      }
      position {
        x: 960
        y: 2258
        z: 0
      }
      orientation {
        x: 0
        y: 0
        z: 0
      }
      rotationX: 0
      rotationY: 0
      rotationZ: 0
      opacity: 1
    }
    acceptsshadows: true
    acceptslights: true
    castsshadows: false
  }
  layer {
    name: "Movies"
    id: 259845
    sourceid: 463
    transform {
      anchorPoint {
        x: 960
        y: 450
        z: 0
      }
      scale {
        x: 1
        y: 1
        z: 1
      }
      position {
        x: 960
        y: 1354
        z: 0
      }
      orientation {
        x: 0
        y: 0
        z: 0
      }
      rotationX: 0
      rotationY: 0
      rotationZ: 0
      opacity: 1
    }
    acceptsshadows: true
    acceptslights: true
    castsshadows: false
  }
  layer {
    name: "Discover"
    id: 259846
    sourceid: 15
    transform {
      anchorPoint {
        x: 960
        y: 450
        z: 0
      }
      scale {
        x: 1
        y: 1
        z: 1
      }
      position {
        x: 960
        y: 450
        z: 0
      }
      orientation {
        x: 0
        y: 0
        z: 0
      }
      rotationX: 0
      rotationY: 0
      rotationZ: 0
      opacity: 1
    }
    acceptsshadows: true
    acceptslights: true
    castsshadows: false
  }
  classname: "CYIListView"
  bgcolor {
    alpha: 1
    red: 0.086274509803921567
    green: 0.11372549019607843
    blue: 0.14509803921568629
  }
  properties {
    key: "componentSubtype"
    value: "streaming"
  }
  properties {
    key: "componentType"
    value: "list"
  }
  properties {
    key: "layout"
    value: "CYIColumnLayout"
  }
  properties {
    key: "gravity"
    value: "top"
  }
  childtemplates: "Auryn_Live"
  childtemplates: "Auryn_Shows"
  childtemplates: "Auryn_Movies"
  childtemplates: "Auryn_Discover"
}
sources {
  uid: 699
  srctype: AE_COMP_SRC
  name: "Auryn_Live.layout"
  width: 1920
  height: 900
  copy_source: true
}
sources {
  uid: 687
  srctype: AE_COMP_SRC
  name: "Auryn_Shows.layout"
  width: 1920
  height: 900
  copy_source: true
}
sources {
  uid: 463
  srctype: AE_COMP_SRC
  name: "Auryn_Movies.layout"
  width: 1920
  height: 900
  copy_source: true
}
sources {
  uid: 15
  srctype: AE_COMP_SRC
  name: "Auryn_Discover.layout"
  width: 1920
  height: 900
  copy_source: true
}
