tracks {
  binding: IS_VISIBLE
  targetid: 306
  targetname: "VideoSurface"
  keytimes {
    datatype: AE_INT_DATA
    timeOffset: 0
    inttype: AE_INTERP_HOLD
    ivalue1: 1
  }
}
tracks {
  binding: IS_VISIBLE
  targetid: 307
  targetname: "Template-PlayerControls.png"
  keytimes {
    datatype: AE_INT_DATA
    timeOffset: 0
    inttype: AE_INTERP_HOLD
    ivalue1: 1
  }
}
tracks {
  binding: POSITION
  targetid: 307
  targetname: "Template-PlayerControls.png"
  keytimes {
    datatype: AE_FLOAT_VECTOR_DATA
    timeOffset: 0
    inttype: AE_INTERP_LINEAR
    fvalue1: 960
    fvalue2: 1069
    fvalue3: 0
  }
  keytimes {
    datatype: AE_FLOAT_VECTOR_DATA
    timeOffset: 1
    inttype: AE_INTERP_LINEAR
    fvalue1: 960
    fvalue2: 1069
    fvalue3: 0
  }
  keytimes {
    datatype: AE_FLOAT_VECTOR_DATA
    timeOffset: 1.01666
    inttype: AE_INTERP_LINEAR
    fvalue1: 960
    fvalue2: 1067.9084
    fvalue3: 0
    isCookedKeytime: true
  }
  keytimes {
    datatype: AE_FLOAT_VECTOR_DATA
    timeOffset: 1.03332
    inttype: AE_INTERP_LINEAR
    fvalue1: 960
    fvalue2: 1063.99
    fvalue3: 0
    isCookedKeytime: true
  }
  keytimes {
    datatype: AE_FLOAT_VECTOR_DATA
    timeOffset: 1.0499799
    inttype: AE_INTERP_LINEAR
    fvalue1: 960
    fvalue2: 1055.7446
    fvalue3: 0
    isCookedKeytime: true
  }
  keytimes {
    datatype: AE_FLOAT_VECTOR_DATA
    timeOffset: 1.0666399
    inttype: AE_INTERP_LINEAR
    fvalue1: 960
    fvalue2: 1040.4507
    fvalue3: 0
    isCookedKeytime: true
  }
  keytimes {
    datatype: AE_FLOAT_VECTOR_DATA
    timeOffset: 1.0832999
    inttype: AE_INTERP_LINEAR
    fvalue1: 960
    fvalue2: 1013.9072
    fvalue3: 0
    isCookedKeytime: true
  }
  keytimes {
    datatype: AE_FLOAT_VECTOR_DATA
    timeOffset: 1.0999599
    inttype: AE_INTERP_LINEAR
    fvalue1: 960
    fvalue2: 976.13934
    fvalue3: 0
    isCookedKeytime: true
  }
  keytimes {
    datatype: AE_FLOAT_VECTOR_DATA
    timeOffset: 1.1166198
    inttype: AE_INTERP_LINEAR
    fvalue1: 960
    fvalue2: 939.06573
    fvalue3: 0
    isCookedKeytime: true
  }
  keytimes {
    datatype: AE_FLOAT_VECTOR_DATA
    timeOffset: 1.1332798
    inttype: AE_INTERP_LINEAR
    fvalue1: 960
    fvalue2: 909.72864
    fvalue3: 0
    isCookedKeytime: true
  }
  keytimes {
    datatype: AE_FLOAT_VECTOR_DATA
    timeOffset: 1.1499398
    inttype: AE_INTERP_LINEAR
    fvalue1: 960
    fvalue2: 887.05219
    fvalue3: 0
    isCookedKeytime: true
  }
  keytimes {
    datatype: AE_FLOAT_VECTOR_DATA
    timeOffset: 1.1665998
    inttype: AE_INTERP_LINEAR
    fvalue1: 960
    fvalue2: 869.07983
    fvalue3: 0
    isCookedKeytime: true
  }
  keytimes {
    datatype: AE_FLOAT_VECTOR_DATA
    timeOffset: 1.1832597
    inttype: AE_INTERP_LINEAR
    fvalue1: 960
    fvalue2: 854.44684
    fvalue3: 0
    isCookedKeytime: true
  }
  keytimes {
    datatype: AE_FLOAT_VECTOR_DATA
    timeOffset: 1.1999197
    inttype: AE_INTERP_LINEAR
    fvalue1: 960
    fvalue2: 842.29938
    fvalue3: 0
    isCookedKeytime: true
  }
  keytimes {
    datatype: AE_FLOAT_VECTOR_DATA
    timeOffset: 1.2165797
    inttype: AE_INTERP_LINEAR
    fvalue1: 960
    fvalue2: 832.06323
    fvalue3: 0
    isCookedKeytime: true
  }
  keytimes {
    datatype: AE_FLOAT_VECTOR_DATA
    timeOffset: 1.2332397
    inttype: AE_INTERP_LINEAR
    fvalue1: 960
    fvalue2: 823.3457
    fvalue3: 0
    isCookedKeytime: true
  }
  keytimes {
    datatype: AE_FLOAT_VECTOR_DATA
    timeOffset: 1.2498996
    inttype: AE_INTERP_LINEAR
    fvalue1: 960
    fvalue2: 815.86804
    fvalue3: 0
    isCookedKeytime: true
  }
  keytimes {
    datatype: AE_FLOAT_VECTOR_DATA
    timeOffset: 1.2665596
    inttype: AE_INTERP_LINEAR
    fvalue1: 960
    fvalue2: 809.42139
    fvalue3: 0
    isCookedKeytime: true
  }
  keytimes {
    datatype: AE_FLOAT_VECTOR_DATA
    timeOffset: 1.2832196
    inttype: AE_INTERP_LINEAR
    fvalue1: 960
    fvalue2: 803.85181
    fvalue3: 0
    isCookedKeytime: true
  }
  keytimes {
    datatype: AE_FLOAT_VECTOR_DATA
    timeOffset: 1.2998796
    inttype: AE_INTERP_LINEAR
    fvalue1: 960
    fvalue2: 799.03455
    fvalue3: 0
    isCookedKeytime: true
  }
  keytimes {
    datatype: AE_FLOAT_VECTOR_DATA
    timeOffset: 1.3165395
    inttype: AE_INTERP_LINEAR
    fvalue1: 960
    fvalue2: 794.87256
    fvalue3: 0
    isCookedKeytime: true
  }
  keytimes {
    datatype: AE_FLOAT_VECTOR_DATA
    timeOffset: 1.3331995
    inttype: AE_INTERP_LINEAR
    fvalue1: 960
    fvalue2: 791.28943
    fvalue3: 0
    isCookedKeytime: true
  }
  keytimes {
    datatype: AE_FLOAT_VECTOR_DATA
    timeOffset: 1.3498595
    inttype: AE_INTERP_LINEAR
    fvalue1: 960
    fvalue2: 788.2196
    fvalue3: 0
    isCookedKeytime: true
  }
  keytimes {
    datatype: AE_FLOAT_VECTOR_DATA
    timeOffset: 1.3665195
    inttype: AE_INTERP_LINEAR
    fvalue1: 960
    fvalue2: 785.60883
    fvalue3: 0
    isCookedKeytime: true
  }
  keytimes {
    datatype: AE_FLOAT_VECTOR_DATA
    timeOffset: 1.3831794
    inttype: AE_INTERP_LINEAR
    fvalue1: 960
    fvalue2: 783.41241
    fvalue3: 0
    isCookedKeytime: true
  }
  keytimes {
    datatype: AE_FLOAT_VECTOR_DATA
    timeOffset: 1.3998394
    inttype: AE_INTERP_LINEAR
    fvalue1: 960
    fvalue2: 781.59265
    fvalue3: 0
    isCookedKeytime: true
  }
  keytimes {
    datatype: AE_FLOAT_VECTOR_DATA
    timeOffset: 1.4164994
    inttype: AE_INTERP_LINEAR
    fvalue1: 960
    fvalue2: 780.11621
    fvalue3: 0
    isCookedKeytime: true
  }
  keytimes {
    datatype: AE_FLOAT_VECTOR_DATA
    timeOffset: 1.4331594
    inttype: AE_INTERP_LINEAR
    fvalue1: 960
    fvalue2: 778.95435
    fvalue3: 0
    isCookedKeytime: true
  }
  keytimes {
    datatype: AE_FLOAT_VECTOR_DATA
    timeOffset: 1.4498193
    inttype: AE_INTERP_LINEAR
    fvalue1: 960
    fvalue2: 778.08228
    fvalue3: 0
    isCookedKeytime: true
  }
  keytimes {
    datatype: AE_FLOAT_VECTOR_DATA
    timeOffset: 1.4664793
    inttype: AE_INTERP_LINEAR
    fvalue1: 960
    fvalue2: 777.47479
    fvalue3: 0
    isCookedKeytime: true
  }
  keytimes {
    datatype: AE_FLOAT_VECTOR_DATA
    timeOffset: 1.4831393
    inttype: AE_INTERP_LINEAR
    fvalue1: 960
    fvalue2: 777.1214
    fvalue3: 0
    isCookedKeytime: true
  }
  keytimes {
    datatype: AE_FLOAT_VECTOR_DATA
    timeOffset: 1.4997993
    inttype: AE_INTERP_LINEAR
    fvalue1: 960
    fvalue2: 777.00037
    fvalue3: 0
    isCookedKeytime: true
  }
  keytimes {
    datatype: AE_FLOAT_VECTOR_DATA
    timeOffset: 1.5
    inttype: AE_INTERP_LINEAR
    fvalue1: 960
    fvalue2: 777
    fvalue3: 0
  }
  keytimes {
    datatype: AE_FLOAT_VECTOR_DATA
    timeOffset: 1.51666
    inttype: AE_INTERP_LINEAR
    fvalue1: 960
    fvalue2: 777
    fvalue3: 0
    isCookedKeytime: true
  }
  keytimes {
    datatype: AE_FLOAT_VECTOR_DATA
    timeOffset: 1.53332
    inttype: AE_INTERP_LINEAR
    fvalue1: 960
    fvalue2: 777
    fvalue3: 0
    isCookedKeytime: true
  }
  keytimes {
    datatype: AE_FLOAT_VECTOR_DATA
    timeOffset: 1.5499799
    inttype: AE_INTERP_LINEAR
    fvalue1: 960
    fvalue2: 777
    fvalue3: 0
    isCookedKeytime: true
  }
  keytimes {
    datatype: AE_FLOAT_VECTOR_DATA
    timeOffset: 1.5666399
    inttype: AE_INTERP_LINEAR
    fvalue1: 960
    fvalue2: 777
    fvalue3: 0
    isCookedKeytime: true
  }
  keytimes {
    datatype: AE_FLOAT_VECTOR_DATA
    timeOffset: 1.5832999
    inttype: AE_INTERP_LINEAR
    fvalue1: 960
    fvalue2: 777
    fvalue3: 0
    isCookedKeytime: true
  }
  keytimes {
    datatype: AE_FLOAT_VECTOR_DATA
    timeOffset: 1.5999599
    inttype: AE_INTERP_LINEAR
    fvalue1: 960
    fvalue2: 777
    fvalue3: 0
    isCookedKeytime: true
  }
  keytimes {
    datatype: AE_FLOAT_VECTOR_DATA
    timeOffset: 1.6166198
    inttype: AE_INTERP_LINEAR
    fvalue1: 960
    fvalue2: 777
    fvalue3: 0
    isCookedKeytime: true
  }
  keytimes {
    datatype: AE_FLOAT_VECTOR_DATA
    timeOffset: 1.6332798
    inttype: AE_INTERP_LINEAR
    fvalue1: 960
    fvalue2: 777
    fvalue3: 0
    isCookedKeytime: true
  }
  keytimes {
    datatype: AE_FLOAT_VECTOR_DATA
    timeOffset: 1.6499398
    inttype: AE_INTERP_LINEAR
    fvalue1: 960
    fvalue2: 777
    fvalue3: 0
    isCookedKeytime: true
  }
  keytimes {
    datatype: AE_FLOAT_VECTOR_DATA
    timeOffset: 1.6665998
    inttype: AE_INTERP_LINEAR
    fvalue1: 960
    fvalue2: 777
    fvalue3: 0
    isCookedKeytime: true
  }
  keytimes {
    datatype: AE_FLOAT_VECTOR_DATA
    timeOffset: 1.6832597
    inttype: AE_INTERP_LINEAR
    fvalue1: 960
    fvalue2: 777
    fvalue3: 0
    isCookedKeytime: true
  }
  keytimes {
    datatype: AE_FLOAT_VECTOR_DATA
    timeOffset: 1.6999197
    inttype: AE_INTERP_LINEAR
    fvalue1: 960
    fvalue2: 777
    fvalue3: 0
    isCookedKeytime: true
  }
  keytimes {
    datatype: AE_FLOAT_VECTOR_DATA
    timeOffset: 1.7165797
    inttype: AE_INTERP_LINEAR
    fvalue1: 960
    fvalue2: 777
    fvalue3: 0
    isCookedKeytime: true
  }
  keytimes {
    datatype: AE_FLOAT_VECTOR_DATA
    timeOffset: 1.7332397
    inttype: AE_INTERP_LINEAR
    fvalue1: 960
    fvalue2: 777
    fvalue3: 0
    isCookedKeytime: true
  }
  keytimes {
    datatype: AE_FLOAT_VECTOR_DATA
    timeOffset: 1.7498996
    inttype: AE_INTERP_LINEAR
    fvalue1: 960
    fvalue2: 777
    fvalue3: 0
    isCookedKeytime: true
  }
  keytimes {
    datatype: AE_FLOAT_VECTOR_DATA
    timeOffset: 1.7665596
    inttype: AE_INTERP_LINEAR
    fvalue1: 960
    fvalue2: 777
    fvalue3: 0
    isCookedKeytime: true
  }
  keytimes {
    datatype: AE_FLOAT_VECTOR_DATA
    timeOffset: 1.7832196
    inttype: AE_INTERP_LINEAR
    fvalue1: 960
    fvalue2: 777
    fvalue3: 0
    isCookedKeytime: true
  }
  keytimes {
    datatype: AE_FLOAT_VECTOR_DATA
    timeOffset: 1.7998796
    inttype: AE_INTERP_LINEAR
    fvalue1: 960
    fvalue2: 777
    fvalue3: 0
    isCookedKeytime: true
  }
  keytimes {
    datatype: AE_FLOAT_VECTOR_DATA
    timeOffset: 1.8165395
    inttype: AE_INTERP_LINEAR
    fvalue1: 960
    fvalue2: 777
    fvalue3: 0
    isCookedKeytime: true
  }
  keytimes {
    datatype: AE_FLOAT_VECTOR_DATA
    timeOffset: 1.8331995
    inttype: AE_INTERP_LINEAR
    fvalue1: 960
    fvalue2: 777
    fvalue3: 0
    isCookedKeytime: true
  }
  keytimes {
    datatype: AE_FLOAT_VECTOR_DATA
    timeOffset: 1.8498595
    inttype: AE_INTERP_LINEAR
    fvalue1: 960
    fvalue2: 777
    fvalue3: 0
    isCookedKeytime: true
  }
  keytimes {
    datatype: AE_FLOAT_VECTOR_DATA
    timeOffset: 1.8665195
    inttype: AE_INTERP_LINEAR
    fvalue1: 960
    fvalue2: 777
    fvalue3: 0
    isCookedKeytime: true
  }
  keytimes {
    datatype: AE_FLOAT_VECTOR_DATA
    timeOffset: 1.8831794
    inttype: AE_INTERP_LINEAR
    fvalue1: 960
    fvalue2: 777
    fvalue3: 0
    isCookedKeytime: true
  }
  keytimes {
    datatype: AE_FLOAT_VECTOR_DATA
    timeOffset: 1.8998394
    inttype: AE_INTERP_LINEAR
    fvalue1: 960
    fvalue2: 777
    fvalue3: 0
    isCookedKeytime: true
  }
  keytimes {
    datatype: AE_FLOAT_VECTOR_DATA
    timeOffset: 1.9164994
    inttype: AE_INTERP_LINEAR
    fvalue1: 960
    fvalue2: 777
    fvalue3: 0
    isCookedKeytime: true
  }
  keytimes {
    datatype: AE_FLOAT_VECTOR_DATA
    timeOffset: 1.9331594
    inttype: AE_INTERP_LINEAR
    fvalue1: 960
    fvalue2: 777
    fvalue3: 0
    isCookedKeytime: true
  }
  keytimes {
    datatype: AE_FLOAT_VECTOR_DATA
    timeOffset: 1.9498193
    inttype: AE_INTERP_LINEAR
    fvalue1: 960
    fvalue2: 777
    fvalue3: 0
    isCookedKeytime: true
  }
  keytimes {
    datatype: AE_FLOAT_VECTOR_DATA
    timeOffset: 1.9664793
    inttype: AE_INTERP_LINEAR
    fvalue1: 960
    fvalue2: 777
    fvalue3: 0
    isCookedKeytime: true
  }
  keytimes {
    datatype: AE_FLOAT_VECTOR_DATA
    timeOffset: 1.9831393
    inttype: AE_INTERP_LINEAR
    fvalue1: 960
    fvalue2: 777
    fvalue3: 0
    isCookedKeytime: true
  }
  keytimes {
    datatype: AE_FLOAT_VECTOR_DATA
    timeOffset: 1.9997993
    inttype: AE_INTERP_LINEAR
    fvalue1: 960
    fvalue2: 777
    fvalue3: 0
    isCookedKeytime: true
  }
  keytimes {
    datatype: AE_FLOAT_VECTOR_DATA
    timeOffset: 2.0164592
    inttype: AE_INTERP_LINEAR
    fvalue1: 960
    fvalue2: 777
    fvalue3: 0
    isCookedKeytime: true
  }
  keytimes {
    datatype: AE_FLOAT_VECTOR_DATA
    timeOffset: 2.0331192
    inttype: AE_INTERP_LINEAR
    fvalue1: 960
    fvalue2: 777
    fvalue3: 0
    isCookedKeytime: true
  }
  keytimes {
    datatype: AE_FLOAT_VECTOR_DATA
    timeOffset: 2.0497792
    inttype: AE_INTERP_LINEAR
    fvalue1: 960
    fvalue2: 777
    fvalue3: 0
    isCookedKeytime: true
  }
  keytimes {
    datatype: AE_FLOAT_VECTOR_DATA
    timeOffset: 2.0664392
    inttype: AE_INTERP_LINEAR
    fvalue1: 960
    fvalue2: 777
    fvalue3: 0
    isCookedKeytime: true
  }
  keytimes {
    datatype: AE_FLOAT_VECTOR_DATA
    timeOffset: 2.0830991
    inttype: AE_INTERP_LINEAR
    fvalue1: 960
    fvalue2: 777
    fvalue3: 0
    isCookedKeytime: true
  }
  keytimes {
    datatype: AE_FLOAT_VECTOR_DATA
    timeOffset: 2.0997591
    inttype: AE_INTERP_LINEAR
    fvalue1: 960
    fvalue2: 777
    fvalue3: 0
    isCookedKeytime: true
  }
  keytimes {
    datatype: AE_FLOAT_VECTOR_DATA
    timeOffset: 2.1164191
    inttype: AE_INTERP_LINEAR
    fvalue1: 960
    fvalue2: 777
    fvalue3: 0
    isCookedKeytime: true
  }
  keytimes {
    datatype: AE_FLOAT_VECTOR_DATA
    timeOffset: 2.1330791
    inttype: AE_INTERP_LINEAR
    fvalue1: 960
    fvalue2: 777
    fvalue3: 0
    isCookedKeytime: true
  }
  keytimes {
    datatype: AE_FLOAT_VECTOR_DATA
    timeOffset: 2.149739
    inttype: AE_INTERP_LINEAR
    fvalue1: 960
    fvalue2: 777
    fvalue3: 0
    isCookedKeytime: true
  }
  keytimes {
    datatype: AE_FLOAT_VECTOR_DATA
    timeOffset: 2.166399
    inttype: AE_INTERP_LINEAR
    fvalue1: 960
    fvalue2: 777
    fvalue3: 0
    isCookedKeytime: true
  }
  keytimes {
    datatype: AE_FLOAT_VECTOR_DATA
    timeOffset: 2.183059
    inttype: AE_INTERP_LINEAR
    fvalue1: 960
    fvalue2: 777
    fvalue3: 0
    isCookedKeytime: true
  }
  keytimes {
    datatype: AE_FLOAT_VECTOR_DATA
    timeOffset: 2.199719
    inttype: AE_INTERP_LINEAR
    fvalue1: 960
    fvalue2: 777
    fvalue3: 0
    isCookedKeytime: true
  }
  keytimes {
    datatype: AE_FLOAT_VECTOR_DATA
    timeOffset: 2.2163789
    inttype: AE_INTERP_LINEAR
    fvalue1: 960
    fvalue2: 777
    fvalue3: 0
    isCookedKeytime: true
  }
  keytimes {
    datatype: AE_FLOAT_VECTOR_DATA
    timeOffset: 2.2330389
    inttype: AE_INTERP_LINEAR
    fvalue1: 960
    fvalue2: 777
    fvalue3: 0
    isCookedKeytime: true
  }
  keytimes {
    datatype: AE_FLOAT_VECTOR_DATA
    timeOffset: 2.2496989
    inttype: AE_INTERP_LINEAR
    fvalue1: 960
    fvalue2: 777
    fvalue3: 0
    isCookedKeytime: true
  }
  keytimes {
    datatype: AE_FLOAT_VECTOR_DATA
    timeOffset: 2.2663589
    inttype: AE_INTERP_LINEAR
    fvalue1: 960
    fvalue2: 777
    fvalue3: 0
    isCookedKeytime: true
  }
  keytimes {
    datatype: AE_FLOAT_VECTOR_DATA
    timeOffset: 2.2830188
    inttype: AE_INTERP_LINEAR
    fvalue1: 960
    fvalue2: 777
    fvalue3: 0
    isCookedKeytime: true
  }
  keytimes {
    datatype: AE_FLOAT_VECTOR_DATA
    timeOffset: 2.2996788
    inttype: AE_INTERP_LINEAR
    fvalue1: 960
    fvalue2: 777
    fvalue3: 0
    isCookedKeytime: true
  }
  keytimes {
    datatype: AE_FLOAT_VECTOR_DATA
    timeOffset: 2.3163388
    inttype: AE_INTERP_LINEAR
    fvalue1: 960
    fvalue2: 777
    fvalue3: 0
    isCookedKeytime: true
  }
  keytimes {
    datatype: AE_FLOAT_VECTOR_DATA
    timeOffset: 2.3329988
    inttype: AE_INTERP_LINEAR
    fvalue1: 960
    fvalue2: 777
    fvalue3: 0
    isCookedKeytime: true
  }
  keytimes {
    datatype: AE_FLOAT_VECTOR_DATA
    timeOffset: 2.3496587
    inttype: AE_INTERP_LINEAR
    fvalue1: 960
    fvalue2: 777
    fvalue3: 0
    isCookedKeytime: true
  }
  keytimes {
    datatype: AE_FLOAT_VECTOR_DATA
    timeOffset: 2.3663187
    inttype: AE_INTERP_LINEAR
    fvalue1: 960
    fvalue2: 777
    fvalue3: 0
    isCookedKeytime: true
  }
  keytimes {
    datatype: AE_FLOAT_VECTOR_DATA
    timeOffset: 2.3829787
    inttype: AE_INTERP_LINEAR
    fvalue1: 960
    fvalue2: 777
    fvalue3: 0
    isCookedKeytime: true
  }
  keytimes {
    datatype: AE_FLOAT_VECTOR_DATA
    timeOffset: 2.3996387
    inttype: AE_INTERP_LINEAR
    fvalue1: 960
    fvalue2: 777
    fvalue3: 0
    isCookedKeytime: true
  }
  keytimes {
    datatype: AE_FLOAT_VECTOR_DATA
    timeOffset: 2.4162986
    inttype: AE_INTERP_LINEAR
    fvalue1: 960
    fvalue2: 777
    fvalue3: 0
    isCookedKeytime: true
  }
  keytimes {
    datatype: AE_FLOAT_VECTOR_DATA
    timeOffset: 2.4329586
    inttype: AE_INTERP_LINEAR
    fvalue1: 960
    fvalue2: 777
    fvalue3: 0
    isCookedKeytime: true
  }
  keytimes {
    datatype: AE_FLOAT_VECTOR_DATA
    timeOffset: 2.4496186
    inttype: AE_INTERP_LINEAR
    fvalue1: 960
    fvalue2: 777
    fvalue3: 0
    isCookedKeytime: true
  }
  keytimes {
    datatype: AE_FLOAT_VECTOR_DATA
    timeOffset: 2.4662786
    inttype: AE_INTERP_LINEAR
    fvalue1: 960
    fvalue2: 777
    fvalue3: 0
    isCookedKeytime: true
  }
  keytimes {
    datatype: AE_FLOAT_VECTOR_DATA
    timeOffset: 2.4829385
    inttype: AE_INTERP_LINEAR
    fvalue1: 960
    fvalue2: 777
    fvalue3: 0
    isCookedKeytime: true
  }
  keytimes {
    datatype: AE_FLOAT_VECTOR_DATA
    timeOffset: 2.4995985
    inttype: AE_INTERP_LINEAR
    fvalue1: 960
    fvalue2: 777
    fvalue3: 0
    isCookedKeytime: true
  }
  keytimes {
    datatype: AE_FLOAT_VECTOR_DATA
    timeOffset: 2.5162585
    inttype: AE_INTERP_LINEAR
    fvalue1: 960
    fvalue2: 777
    fvalue3: 0
    isCookedKeytime: true
  }
  keytimes {
    datatype: AE_FLOAT_VECTOR_DATA
    timeOffset: 2.5329185
    inttype: AE_INTERP_LINEAR
    fvalue1: 960
    fvalue2: 777
    fvalue3: 0
    isCookedKeytime: true
  }
  keytimes {
    datatype: AE_FLOAT_VECTOR_DATA
    timeOffset: 2.5495784
    inttype: AE_INTERP_LINEAR
    fvalue1: 960
    fvalue2: 777
    fvalue3: 0
    isCookedKeytime: true
  }
  keytimes {
    datatype: AE_FLOAT_VECTOR_DATA
    timeOffset: 2.5662384
    inttype: AE_INTERP_LINEAR
    fvalue1: 960
    fvalue2: 777
    fvalue3: 0
    isCookedKeytime: true
  }
  keytimes {
    datatype: AE_FLOAT_VECTOR_DATA
    timeOffset: 2.5828984
    inttype: AE_INTERP_LINEAR
    fvalue1: 960
    fvalue2: 777
    fvalue3: 0
    isCookedKeytime: true
  }
  keytimes {
    datatype: AE_FLOAT_VECTOR_DATA
    timeOffset: 2.5995584
    inttype: AE_INTERP_LINEAR
    fvalue1: 960
    fvalue2: 777
    fvalue3: 0
    isCookedKeytime: true
  }
  keytimes {
    datatype: AE_FLOAT_VECTOR_DATA
    timeOffset: 2.6162183
    inttype: AE_INTERP_LINEAR
    fvalue1: 960
    fvalue2: 777
    fvalue3: 0
    isCookedKeytime: true
  }
  keytimes {
    datatype: AE_FLOAT_VECTOR_DATA
    timeOffset: 2.6328783
    inttype: AE_INTERP_LINEAR
    fvalue1: 960
    fvalue2: 777
    fvalue3: 0
    isCookedKeytime: true
  }
  keytimes {
    datatype: AE_FLOAT_VECTOR_DATA
    timeOffset: 2.6495383
    inttype: AE_INTERP_LINEAR
    fvalue1: 960
    fvalue2: 777
    fvalue3: 0
    isCookedKeytime: true
  }
  keytimes {
    datatype: AE_FLOAT_VECTOR_DATA
    timeOffset: 2.6661983
    inttype: AE_INTERP_LINEAR
    fvalue1: 960
    fvalue2: 777
    fvalue3: 0
    isCookedKeytime: true
  }
  keytimes {
    datatype: AE_FLOAT_VECTOR_DATA
    timeOffset: 2.6828582
    inttype: AE_INTERP_LINEAR
    fvalue1: 960
    fvalue2: 777
    fvalue3: 0
    isCookedKeytime: true
  }
  keytimes {
    datatype: AE_FLOAT_VECTOR_DATA
    timeOffset: 2.6995182
    inttype: AE_INTERP_LINEAR
    fvalue1: 960
    fvalue2: 777
    fvalue3: 0
    isCookedKeytime: true
  }
  keytimes {
    datatype: AE_FLOAT_VECTOR_DATA
    timeOffset: 2.7161782
    inttype: AE_INTERP_LINEAR
    fvalue1: 960
    fvalue2: 777
    fvalue3: 0
    isCookedKeytime: true
  }
  keytimes {
    datatype: AE_FLOAT_VECTOR_DATA
    timeOffset: 2.7328382
    inttype: AE_INTERP_LINEAR
    fvalue1: 960
    fvalue2: 777
    fvalue3: 0
    isCookedKeytime: true
  }
  keytimes {
    datatype: AE_FLOAT_VECTOR_DATA
    timeOffset: 2.7494981
    inttype: AE_INTERP_LINEAR
    fvalue1: 960
    fvalue2: 777
    fvalue3: 0
    isCookedKeytime: true
  }
  keytimes {
    datatype: AE_FLOAT_VECTOR_DATA
    timeOffset: 2.7661581
    inttype: AE_INTERP_LINEAR
    fvalue1: 960
    fvalue2: 777
    fvalue3: 0
    isCookedKeytime: true
  }
  keytimes {
    datatype: AE_FLOAT_VECTOR_DATA
    timeOffset: 2.7828181
    inttype: AE_INTERP_LINEAR
    fvalue1: 960
    fvalue2: 777
    fvalue3: 0
    isCookedKeytime: true
  }
  keytimes {
    datatype: AE_FLOAT_VECTOR_DATA
    timeOffset: 2.7994781
    inttype: AE_INTERP_LINEAR
    fvalue1: 960
    fvalue2: 777
    fvalue3: 0
    isCookedKeytime: true
  }
  keytimes {
    datatype: AE_FLOAT_VECTOR_DATA
    timeOffset: 2.816138
    inttype: AE_INTERP_LINEAR
    fvalue1: 960
    fvalue2: 777
    fvalue3: 0
    isCookedKeytime: true
  }
  keytimes {
    datatype: AE_FLOAT_VECTOR_DATA
    timeOffset: 2.832798
    inttype: AE_INTERP_LINEAR
    fvalue1: 960
    fvalue2: 777
    fvalue3: 0
    isCookedKeytime: true
  }
  keytimes {
    datatype: AE_FLOAT_VECTOR_DATA
    timeOffset: 2.849458
    inttype: AE_INTERP_LINEAR
    fvalue1: 960
    fvalue2: 777
    fvalue3: 0
    isCookedKeytime: true
  }
  keytimes {
    datatype: AE_FLOAT_VECTOR_DATA
    timeOffset: 2.866118
    inttype: AE_INTERP_LINEAR
    fvalue1: 960
    fvalue2: 777
    fvalue3: 0
    isCookedKeytime: true
  }
  keytimes {
    datatype: AE_FLOAT_VECTOR_DATA
    timeOffset: 2.8827779
    inttype: AE_INTERP_LINEAR
    fvalue1: 960
    fvalue2: 777
    fvalue3: 0
    isCookedKeytime: true
  }
  keytimes {
    datatype: AE_FLOAT_VECTOR_DATA
    timeOffset: 2.8994379
    inttype: AE_INTERP_LINEAR
    fvalue1: 960
    fvalue2: 777
    fvalue3: 0
    isCookedKeytime: true
  }
  keytimes {
    datatype: AE_FLOAT_VECTOR_DATA
    timeOffset: 2.9160979
    inttype: AE_INTERP_LINEAR
    fvalue1: 960
    fvalue2: 777
    fvalue3: 0
    isCookedKeytime: true
  }
  keytimes {
    datatype: AE_FLOAT_VECTOR_DATA
    timeOffset: 2.9327579
    inttype: AE_INTERP_LINEAR
    fvalue1: 960
    fvalue2: 777
    fvalue3: 0
    isCookedKeytime: true
  }
  keytimes {
    datatype: AE_FLOAT_VECTOR_DATA
    timeOffset: 2.9494178
    inttype: AE_INTERP_LINEAR
    fvalue1: 960
    fvalue2: 777
    fvalue3: 0
    isCookedKeytime: true
  }
  keytimes {
    datatype: AE_FLOAT_VECTOR_DATA
    timeOffset: 2.9660778
    inttype: AE_INTERP_LINEAR
    fvalue1: 960
    fvalue2: 777
    fvalue3: 0
    isCookedKeytime: true
  }
  keytimes {
    datatype: AE_FLOAT_VECTOR_DATA
    timeOffset: 2.9827378
    inttype: AE_INTERP_LINEAR
    fvalue1: 960
    fvalue2: 777
    fvalue3: 0
    isCookedKeytime: true
  }
  keytimes {
    datatype: AE_FLOAT_VECTOR_DATA
    timeOffset: 2.9993978
    inttype: AE_INTERP_LINEAR
    fvalue1: 960
    fvalue2: 777
    fvalue3: 0
    isCookedKeytime: true
  }
  keytimes {
    datatype: AE_FLOAT_VECTOR_DATA
    timeOffset: 3
    inttype: AE_INTERP_LINEAR
    fvalue1: 960
    fvalue2: 777
    fvalue3: 0
  }
  keytimes {
    datatype: AE_FLOAT_VECTOR_DATA
    timeOffset: 3.01666
    inttype: AE_INTERP_LINEAR
    fvalue1: 960
    fvalue2: 777.10809
    fvalue3: 0
    isCookedKeytime: true
  }
  keytimes {
    datatype: AE_FLOAT_VECTOR_DATA
    timeOffset: 3.03332
    inttype: AE_INTERP_LINEAR
    fvalue1: 960
    fvalue2: 777.44714
    fvalue3: 0
    isCookedKeytime: true
  }
  keytimes {
    datatype: AE_FLOAT_VECTOR_DATA
    timeOffset: 3.04998
    inttype: AE_INTERP_LINEAR
    fvalue1: 960
    fvalue2: 778.03949
    fvalue3: 0
    isCookedKeytime: true
  }
  keytimes {
    datatype: AE_FLOAT_VECTOR_DATA
    timeOffset: 3.06664
    inttype: AE_INTERP_LINEAR
    fvalue1: 960
    fvalue2: 778.89539
    fvalue3: 0
    isCookedKeytime: true
  }
  keytimes {
    datatype: AE_FLOAT_VECTOR_DATA
    timeOffset: 3.0832999
    inttype: AE_INTERP_LINEAR
    fvalue1: 960
    fvalue2: 780.03955
    fvalue3: 0
    isCookedKeytime: true
  }
  keytimes {
    datatype: AE_FLOAT_VECTOR_DATA
    timeOffset: 3.0999599
    inttype: AE_INTERP_LINEAR
    fvalue1: 960
    fvalue2: 781.49683
    fvalue3: 0
    isCookedKeytime: true
  }
  keytimes {
    datatype: AE_FLOAT_VECTOR_DATA
    timeOffset: 3.1166198
    inttype: AE_INTERP_LINEAR
    fvalue1: 960
    fvalue2: 783.29553
    fvalue3: 0
    isCookedKeytime: true
  }
  keytimes {
    datatype: AE_FLOAT_VECTOR_DATA
    timeOffset: 3.1332798
    inttype: AE_INTERP_LINEAR
    fvalue1: 960
    fvalue2: 785.46893
    fvalue3: 0
    isCookedKeytime: true
  }
  keytimes {
    datatype: AE_FLOAT_VECTOR_DATA
    timeOffset: 3.1499398
    inttype: AE_INTERP_LINEAR
    fvalue1: 960
    fvalue2: 788.05457
    fvalue3: 0
    isCookedKeytime: true
  }
  keytimes {
    datatype: AE_FLOAT_VECTOR_DATA
    timeOffset: 3.1665998
    inttype: AE_INTERP_LINEAR
    fvalue1: 960
    fvalue2: 791.09619
    fvalue3: 0
    isCookedKeytime: true
  }
  keytimes {
    datatype: AE_FLOAT_VECTOR_DATA
    timeOffset: 3.1832597
    inttype: AE_INTERP_LINEAR
    fvalue1: 960
    fvalue2: 794.647
    fvalue3: 0
    isCookedKeytime: true
  }
  keytimes {
    datatype: AE_FLOAT_VECTOR_DATA
    timeOffset: 3.1999197
    inttype: AE_INTERP_LINEAR
    fvalue1: 960
    fvalue2: 798.77252
    fvalue3: 0
    isCookedKeytime: true
  }
  keytimes {
    datatype: AE_FLOAT_VECTOR_DATA
    timeOffset: 3.2165797
    inttype: AE_INTERP_LINEAR
    fvalue1: 960
    fvalue2: 803.54944
    fvalue3: 0
    isCookedKeytime: true
  }
  keytimes {
    datatype: AE_FLOAT_VECTOR_DATA
    timeOffset: 3.2332397
    inttype: AE_INTERP_LINEAR
    fvalue1: 960
    fvalue2: 809.07172
    fvalue3: 0
    isCookedKeytime: true
  }
  keytimes {
    datatype: AE_FLOAT_VECTOR_DATA
    timeOffset: 3.2498996
    inttype: AE_INTERP_LINEAR
    fvalue1: 960
    fvalue2: 815.46265
    fvalue3: 0
    isCookedKeytime: true
  }
  keytimes {
    datatype: AE_FLOAT_VECTOR_DATA
    timeOffset: 3.2665596
    inttype: AE_INTERP_LINEAR
    fvalue1: 960
    fvalue2: 822.87573
    fvalue3: 0
    isCookedKeytime: true
  }
  keytimes {
    datatype: AE_FLOAT_VECTOR_DATA
    timeOffset: 3.2832196
    inttype: AE_INTERP_LINEAR
    fvalue1: 960
    fvalue2: 831.512
    fvalue3: 0
    isCookedKeytime: true
  }
  keytimes {
    datatype: AE_FLOAT_VECTOR_DATA
    timeOffset: 3.2998796
    inttype: AE_INTERP_LINEAR
    fvalue1: 960
    fvalue2: 841.65045
    fvalue3: 0
    isCookedKeytime: true
  }
  keytimes {
    datatype: AE_FLOAT_VECTOR_DATA
    timeOffset: 3.3165395
    inttype: AE_INTERP_LINEAR
    fvalue1: 960
    fvalue2: 853.67065
    fvalue3: 0
    isCookedKeytime: true
  }
  keytimes {
    datatype: AE_FLOAT_VECTOR_DATA
    timeOffset: 3.3331995
    inttype: AE_INTERP_LINEAR
    fvalue1: 960
    fvalue2: 868.13666
    fvalue3: 0
    isCookedKeytime: true
  }
  keytimes {
    datatype: AE_FLOAT_VECTOR_DATA
    timeOffset: 3.3498595
    inttype: AE_INTERP_LINEAR
    fvalue1: 960
    fvalue2: 885.88391
    fvalue3: 0
    isCookedKeytime: true
  }
  keytimes {
    datatype: AE_FLOAT_VECTOR_DATA
    timeOffset: 3.3665195
    inttype: AE_INTERP_LINEAR
    fvalue1: 960
    fvalue2: 908.23438
    fvalue3: 0
    isCookedKeytime: true
  }
  keytimes {
    datatype: AE_FLOAT_VECTOR_DATA
    timeOffset: 3.3831794
    inttype: AE_INTERP_LINEAR
    fvalue1: 960
    fvalue2: 937.12213
    fvalue3: 0
    isCookedKeytime: true
  }
  keytimes {
    datatype: AE_FLOAT_VECTOR_DATA
    timeOffset: 3.3998394
    inttype: AE_INTERP_LINEAR
    fvalue1: 960
    fvalue2: 973.80896
    fvalue3: 0
    isCookedKeytime: true
  }
  keytimes {
    datatype: AE_FLOAT_VECTOR_DATA
    timeOffset: 3.4164994
    inttype: AE_INTERP_LINEAR
    fvalue1: 960
    fvalue2: 1011.9328
    fvalue3: 0
    isCookedKeytime: true
  }
  keytimes {
    datatype: AE_FLOAT_VECTOR_DATA
    timeOffset: 3.4331594
    inttype: AE_INTERP_LINEAR
    fvalue1: 960
    fvalue2: 1039.2472
    fvalue3: 0
    isCookedKeytime: true
  }
  keytimes {
    datatype: AE_FLOAT_VECTOR_DATA
    timeOffset: 3.4498193
    inttype: AE_INTERP_LINEAR
    fvalue1: 960
    fvalue2: 1055.0773
    fvalue3: 0
    isCookedKeytime: true
  }
  keytimes {
    datatype: AE_FLOAT_VECTOR_DATA
    timeOffset: 3.4664793
    inttype: AE_INTERP_LINEAR
    fvalue1: 960
    fvalue2: 1063.6448
    fvalue3: 0
    isCookedKeytime: true
  }
  keytimes {
    datatype: AE_FLOAT_VECTOR_DATA
    timeOffset: 3.4831393
    inttype: AE_INTERP_LINEAR
    fvalue1: 960
    fvalue2: 1067.7671
    fvalue3: 0
    isCookedKeytime: true
  }
  keytimes {
    datatype: AE_FLOAT_VECTOR_DATA
    timeOffset: 3.4997993
    inttype: AE_INTERP_LINEAR
    fvalue1: 960
    fvalue2: 1068.9967
    fvalue3: 0
    isCookedKeytime: true
  }
  keytimes {
    datatype: AE_FLOAT_VECTOR_DATA
    timeOffset: 3.5
    inttype: AE_INTERP_LINEAR
    fvalue1: 960
    fvalue2: 1069
    fvalue3: 0
  }
  trackName: "Position"
}
tracks {
  binding: OPACITY
  targetid: 307
  targetname: "Template-PlayerControls.png"
  keytimes {
    datatype: AE_FLOAT_DATA
    timeOffset: 0
    inttype: AE_INTERP_LINEAR
    fvalue1: 0
  }
  keytimes {
    datatype: AE_FLOAT_DATA
    timeOffset: 1
    inttype: AE_INTERP_LINEAR
    fvalue1: 0
  }
  keytimes {
    datatype: AE_FLOAT_DATA
    timeOffset: 1.01666
    inttype: AE_INTERP_LINEAR
    fvalue1: 0.0037387344
    isCookedKeytime: true
  }
  keytimes {
    datatype: AE_FLOAT_DATA
    timeOffset: 1.03332
    inttype: AE_INTERP_LINEAR
    fvalue1: 0.017157584
    isCookedKeytime: true
  }
  keytimes {
    datatype: AE_FLOAT_DATA
    timeOffset: 1.0499799
    inttype: AE_INTERP_LINEAR
    fvalue1: 0.045391418
    isCookedKeytime: true
  }
  keytimes {
    datatype: AE_FLOAT_DATA
    timeOffset: 1.0666399
    inttype: AE_INTERP_LINEAR
    fvalue1: 0.097768612
    isCookedKeytime: true
  }
  keytimes {
    datatype: AE_FLOAT_DATA
    timeOffset: 1.0832999
    inttype: AE_INTERP_LINEAR
    fvalue1: 0.18867412
    isCookedKeytime: true
  }
  keytimes {
    datatype: AE_FLOAT_DATA
    timeOffset: 1.0999599
    inttype: AE_INTERP_LINEAR
    fvalue1: 0.31800389
    isCookedKeytime: true
  }
  keytimes {
    datatype: AE_FLOAT_DATA
    timeOffset: 1.1166198
    inttype: AE_INTERP_LINEAR
    fvalue1: 0.44497874
    isCookedKeytime: true
  }
  keytimes {
    datatype: AE_FLOAT_DATA
    timeOffset: 1.1332798
    inttype: AE_INTERP_LINEAR
    fvalue1: 0.54545271
    isCookedKeytime: true
  }
  keytimes {
    datatype: AE_FLOAT_DATA
    timeOffset: 1.1499398
    inttype: AE_INTERP_LINEAR
    fvalue1: 0.6231119
    isCookedKeytime: true
  }
  keytimes {
    datatype: AE_FLOAT_DATA
    timeOffset: 1.1665998
    inttype: AE_INTERP_LINEAR
    fvalue1: 0.68467665
    isCookedKeytime: true
  }
  keytimes {
    datatype: AE_FLOAT_DATA
    timeOffset: 1.1832597
    inttype: AE_INTERP_LINEAR
    fvalue1: 0.73477507
    isCookedKeytime: true
  }
  keytimes {
    datatype: AE_FLOAT_DATA
    timeOffset: 1.1999197
    inttype: AE_INTERP_LINEAR
    fvalue1: 0.77637434
    isCookedKeytime: true
  }
  keytimes {
    datatype: AE_FLOAT_DATA
    timeOffset: 1.2165797
    inttype: AE_INTERP_LINEAR
    fvalue1: 0.81142938
    isCookedKeytime: true
  }
  keytimes {
    datatype: AE_FLOAT_DATA
    timeOffset: 1.2332397
    inttype: AE_INTERP_LINEAR
    fvalue1: 0.84128278
    isCookedKeytime: true
  }
  keytimes {
    datatype: AE_FLOAT_DATA
    timeOffset: 1.2498996
    inttype: AE_INTERP_LINEAR
    fvalue1: 0.86689305
    isCookedKeytime: true
  }
  keytimes {
    datatype: AE_FLOAT_DATA
    timeOffset: 1.2665596
    inttype: AE_INTERP_LINEAR
    fvalue1: 0.88896787
    isCookedKeytime: true
  }
  keytimes {
    datatype: AE_FLOAT_DATA
    timeOffset: 1.2832196
    inttype: AE_INTERP_LINEAR
    fvalue1: 0.90804482
    isCookedKeytime: true
  }
  keytimes {
    datatype: AE_FLOAT_DATA
    timeOffset: 1.2998796
    inttype: AE_INTERP_LINEAR
    fvalue1: 0.92454231
    isCookedKeytime: true
  }
  keytimes {
    datatype: AE_FLOAT_DATA
    timeOffset: 1.3165395
    inttype: AE_INTERP_LINEAR
    fvalue1: 0.93879271
    isCookedKeytime: true
  }
  keytimes {
    datatype: AE_FLOAT_DATA
    timeOffset: 1.3331995
    inttype: AE_INTERP_LINEAR
    fvalue1: 0.95106477
    isCookedKeytime: true
  }
  keytimes {
    datatype: AE_FLOAT_DATA
    timeOffset: 1.3498595
    inttype: AE_INTERP_LINEAR
    fvalue1: 0.96157908
    isCookedKeytime: true
  }
  keytimes {
    datatype: AE_FLOAT_DATA
    timeOffset: 1.3665195
    inttype: AE_INTERP_LINEAR
    fvalue1: 0.97051919
    isCookedKeytime: true
  }
  keytimes {
    datatype: AE_FLOAT_DATA
    timeOffset: 1.3831794
    inttype: AE_INTERP_LINEAR
    fvalue1: 0.97803962
    isCookedKeytime: true
  }
  keytimes {
    datatype: AE_FLOAT_DATA
    timeOffset: 1.3998394
    inttype: AE_INTERP_LINEAR
    fvalue1: 0.98427171
    isCookedKeytime: true
  }
  keytimes {
    datatype: AE_FLOAT_DATA
    timeOffset: 1.4164994
    inttype: AE_INTERP_LINEAR
    fvalue1: 0.98932832
    isCookedKeytime: true
  }
  keytimes {
    datatype: AE_FLOAT_DATA
    timeOffset: 1.4331594
    inttype: AE_INTERP_LINEAR
    fvalue1: 0.99330705
    isCookedKeytime: true
  }
  keytimes {
    datatype: AE_FLOAT_DATA
    timeOffset: 1.4498193
    inttype: AE_INTERP_LINEAR
    fvalue1: 0.99629295
    isCookedKeytime: true
  }
  keytimes {
    datatype: AE_FLOAT_DATA
    timeOffset: 1.4664793
    inttype: AE_INTERP_LINEAR
    fvalue1: 0.99836075
    isCookedKeytime: true
  }
  keytimes {
    datatype: AE_FLOAT_DATA
    timeOffset: 1.4831393
    inttype: AE_INTERP_LINEAR
    fvalue1: 0.99957651
    isCookedKeytime: true
  }
  keytimes {
    datatype: AE_FLOAT_DATA
    timeOffset: 1.4997993
    inttype: AE_INTERP_LINEAR
    fvalue1: 0.99999869
    isCookedKeytime: true
  }
  keytimes {
    datatype: AE_FLOAT_DATA
    timeOffset: 1.5
    inttype: AE_INTERP_LINEAR
    fvalue1: 1
  }
  keytimes {
    datatype: AE_FLOAT_DATA
    timeOffset: 1.51666
    inttype: AE_INTERP_LINEAR
    fvalue1: 1
    isCookedKeytime: true
  }
  keytimes {
    datatype: AE_FLOAT_DATA
    timeOffset: 1.53332
    inttype: AE_INTERP_LINEAR
    fvalue1: 1
    isCookedKeytime: true
  }
  keytimes {
    datatype: AE_FLOAT_DATA
    timeOffset: 1.5499799
    inttype: AE_INTERP_LINEAR
    fvalue1: 1
    isCookedKeytime: true
  }
  keytimes {
    datatype: AE_FLOAT_DATA
    timeOffset: 1.5666399
    inttype: AE_INTERP_LINEAR
    fvalue1: 1
    isCookedKeytime: true
  }
  keytimes {
    datatype: AE_FLOAT_DATA
    timeOffset: 1.5832999
    inttype: AE_INTERP_LINEAR
    fvalue1: 1
    isCookedKeytime: true
  }
  keytimes {
    datatype: AE_FLOAT_DATA
    timeOffset: 1.5999599
    inttype: AE_INTERP_LINEAR
    fvalue1: 1
    isCookedKeytime: true
  }
  keytimes {
    datatype: AE_FLOAT_DATA
    timeOffset: 1.6166198
    inttype: AE_INTERP_LINEAR
    fvalue1: 1
    isCookedKeytime: true
  }
  keytimes {
    datatype: AE_FLOAT_DATA
    timeOffset: 1.6332798
    inttype: AE_INTERP_LINEAR
    fvalue1: 1
    isCookedKeytime: true
  }
  keytimes {
    datatype: AE_FLOAT_DATA
    timeOffset: 1.6499398
    inttype: AE_INTERP_LINEAR
    fvalue1: 1
    isCookedKeytime: true
  }
  keytimes {
    datatype: AE_FLOAT_DATA
    timeOffset: 1.6665998
    inttype: AE_INTERP_LINEAR
    fvalue1: 1
    isCookedKeytime: true
  }
  keytimes {
    datatype: AE_FLOAT_DATA
    timeOffset: 1.6832597
    inttype: AE_INTERP_LINEAR
    fvalue1: 1
    isCookedKeytime: true
  }
  keytimes {
    datatype: AE_FLOAT_DATA
    timeOffset: 1.6999197
    inttype: AE_INTERP_LINEAR
    fvalue1: 1
    isCookedKeytime: true
  }
  keytimes {
    datatype: AE_FLOAT_DATA
    timeOffset: 1.7165797
    inttype: AE_INTERP_LINEAR
    fvalue1: 1
    isCookedKeytime: true
  }
  keytimes {
    datatype: AE_FLOAT_DATA
    timeOffset: 1.7332397
    inttype: AE_INTERP_LINEAR
    fvalue1: 1
    isCookedKeytime: true
  }
  keytimes {
    datatype: AE_FLOAT_DATA
    timeOffset: 1.7498996
    inttype: AE_INTERP_LINEAR
    fvalue1: 1
    isCookedKeytime: true
  }
  keytimes {
    datatype: AE_FLOAT_DATA
    timeOffset: 1.7665596
    inttype: AE_INTERP_LINEAR
    fvalue1: 1
    isCookedKeytime: true
  }
  keytimes {
    datatype: AE_FLOAT_DATA
    timeOffset: 1.7832196
    inttype: AE_INTERP_LINEAR
    fvalue1: 1
    isCookedKeytime: true
  }
  keytimes {
    datatype: AE_FLOAT_DATA
    timeOffset: 1.7998796
    inttype: AE_INTERP_LINEAR
    fvalue1: 1
    isCookedKeytime: true
  }
  keytimes {
    datatype: AE_FLOAT_DATA
    timeOffset: 1.8165395
    inttype: AE_INTERP_LINEAR
    fvalue1: 1
    isCookedKeytime: true
  }
  keytimes {
    datatype: AE_FLOAT_DATA
    timeOffset: 1.8331995
    inttype: AE_INTERP_LINEAR
    fvalue1: 1
    isCookedKeytime: true
  }
  keytimes {
    datatype: AE_FLOAT_DATA
    timeOffset: 1.8498595
    inttype: AE_INTERP_LINEAR
    fvalue1: 1
    isCookedKeytime: true
  }
  keytimes {
    datatype: AE_FLOAT_DATA
    timeOffset: 1.8665195
    inttype: AE_INTERP_LINEAR
    fvalue1: 1
    isCookedKeytime: true
  }
  keytimes {
    datatype: AE_FLOAT_DATA
    timeOffset: 1.8831794
    inttype: AE_INTERP_LINEAR
    fvalue1: 1
    isCookedKeytime: true
  }
  keytimes {
    datatype: AE_FLOAT_DATA
    timeOffset: 1.8998394
    inttype: AE_INTERP_LINEAR
    fvalue1: 1
    isCookedKeytime: true
  }
  keytimes {
    datatype: AE_FLOAT_DATA
    timeOffset: 1.9164994
    inttype: AE_INTERP_LINEAR
    fvalue1: 1
    isCookedKeytime: true
  }
  keytimes {
    datatype: AE_FLOAT_DATA
    timeOffset: 1.9331594
    inttype: AE_INTERP_LINEAR
    fvalue1: 1
    isCookedKeytime: true
  }
  keytimes {
    datatype: AE_FLOAT_DATA
    timeOffset: 1.9498193
    inttype: AE_INTERP_LINEAR
    fvalue1: 1
    isCookedKeytime: true
  }
  keytimes {
    datatype: AE_FLOAT_DATA
    timeOffset: 1.9664793
    inttype: AE_INTERP_LINEAR
    fvalue1: 1
    isCookedKeytime: true
  }
  keytimes {
    datatype: AE_FLOAT_DATA
    timeOffset: 1.9831393
    inttype: AE_INTERP_LINEAR
    fvalue1: 1
    isCookedKeytime: true
  }
  keytimes {
    datatype: AE_FLOAT_DATA
    timeOffset: 1.9997993
    inttype: AE_INTERP_LINEAR
    fvalue1: 1
    isCookedKeytime: true
  }
  keytimes {
    datatype: AE_FLOAT_DATA
    timeOffset: 2.0164592
    inttype: AE_INTERP_LINEAR
    fvalue1: 1
    isCookedKeytime: true
  }
  keytimes {
    datatype: AE_FLOAT_DATA
    timeOffset: 2.0331192
    inttype: AE_INTERP_LINEAR
    fvalue1: 1
    isCookedKeytime: true
  }
  keytimes {
    datatype: AE_FLOAT_DATA
    timeOffset: 2.0497792
    inttype: AE_INTERP_LINEAR
    fvalue1: 1
    isCookedKeytime: true
  }
  keytimes {
    datatype: AE_FLOAT_DATA
    timeOffset: 2.0664392
    inttype: AE_INTERP_LINEAR
    fvalue1: 1
    isCookedKeytime: true
  }
  keytimes {
    datatype: AE_FLOAT_DATA
    timeOffset: 2.0830991
    inttype: AE_INTERP_LINEAR
    fvalue1: 1
    isCookedKeytime: true
  }
  keytimes {
    datatype: AE_FLOAT_DATA
    timeOffset: 2.0997591
    inttype: AE_INTERP_LINEAR
    fvalue1: 1
    isCookedKeytime: true
  }
  keytimes {
    datatype: AE_FLOAT_DATA
    timeOffset: 2.1164191
    inttype: AE_INTERP_LINEAR
    fvalue1: 1
    isCookedKeytime: true
  }
  keytimes {
    datatype: AE_FLOAT_DATA
    timeOffset: 2.1330791
    inttype: AE_INTERP_LINEAR
    fvalue1: 1
    isCookedKeytime: true
  }
  keytimes {
    datatype: AE_FLOAT_DATA
    timeOffset: 2.149739
    inttype: AE_INTERP_LINEAR
    fvalue1: 1
    isCookedKeytime: true
  }
  keytimes {
    datatype: AE_FLOAT_DATA
    timeOffset: 2.166399
    inttype: AE_INTERP_LINEAR
    fvalue1: 1
    isCookedKeytime: true
  }
  keytimes {
    datatype: AE_FLOAT_DATA
    timeOffset: 2.183059
    inttype: AE_INTERP_LINEAR
    fvalue1: 1
    isCookedKeytime: true
  }
  keytimes {
    datatype: AE_FLOAT_DATA
    timeOffset: 2.199719
    inttype: AE_INTERP_LINEAR
    fvalue1: 1
    isCookedKeytime: true
  }
  keytimes {
    datatype: AE_FLOAT_DATA
    timeOffset: 2.2163789
    inttype: AE_INTERP_LINEAR
    fvalue1: 1
    isCookedKeytime: true
  }
  keytimes {
    datatype: AE_FLOAT_DATA
    timeOffset: 2.2330389
    inttype: AE_INTERP_LINEAR
    fvalue1: 1
    isCookedKeytime: true
  }
  keytimes {
    datatype: AE_FLOAT_DATA
    timeOffset: 2.2496989
    inttype: AE_INTERP_LINEAR
    fvalue1: 1
    isCookedKeytime: true
  }
  keytimes {
    datatype: AE_FLOAT_DATA
    timeOffset: 2.2663589
    inttype: AE_INTERP_LINEAR
    fvalue1: 1
    isCookedKeytime: true
  }
  keytimes {
    datatype: AE_FLOAT_DATA
    timeOffset: 2.2830188
    inttype: AE_INTERP_LINEAR
    fvalue1: 1
    isCookedKeytime: true
  }
  keytimes {
    datatype: AE_FLOAT_DATA
    timeOffset: 2.2996788
    inttype: AE_INTERP_LINEAR
    fvalue1: 1
    isCookedKeytime: true
  }
  keytimes {
    datatype: AE_FLOAT_DATA
    timeOffset: 2.3163388
    inttype: AE_INTERP_LINEAR
    fvalue1: 1
    isCookedKeytime: true
  }
  keytimes {
    datatype: AE_FLOAT_DATA
    timeOffset: 2.3329988
    inttype: AE_INTERP_LINEAR
    fvalue1: 1
    isCookedKeytime: true
  }
  keytimes {
    datatype: AE_FLOAT_DATA
    timeOffset: 2.3496587
    inttype: AE_INTERP_LINEAR
    fvalue1: 1
    isCookedKeytime: true
  }
  keytimes {
    datatype: AE_FLOAT_DATA
    timeOffset: 2.3663187
    inttype: AE_INTERP_LINEAR
    fvalue1: 1
    isCookedKeytime: true
  }
  keytimes {
    datatype: AE_FLOAT_DATA
    timeOffset: 2.3829787
    inttype: AE_INTERP_LINEAR
    fvalue1: 1
    isCookedKeytime: true
  }
  keytimes {
    datatype: AE_FLOAT_DATA
    timeOffset: 2.3996387
    inttype: AE_INTERP_LINEAR
    fvalue1: 1
    isCookedKeytime: true
  }
  keytimes {
    datatype: AE_FLOAT_DATA
    timeOffset: 2.4162986
    inttype: AE_INTERP_LINEAR
    fvalue1: 1
    isCookedKeytime: true
  }
  keytimes {
    datatype: AE_FLOAT_DATA
    timeOffset: 2.4329586
    inttype: AE_INTERP_LINEAR
    fvalue1: 1
    isCookedKeytime: true
  }
  keytimes {
    datatype: AE_FLOAT_DATA
    timeOffset: 2.4496186
    inttype: AE_INTERP_LINEAR
    fvalue1: 1
    isCookedKeytime: true
  }
  keytimes {
    datatype: AE_FLOAT_DATA
    timeOffset: 2.4662786
    inttype: AE_INTERP_LINEAR
    fvalue1: 1
    isCookedKeytime: true
  }
  keytimes {
    datatype: AE_FLOAT_DATA
    timeOffset: 2.4829385
    inttype: AE_INTERP_LINEAR
    fvalue1: 1
    isCookedKeytime: true
  }
  keytimes {
    datatype: AE_FLOAT_DATA
    timeOffset: 2.4995985
    inttype: AE_INTERP_LINEAR
    fvalue1: 1
    isCookedKeytime: true
  }
  keytimes {
    datatype: AE_FLOAT_DATA
    timeOffset: 2.5162585
    inttype: AE_INTERP_LINEAR
    fvalue1: 1
    isCookedKeytime: true
  }
  keytimes {
    datatype: AE_FLOAT_DATA
    timeOffset: 2.5329185
    inttype: AE_INTERP_LINEAR
    fvalue1: 1
    isCookedKeytime: true
  }
  keytimes {
    datatype: AE_FLOAT_DATA
    timeOffset: 2.5495784
    inttype: AE_INTERP_LINEAR
    fvalue1: 1
    isCookedKeytime: true
  }
  keytimes {
    datatype: AE_FLOAT_DATA
    timeOffset: 2.5662384
    inttype: AE_INTERP_LINEAR
    fvalue1: 1
    isCookedKeytime: true
  }
  keytimes {
    datatype: AE_FLOAT_DATA
    timeOffset: 2.5828984
    inttype: AE_INTERP_LINEAR
    fvalue1: 1
    isCookedKeytime: true
  }
  keytimes {
    datatype: AE_FLOAT_DATA
    timeOffset: 2.5995584
    inttype: AE_INTERP_LINEAR
    fvalue1: 1
    isCookedKeytime: true
  }
  keytimes {
    datatype: AE_FLOAT_DATA
    timeOffset: 2.6162183
    inttype: AE_INTERP_LINEAR
    fvalue1: 1
    isCookedKeytime: true
  }
  keytimes {
    datatype: AE_FLOAT_DATA
    timeOffset: 2.6328783
    inttype: AE_INTERP_LINEAR
    fvalue1: 1
    isCookedKeytime: true
  }
  keytimes {
    datatype: AE_FLOAT_DATA
    timeOffset: 2.6495383
    inttype: AE_INTERP_LINEAR
    fvalue1: 1
    isCookedKeytime: true
  }
  keytimes {
    datatype: AE_FLOAT_DATA
    timeOffset: 2.6661983
    inttype: AE_INTERP_LINEAR
    fvalue1: 1
    isCookedKeytime: true
  }
  keytimes {
    datatype: AE_FLOAT_DATA
    timeOffset: 2.6828582
    inttype: AE_INTERP_LINEAR
    fvalue1: 1
    isCookedKeytime: true
  }
  keytimes {
    datatype: AE_FLOAT_DATA
    timeOffset: 2.6995182
    inttype: AE_INTERP_LINEAR
    fvalue1: 1
    isCookedKeytime: true
  }
  keytimes {
    datatype: AE_FLOAT_DATA
    timeOffset: 2.7161782
    inttype: AE_INTERP_LINEAR
    fvalue1: 1
    isCookedKeytime: true
  }
  keytimes {
    datatype: AE_FLOAT_DATA
    timeOffset: 2.7328382
    inttype: AE_INTERP_LINEAR
    fvalue1: 1
    isCookedKeytime: true
  }
  keytimes {
    datatype: AE_FLOAT_DATA
    timeOffset: 2.7494981
    inttype: AE_INTERP_LINEAR
    fvalue1: 1
    isCookedKeytime: true
  }
  keytimes {
    datatype: AE_FLOAT_DATA
    timeOffset: 2.7661581
    inttype: AE_INTERP_LINEAR
    fvalue1: 1
    isCookedKeytime: true
  }
  keytimes {
    datatype: AE_FLOAT_DATA
    timeOffset: 2.7828181
    inttype: AE_INTERP_LINEAR
    fvalue1: 1
    isCookedKeytime: true
  }
  keytimes {
    datatype: AE_FLOAT_DATA
    timeOffset: 2.7994781
    inttype: AE_INTERP_LINEAR
    fvalue1: 1
    isCookedKeytime: true
  }
  keytimes {
    datatype: AE_FLOAT_DATA
    timeOffset: 2.816138
    inttype: AE_INTERP_LINEAR
    fvalue1: 1
    isCookedKeytime: true
  }
  keytimes {
    datatype: AE_FLOAT_DATA
    timeOffset: 2.832798
    inttype: AE_INTERP_LINEAR
    fvalue1: 1
    isCookedKeytime: true
  }
  keytimes {
    datatype: AE_FLOAT_DATA
    timeOffset: 2.849458
    inttype: AE_INTERP_LINEAR
    fvalue1: 1
    isCookedKeytime: true
  }
  keytimes {
    datatype: AE_FLOAT_DATA
    timeOffset: 2.866118
    inttype: AE_INTERP_LINEAR
    fvalue1: 1
    isCookedKeytime: true
  }
  keytimes {
    datatype: AE_FLOAT_DATA
    timeOffset: 2.8827779
    inttype: AE_INTERP_LINEAR
    fvalue1: 1
    isCookedKeytime: true
  }
  keytimes {
    datatype: AE_FLOAT_DATA
    timeOffset: 2.8994379
    inttype: AE_INTERP_LINEAR
    fvalue1: 1
    isCookedKeytime: true
  }
  keytimes {
    datatype: AE_FLOAT_DATA
    timeOffset: 2.9160979
    inttype: AE_INTERP_LINEAR
    fvalue1: 1
    isCookedKeytime: true
  }
  keytimes {
    datatype: AE_FLOAT_DATA
    timeOffset: 2.9327579
    inttype: AE_INTERP_LINEAR
    fvalue1: 1
    isCookedKeytime: true
  }
  keytimes {
    datatype: AE_FLOAT_DATA
    timeOffset: 2.9494178
    inttype: AE_INTERP_LINEAR
    fvalue1: 1
    isCookedKeytime: true
  }
  keytimes {
    datatype: AE_FLOAT_DATA
    timeOffset: 2.9660778
    inttype: AE_INTERP_LINEAR
    fvalue1: 1
    isCookedKeytime: true
  }
  keytimes {
    datatype: AE_FLOAT_DATA
    timeOffset: 2.9827378
    inttype: AE_INTERP_LINEAR
    fvalue1: 1
    isCookedKeytime: true
  }
  keytimes {
    datatype: AE_FLOAT_DATA
    timeOffset: 2.9993978
    inttype: AE_INTERP_LINEAR
    fvalue1: 1
    isCookedKeytime: true
  }
  keytimes {
    datatype: AE_FLOAT_DATA
    timeOffset: 3
    inttype: AE_INTERP_LINEAR
    fvalue1: 1
  }
  keytimes {
    datatype: AE_FLOAT_DATA
    timeOffset: 3.01666
    inttype: AE_INTERP_LINEAR
    fvalue1: 0.99962264
    isCookedKeytime: true
  }
  keytimes {
    datatype: AE_FLOAT_DATA
    timeOffset: 3.03332
    inttype: AE_INTERP_LINEAR
    fvalue1: 0.99845505
    isCookedKeytime: true
  }
  keytimes {
    datatype: AE_FLOAT_DATA
    timeOffset: 3.04998
    inttype: AE_INTERP_LINEAR
    fvalue1: 0.996439
    isCookedKeytime: true
  }
  keytimes {
    datatype: AE_FLOAT_DATA
    timeOffset: 3.06664
    inttype: AE_INTERP_LINEAR
    fvalue1: 0.993509
    isCookedKeytime: true
  }
  keytimes {
    datatype: AE_FLOAT_DATA
    timeOffset: 3.0832999
    inttype: AE_INTERP_LINEAR
    fvalue1: 0.98959076
    isCookedKeytime: true
  }
  keytimes {
    datatype: AE_FLOAT_DATA
    timeOffset: 3.0999599
    inttype: AE_INTERP_LINEAR
    fvalue1: 0.98460007
    isCookedKeytime: true
  }
  keytimes {
    datatype: AE_FLOAT_DATA
    timeOffset: 3.1166198
    inttype: AE_INTERP_LINEAR
    fvalue1: 0.97843987
    isCookedKeytime: true
  }
  keytimes {
    datatype: AE_FLOAT_DATA
    timeOffset: 3.1332798
    inttype: AE_INTERP_LINEAR
    fvalue1: 0.97099853
    isCookedKeytime: true
  }
  keytimes {
    datatype: AE_FLOAT_DATA
    timeOffset: 3.1499398
    inttype: AE_INTERP_LINEAR
    fvalue1: 0.96214575
    isCookedKeytime: true
  }
  keytimes {
    datatype: AE_FLOAT_DATA
    timeOffset: 3.1665998
    inttype: AE_INTERP_LINEAR
    fvalue1: 0.95172864
    isCookedKeytime: true
  }
  keytimes {
    datatype: AE_FLOAT_DATA
    timeOffset: 3.1832597
    inttype: AE_INTERP_LINEAR
    fvalue1: 0.93956548
    isCookedKeytime: true
  }
  keytimes {
    datatype: AE_FLOAT_DATA
    timeOffset: 3.1999197
    inttype: AE_INTERP_LINEAR
    fvalue1: 0.92543817
    isCookedKeytime: true
  }
  keytimes {
    datatype: AE_FLOAT_DATA
    timeOffset: 3.2165797
    inttype: AE_INTERP_LINEAR
    fvalue1: 0.90908104
    isCookedKeytime: true
  }
  keytimes {
    datatype: AE_FLOAT_DATA
    timeOffset: 3.2332397
    inttype: AE_INTERP_LINEAR
    fvalue1: 0.8901661
    isCookedKeytime: true
  }
  keytimes {
    datatype: AE_FLOAT_DATA
    timeOffset: 3.2498996
    inttype: AE_INTERP_LINEAR
    fvalue1: 0.86828077
    isCookedKeytime: true
  }
  keytimes {
    datatype: AE_FLOAT_DATA
    timeOffset: 3.2665596
    inttype: AE_INTERP_LINEAR
    fvalue1: 0.84289569
    isCookedKeytime: true
  }
  keytimes {
    datatype: AE_FLOAT_DATA
    timeOffset: 3.2832196
    inttype: AE_INTERP_LINEAR
    fvalue1: 0.81331491
    isCookedKeytime: true
  }
  keytimes {
    datatype: AE_FLOAT_DATA
    timeOffset: 3.2998796
    inttype: AE_INTERP_LINEAR
    fvalue1: 0.77859777
    isCookedKeytime: true
  }
  keytimes {
    datatype: AE_FLOAT_DATA
    timeOffset: 3.3165395
    inttype: AE_INTERP_LINEAR
    fvalue1: 0.73742938
    isCookedKeytime: true
  }
  keytimes {
    datatype: AE_FLOAT_DATA
    timeOffset: 3.3331995
    inttype: AE_INTERP_LINEAR
    fvalue1: 0.68789941
    isCookedKeytime: true
  }
  keytimes {
    datatype: AE_FLOAT_DATA
    timeOffset: 3.3498595
    inttype: AE_INTERP_LINEAR
    fvalue1: 0.62711579
    isCookedKeytime: true
  }
  keytimes {
    datatype: AE_FLOAT_DATA
    timeOffset: 3.3665195
    inttype: AE_INTERP_LINEAR
    fvalue1: 0.55056894
    isCookedKeytime: true
  }
  keytimes {
    datatype: AE_FLOAT_DATA
    timeOffset: 3.3831794
    inttype: AE_INTERP_LINEAR
    fvalue1: 0.45163375
    isCookedKeytime: true
  }
  keytimes {
    datatype: AE_FLOAT_DATA
    timeOffset: 3.3998394
    inttype: AE_INTERP_LINEAR
    fvalue1: 0.32597858
    isCookedKeytime: true
  }
  keytimes {
    datatype: AE_FLOAT_DATA
    timeOffset: 3.4164994
    inttype: AE_INTERP_LINEAR
    fvalue1: 0.19543268
    isCookedKeytime: true
  }
  keytimes {
    datatype: AE_FLOAT_DATA
    timeOffset: 3.4331594
    inttype: AE_INTERP_LINEAR
    fvalue1: 0.1018923
    isCookedKeytime: true
  }
  keytimes {
    datatype: AE_FLOAT_DATA
    timeOffset: 3.4498193
    inttype: AE_INTERP_LINEAR
    fvalue1: 0.04767907
    isCookedKeytime: true
  }
  keytimes {
    datatype: AE_FLOAT_DATA
    timeOffset: 3.4664793
    inttype: AE_INTERP_LINEAR
    fvalue1: 0.018339727
    isCookedKeytime: true
  }
  keytimes {
    datatype: AE_FLOAT_DATA
    timeOffset: 3.4831393
    inttype: AE_INTERP_LINEAR
    fvalue1: 0.0042221565
    isCookedKeytime: true
  }
  keytimes {
    datatype: AE_FLOAT_DATA
    timeOffset: 3.4997993
    inttype: AE_INTERP_LINEAR
    fvalue1: 1.1519125e-05
    isCookedKeytime: true
  }
  keytimes {
    datatype: AE_FLOAT_DATA
    timeOffset: 3.5
    inttype: AE_INTERP_LINEAR
    fvalue1: 0
  }
  trackName: "Opacity"
}
markers {
  starttime: 1
  duration: 0.5
  name: "Show"
  tracksSelection {
    targetid: 307
    binding: POSITION
  }
  tracksSelection {
    targetid: 307
    binding: OPACITY
  }
  alltracks: false
  looping: false
}
markers {
  starttime: 3
  duration: 0.5
  name: "Hide"
  tracksSelection {
    targetid: 307
    binding: POSITION
  }
  tracksSelection {
    targetid: 307
    binding: OPACITY
  }
  alltracks: false
  looping: false
}
