activecomp {
  name: "Auryn_Profile"
  width: 1920
  height: 1080
  defaultcameradistance: 2666.6667
  layer {
    name: "Background-Gradient.png"
    id: 712
    sourceid: 831
    transform {
      anchorPoint {
        x: 960
        y: 540
        z: 0
      }
      scale {
        x: 1
        y: 1
        z: 1
      }
      position {
        x: 960
        y: 540
        z: 0
      }
      orientation {
        x: 0
        y: 0
        z: 0
      }
      rotationX: 0
      rotationY: 0
      rotationZ: 0
      opacity: 0
    }
    acceptsshadows: true
    acceptslights: true
    castsshadows: false
  }
  layer {
    name: "Btn-Profile3"
    id: 713
    sourceid: 259687
    transform {
      anchorPoint {
        x: 125
        y: 200
        z: 0
      }
      scale {
        x: 1
        y: 1
        z: 1
      }
      position {
        x: 1256
        y: 670
        z: 0
      }
      orientation {
        x: 0
        y: 0
        z: 0
      }
      rotationX: 0
      rotationY: 0
      rotationZ: 0
      opacity: 0
    }
    acceptsshadows: true
    acceptslights: true
    castsshadows: false
  }
  layer {
    name: "Btn-Profile2"
    id: 714
    sourceid: 259648
    transform {
      anchorPoint {
        x: 125
        y: 200
        z: 0
      }
      scale {
        x: 1
        y: 1
        z: 1
      }
      position {
        x: 960
        y: 670
        z: 0
      }
      orientation {
        x: 0
        y: 0
        z: 0
      }
      rotationX: 0
      rotationY: 0
      rotationZ: 0
      opacity: 0
    }
    acceptsshadows: true
    acceptslights: true
    castsshadows: false
  }
  layer {
    name: "Btn-Profile1"
    id: 715
    sourceid: 259618
    transform {
      anchorPoint {
        x: 125
        y: 200
        z: 0
      }
      scale {
        x: 1
        y: 1
        z: 1
      }
      position {
        x: 654
        y: 670
        z: 0
      }
      orientation {
        x: 0
        y: 0
        z: 0
      }
      rotationX: 0
      rotationY: 0
      rotationZ: 0
      opacity: 0
    }
    acceptsshadows: true
    acceptslights: true
    castsshadows: false
  }
  layer {
    name: "Title"
    id: 716
    sourceid: -1
    transform {
      anchorPoint {
        x: 440
        y: 60
        z: 0
      }
      scale {
        x: 1
        y: 1
        z: 1
      }
      position {
        x: 539.72
        y: 380.28012
        z: 0
      }
      orientation {
        x: 0
        y: 0
        z: 0
      }
      rotationX: 0
      rotationY: 0
      rotationZ: 0
      opacity: 0
    }
    acceptsshadows: true
    acceptslights: true
    castsshadows: false
    textinfo {
      justification: AE_TEXT_CENTER
      fontSize: 60
      fontColor {
        alpha: 1
        red: 1
        green: 1
        blue: 1
      }
      fontName: "Raleway-Bold"
      isPointText: false
      boundsWidth: 1722
      boundsHeight: 68
      isLabel: true
      text: "Who\342\200\231s Watching?"
      multiline: true
      isAllCaps: false
    }
  }
  layer {
    name: "Message"
    id: 717
    sourceid: -1
    transform {
      anchorPoint {
        x: 440
        y: 60
        z: 0
      }
      scale {
        x: 1
        y: 1
        z: 1
      }
      position {
        x: 539.72
        y: 1010.2802
        z: 0
      }
      orientation {
        x: 0
        y: 0
        z: 0
      }
      rotationX: 0
      rotationY: 0
      rotationZ: 0
      opacity: 0
    }
    acceptsshadows: true
    acceptslights: true
    castsshadows: false
    textinfo {
      justification: AE_TEXT_CENTER
      fontSize: 24
      fontColor {
        alpha: 1
        red: 1
        green: 1
        blue: 1
      }
      fontName: "Raleway-Medium"
      isPointText: false
      boundsWidth: 1722
      boundsHeight: 48
      isLabel: true
      text: "Manage account settings at TheMovieDB.org/MyAccount"
      multiline: true
      isAllCaps: false
    }
  }
  bgcolor {
    alpha: 1
    red: 0.086274509803921567
    green: 0.11372549019607843
    blue: 0.14509803921568629
  }
  properties {
    key: "gravity"
    value: "left"
  }
  properties {
    key: "rows"
    value: "2"
  }
  childtemplates: "Auryn_Btn-Profile3"
  childtemplates: "Auryn_Btn-Profile2"
  childtemplates: "Auryn_Btn-Profile1"
}
sources {
  uid: 831
  srctype: AE_IMAGE_SRC
  name: "Background-Gradient.png"
  width: 1920
  height: 1080
  numberOfFrames: 1
  fps: 0
  loops: 1
  copy_source: true
}
sources {
  uid: 259687
  srctype: AE_COMP_SRC
  name: "Auryn_Btn-Profile3.layout"
  width: 250
  height: 400
  copy_source: true
}
sources {
  uid: 259648
  srctype: AE_COMP_SRC
  name: "Auryn_Btn-Profile2.layout"
  width: 250
  height: 400
  copy_source: true
}
sources {
  uid: 259618
  srctype: AE_COMP_SRC
  name: "Auryn_Btn-Profile1.layout"
  width: 250
  height: 400
  copy_source: true
}
sources {
  uid: 5
  srctype: AE_FONT_SRC
  name: "Raleway-Bold"
  copy_source: true
  file_name: "yi_Raleway-Bold.ttf"
  style_name: "Bold"
}
sources {
  uid: 6
  srctype: AE_FONT_SRC
  name: "Raleway-Medium"
  copy_source: true
  file_name: "yi_Raleway-Medium.ttf"
  style_name: "Medium"
}
