activecomp {
  name: "Auryn_Looper"
  width: 1920
  height: 1080
  defaultcameradistance: 2666.6667
  layer {
    name: "sun.png"
    id: 690011724
    sourceid: 690011845
    transform {
      anchorPoint {
        x: 134
        y: 130
        z: 0
      }
      scale {
        x: 7.79
        y: 7.79
        z: 1
      }
      position {
        x: 920
        y: 260
        z: 0
      }
      orientation {
        x: 0
        y: 0
        z: 0
      }
      rotationX: 0
      rotationY: 0
      rotationZ: 0
      opacity: 0
    }
    acceptsshadows: true
    acceptslights: true
    castsshadows: false
  }
  layer {
    name: "Coke-Large.png"
    id: 690011725
    sourceid: 690011827
    transform {
      anchorPoint {
        x: 427
        y: 443.5
        z: 0
      }
      scale {
        x: 1.22
        y: 1.22
        z: 1
      }
      position {
        x: 552
        y: 540
        z: 0
      }
      orientation {
        x: 0
        y: 0
        z: 0
      }
      rotationX: 0
      rotationY: 0
      rotationZ: 0
      opacity: 1
    }
    acceptsshadows: true
    acceptslights: true
    castsshadows: false
  }
  layer {
    name: "Droplet-1.png"
    id: 690011726
    sourceid: 690011835
    transform {
      anchorPoint {
        x: 8.5
        y: 8.5
        z: 0
      }
      scale {
        x: 1.2
        y: 1.2
        z: 1
      }
      position {
        x: 920
        y: 222
        z: 0
      }
      orientation {
        x: 0
        y: 0
        z: 0
      }
      rotationX: 0
      rotationY: 0
      rotationZ: 0
      opacity: 0
    }
    acceptsshadows: true
    acceptslights: true
    castsshadows: false
  }
  layer {
    name: "Droplet-1.png"
    id: 690011727
    sourceid: 690011835
    transform {
      anchorPoint {
        x: 8.5
        y: 8.5
        z: 0
      }
      scale {
        x: 1.2
        y: 1.2
        z: 1
      }
      position {
        x: 160
        y: 220
        z: 0
      }
      orientation {
        x: 0
        y: 0
        z: 0
      }
      rotationX: 0
      rotationY: 0
      rotationZ: 0
      opacity: 0
    }
    acceptsshadows: true
    acceptslights: true
    castsshadows: false
  }
  layer {
    name: "Droplet-1.png"
    id: 690011728
    sourceid: 690011835
    transform {
      anchorPoint {
        x: 8.5
        y: 8.5
        z: 0
      }
      scale {
        x: 1
        y: 1
        z: 1
      }
      position {
        x: 190
        y: 712
        z: 0
      }
      orientation {
        x: 0
        y: 0
        z: 0
      }
      rotationX: 0
      rotationY: 0
      rotationZ: 0
      opacity: 0
    }
    acceptsshadows: true
    acceptslights: true
    castsshadows: false
  }
  layer {
    name: "Droplet-1.png"
    id: 690011729
    sourceid: 690011835
    transform {
      anchorPoint {
        x: 8.5
        y: 8.5
        z: 0
      }
      scale {
        x: 0.6
        y: 0.6
        z: 1
      }
      position {
        x: 508
        y: 598
        z: 0
      }
      orientation {
        x: 0
        y: 0
        z: 0
      }
      rotationX: 0
      rotationY: 0
      rotationZ: 0
      opacity: 0
    }
    acceptsshadows: true
    acceptslights: true
    castsshadows: false
  }
  layer {
    name: "Droplet-1.png"
    id: 690011730
    sourceid: 690011835
    transform {
      anchorPoint {
        x: 8.5
        y: 8.5
        z: 0
      }
      scale {
        x: 0.6
        y: 0.6
        z: 1
      }
      position {
        x: 612
        y: 222
        z: 0
      }
      orientation {
        x: 0
        y: 0
        z: 0
      }
      rotationX: 0
      rotationY: 0
      rotationZ: 0
      opacity: 0
    }
    acceptsshadows: true
    acceptslights: true
    castsshadows: false
  }
  layer {
    name: "Droplet-1.png"
    id: 690011731
    sourceid: 690011835
    transform {
      anchorPoint {
        x: 8.5
        y: 8.5
        z: 0
      }
      scale {
        x: 1.5
        y: 1.5
        z: 1
      }
      position {
        x: 672
        y: 682
        z: 0
      }
      orientation {
        x: 0
        y: 0
        z: 0
      }
      rotationX: 0
      rotationY: 0
      rotationZ: 0
      opacity: 0
    }
    acceptsshadows: true
    acceptslights: true
    castsshadows: false
  }
  bgcolor {
    alpha: 1
    red: 0
    green: 0
    blue: 0
  }
}
sources {
  uid: 690011845
  srctype: AE_IMAGE_SRC
  name: "sun.png"
  width: 268
  height: 260
  numberOfFrames: 1
  fps: 0
  loops: 1
  copy_source: true
}
sources {
  uid: 690011827
  srctype: AE_IMAGE_SRC
  name: "Coke-Large.png"
  width: 854
  height: 887
  numberOfFrames: 1
  fps: 0
  loops: 1
  copy_source: true
}
sources {
  uid: 690011835
  srctype: AE_IMAGE_SRC
  name: "Droplet-1.png"
  width: 17
  height: 17
  numberOfFrames: 1
  fps: 0
  loops: 1
  copy_source: true
}
