activecomp {
  name: "Auryn_PDP"
  width: 1920
  height: 1080
  defaultcameradistance: 2666.6667
  layer {
    name: "Video"
    id: 253
    sourceid: 306
    transform {
      anchorPoint {
        x: 960
        y: 540
        z: 0
      }
      scale {
        x: 1
        y: 1
        z: 1
      }
      position {
        x: 960
        y: 540
        z: 0
      }
      orientation {
        x: 0
        y: 0
        z: 0
      }
      rotationX: 0
      rotationY: 0
      rotationZ: 0
      opacity: 1
    }
    acceptsshadows: true
    acceptslights: true
    castsshadows: false
  }
  layer {
    name: "Background-Gradient.png"
    id: 254
    sourceid: 831
    transform {
      anchorPoint {
        x: 960
        y: 540
        z: 0
      }
      scale {
        x: 1
        y: 1
        z: 1
      }
      position {
        x: 960
        y: 540
        z: 0
      }
      orientation {
        x: 0
        y: 0
        z: 0
      }
      rotationX: 0
      rotationY: 0
      rotationZ: 0
      opacity: 1
    }
    acceptsshadows: true
    acceptslights: true
    castsshadows: false
  }
  layer {
    name: "Video Playback"
    id: 255
    sourceid: -1
    transform {
      anchorPoint {
        x: 393
        y: 39
        z: 0
      }
      scale {
        x: 1
        y: 1
        z: 1
      }
      position {
        x: 959.87396
        y: 558.86121
        z: 0
      }
      orientation {
        x: 0
        y: 0
        z: 0
      }
      rotationX: 0
      rotationY: 0
      rotationZ: 0
      opacity: 0
    }
    acceptsshadows: true
    acceptslights: true
    castsshadows: false
    textinfo {
      justification: AE_TEXT_CENTER
      fontSize: 60
      fontColor {
        alpha: 1
        red: 1
        green: 1
        blue: 1
      }
      fontName: "Raleway-Bold"
      isPointText: false
      boundsWidth: 786
      boundsHeight: 78
      isLabel: true
      text: "Video Playback"
      multiline: true
      isAllCaps: false
    }
  }
  layer {
    name: "PDP-Scroller"
    id: 256
    sourceid: 389
    transform {
      anchorPoint {
        x: 960
        y: 540
        z: 0
      }
      scale {
        x: 1
        y: 1
        z: 1
      }
      position {
        x: 960
        y: 640
        z: 0
      }
      orientation {
        x: 0
        y: 0
        z: 0
      }
      rotationX: 0
      rotationY: 0
      rotationZ: 0
      opacity: 0
    }
    acceptsshadows: true
    acceptslights: true
    castsshadows: false
  }
  layer {
    name: "Fader"
    id: 257
    sourceid: 421
    transform {
      anchorPoint {
        x: 0
        y: 0
        z: 0
      }
      scale {
        x: 1
        y: 1
        z: 1
      }
      position {
        x: 960
        y: 540
        z: 0
      }
      orientation {
        x: 0
        y: 0
        z: 0
      }
      rotationX: 0
      rotationY: 0
      rotationZ: 0
      opacity: 1
    }
    acceptsshadows: true
    acceptslights: true
    castsshadows: false
  }
  bgcolor {
    alpha: 1
    red: 0.086274509803921567
    green: 0.11372549019607843
    blue: 0.14509803921568629
  }
  childtemplates: "Auryn_Video"
  childtemplates: "Auryn_PDP-Scroller"
}
sources {
  uid: 306
  srctype: AE_COMP_SRC
  name: "Auryn_Video.layout"
  width: 1920
  height: 1080
  copy_source: true
}
sources {
  uid: 831
  srctype: AE_IMAGE_SRC
  name: "Background-Gradient.png"
  width: 1920
  height: 1080
  numberOfFrames: 1
  fps: 0
  loops: 1
  copy_source: true
}
sources {
  uid: 3
  srctype: AE_FONT_SRC
  name: "Raleway-Bold"
  copy_source: true
  file_name: "yi_Raleway-Bold.ttf"
  style_name: "Bold"
}
sources {
  uid: 389
  srctype: AE_COMP_SRC
  name: "Auryn_PDP-Scroller.layout"
  width: 1920
  height: 1080
  copy_source: true
}
sources {
  uid: 421
  srctype: AE_NULL_SRC
  width: 100
  height: 100
  copy_source: false
}
