activecomp {
  name: "Auryn_Container-Btn-Ad-Small"
  width: 534
  height: 300
  defaultcameradistance: 741.66669
  layer {
    name: "Btn-Backdrop-Ad"
    id: 520109
    sourceid: 520121
    transform {
      anchorPoint {
        x: 267
        y: 150
        z: 0
      }
      scale {
        x: 1
        y: 1
        z: 1
      }
      position {
        x: 267
        y: 150
        z: 0
      }
      orientation {
        x: 0
        y: 0
        z: 0
      }
      rotationX: 0
      rotationY: 0
      rotationZ: 0
      opacity: 1
    }
    acceptsshadows: true
    acceptslights: true
    castsshadows: false
  }
  bgcolor {
    alpha: 1
    red: 0.086274509803921567
    green: 0.11372549019607843
    blue: 0.14509803921568629
  }
  childtemplates: "Auryn_Btn-Backdrop-Ad"
}
sources {
  uid: 520121
  srctype: AE_COMP_SRC
  name: "Auryn_Btn-Backdrop-Ad.layout"
  width: 534
  height: 300
  copy_source: true
}
