tracks {
  binding: IS_VISIBLE
  targetid: 342
  targetname: "Text-Featured"
  keytimes {
    datatype: AE_INT_DATA
    timeOffset: 0
    inttype: AE_INTERP_HOLD
    ivalue1: 1
  }
}
tracks {
  binding: OPACITY
  targetid: 342
  targetname: "Text-Featured"
  keytimes {
    datatype: AE_FLOAT_DATA
    timeOffset: 0
    inttype: AE_INTERP_LINEAR
    fvalue1: 0
  }
  keytimes {
    datatype: AE_FLOAT_DATA
    timeOffset: 1.1333333
    inttype: AE_INTERP_LINEAR
    fvalue1: 0
  }
  keytimes {
    datatype: AE_FLOAT_DATA
    timeOffset: 1.1499933
    inttype: AE_INTERP_LINEAR
    fvalue1: 0.0011810962
    isCookedKeytime: true
  }
  keytimes {
    datatype: AE_FLOAT_DATA
    timeOffset: 1.1666533
    inttype: AE_INTERP_LINEAR
    fvalue1: 0.005077098
    isCookedKeytime: true
  }
  keytimes {
    datatype: AE_FLOAT_DATA
    timeOffset: 1.1833133
    inttype: AE_INTERP_LINEAR
    fvalue1: 0.012355958
    isCookedKeytime: true
  }
  keytimes {
    datatype: AE_FLOAT_DATA
    timeOffset: 1.1999732
    inttype: AE_INTERP_LINEAR
    fvalue1: 0.023940092
    isCookedKeytime: true
  }
  keytimes {
    datatype: AE_FLOAT_DATA
    timeOffset: 1.2166332
    inttype: AE_INTERP_LINEAR
    fvalue1: 0.041129805
    isCookedKeytime: true
  }
  keytimes {
    datatype: AE_FLOAT_DATA
    timeOffset: 1.2332932
    inttype: AE_INTERP_LINEAR
    fvalue1: 0.06577675
    isCookedKeytime: true
  }
  keytimes {
    datatype: AE_FLOAT_DATA
    timeOffset: 1.2499532
    inttype: AE_INTERP_LINEAR
    fvalue1: 0.10045474
    isCookedKeytime: true
  }
  keytimes {
    datatype: AE_FLOAT_DATA
    timeOffset: 1.2666131
    inttype: AE_INTERP_LINEAR
    fvalue1: 0.14829294
    isCookedKeytime: true
  }
  keytimes {
    datatype: AE_FLOAT_DATA
    timeOffset: 1.2832731
    inttype: AE_INTERP_LINEAR
    fvalue1: 0.21135351
    isCookedKeytime: true
  }
  keytimes {
    datatype: AE_FLOAT_DATA
    timeOffset: 1.2999331
    inttype: AE_INTERP_LINEAR
    fvalue1: 0.28657228
    isCookedKeytime: true
  }
  keytimes {
    datatype: AE_FLOAT_DATA
    timeOffset: 1.3165931
    inttype: AE_INTERP_LINEAR
    fvalue1: 0.36442098
    isCookedKeytime: true
  }
  keytimes {
    datatype: AE_FLOAT_DATA
    timeOffset: 1.333253
    inttype: AE_INTERP_LINEAR
    fvalue1: 0.43610898
    isCookedKeytime: true
  }
  keytimes {
    datatype: AE_FLOAT_DATA
    timeOffset: 1.349913
    inttype: AE_INTERP_LINEAR
    fvalue1: 0.4985323
    isCookedKeytime: true
  }
  keytimes {
    datatype: AE_FLOAT_DATA
    timeOffset: 1.366573
    inttype: AE_INTERP_LINEAR
    fvalue1: 0.55214053
    isCookedKeytime: true
  }
  keytimes {
    datatype: AE_FLOAT_DATA
    timeOffset: 1.383233
    inttype: AE_INTERP_LINEAR
    fvalue1: 0.59835142
    isCookedKeytime: true
  }
  keytimes {
    datatype: AE_FLOAT_DATA
    timeOffset: 1.3998929
    inttype: AE_INTERP_LINEAR
    fvalue1: 0.63854527
    isCookedKeytime: true
  }
  keytimes {
    datatype: AE_FLOAT_DATA
    timeOffset: 1.4165529
    inttype: AE_INTERP_LINEAR
    fvalue1: 0.67384261
    isCookedKeytime: true
  }
  keytimes {
    datatype: AE_FLOAT_DATA
    timeOffset: 1.4332129
    inttype: AE_INTERP_LINEAR
    fvalue1: 0.70511162
    isCookedKeytime: true
  }
  keytimes {
    datatype: AE_FLOAT_DATA
    timeOffset: 1.4498729
    inttype: AE_INTERP_LINEAR
    fvalue1: 0.73302054
    isCookedKeytime: true
  }
  keytimes {
    datatype: AE_FLOAT_DATA
    timeOffset: 1.4665328
    inttype: AE_INTERP_LINEAR
    fvalue1: 0.75808847
    isCookedKeytime: true
  }
  keytimes {
    datatype: AE_FLOAT_DATA
    timeOffset: 1.4831928
    inttype: AE_INTERP_LINEAR
    fvalue1: 0.78072327
    isCookedKeytime: true
  }
  keytimes {
    datatype: AE_FLOAT_DATA
    timeOffset: 1.4998528
    inttype: AE_INTERP_LINEAR
    fvalue1: 0.80125046
    isCookedKeytime: true
  }
  keytimes {
    datatype: AE_FLOAT_DATA
    timeOffset: 1.5165128
    inttype: AE_INTERP_LINEAR
    fvalue1: 0.81993312
    isCookedKeytime: true
  }
  keytimes {
    datatype: AE_FLOAT_DATA
    timeOffset: 1.5331727
    inttype: AE_INTERP_LINEAR
    fvalue1: 0.83698678
    isCookedKeytime: true
  }
  keytimes {
    datatype: AE_FLOAT_DATA
    timeOffset: 1.5498327
    inttype: AE_INTERP_LINEAR
    fvalue1: 0.85259008
    isCookedKeytime: true
  }
  keytimes {
    datatype: AE_FLOAT_DATA
    timeOffset: 1.5664927
    inttype: AE_INTERP_LINEAR
    fvalue1: 0.86689305
    isCookedKeytime: true
  }
  keytimes {
    datatype: AE_FLOAT_DATA
    timeOffset: 1.5831527
    inttype: AE_INTERP_LINEAR
    fvalue1: 0.88002235
    isCookedKeytime: true
  }
  keytimes {
    datatype: AE_FLOAT_DATA
    timeOffset: 1.5998126
    inttype: AE_INTERP_LINEAR
    fvalue1: 0.89208627
    isCookedKeytime: true
  }
  keytimes {
    datatype: AE_FLOAT_DATA
    timeOffset: 1.6164726
    inttype: AE_INTERP_LINEAR
    fvalue1: 0.9031781
    isCookedKeytime: true
  }
  keytimes {
    datatype: AE_FLOAT_DATA
    timeOffset: 1.6331326
    inttype: AE_INTERP_LINEAR
    fvalue1: 0.91337883
    isCookedKeytime: true
  }
  keytimes {
    datatype: AE_FLOAT_DATA
    timeOffset: 1.6497926
    inttype: AE_INTERP_LINEAR
    fvalue1: 0.92275912
    isCookedKeytime: true
  }
  keytimes {
    datatype: AE_FLOAT_DATA
    timeOffset: 1.6664525
    inttype: AE_INTERP_LINEAR
    fvalue1: 0.93138105
    isCookedKeytime: true
  }
  keytimes {
    datatype: AE_FLOAT_DATA
    timeOffset: 1.6831125
    inttype: AE_INTERP_LINEAR
    fvalue1: 0.93929976
    isCookedKeytime: true
  }
  keytimes {
    datatype: AE_FLOAT_DATA
    timeOffset: 1.6997725
    inttype: AE_INTERP_LINEAR
    fvalue1: 0.9465639
    isCookedKeytime: true
  }
  keytimes {
    datatype: AE_FLOAT_DATA
    timeOffset: 1.7164325
    inttype: AE_INTERP_LINEAR
    fvalue1: 0.95321715
    isCookedKeytime: true
  }
  keytimes {
    datatype: AE_FLOAT_DATA
    timeOffset: 1.7330924
    inttype: AE_INTERP_LINEAR
    fvalue1: 0.95929855
    isCookedKeytime: true
  }
  keytimes {
    datatype: AE_FLOAT_DATA
    timeOffset: 1.7497524
    inttype: AE_INTERP_LINEAR
    fvalue1: 0.96484351
    isCookedKeytime: true
  }
  keytimes {
    datatype: AE_FLOAT_DATA
    timeOffset: 1.7664124
    inttype: AE_INTERP_LINEAR
    fvalue1: 0.96988374
    isCookedKeytime: true
  }
  keytimes {
    datatype: AE_FLOAT_DATA
    timeOffset: 1.7830724
    inttype: AE_INTERP_LINEAR
    fvalue1: 0.97444814
    isCookedKeytime: true
  }
  keytimes {
    datatype: AE_FLOAT_DATA
    timeOffset: 1.7997323
    inttype: AE_INTERP_LINEAR
    fvalue1: 0.97856313
    isCookedKeytime: true
  }
  keytimes {
    datatype: AE_FLOAT_DATA
    timeOffset: 1.8163923
    inttype: AE_INTERP_LINEAR
    fvalue1: 0.9822529
    isCookedKeytime: true
  }
  keytimes {
    datatype: AE_FLOAT_DATA
    timeOffset: 1.8330523
    inttype: AE_INTERP_LINEAR
    fvalue1: 0.9855392
    isCookedKeytime: true
  }
  keytimes {
    datatype: AE_FLOAT_DATA
    timeOffset: 1.8497123
    inttype: AE_INTERP_LINEAR
    fvalue1: 0.98844248
    isCookedKeytime: true
  }
  keytimes {
    datatype: AE_FLOAT_DATA
    timeOffset: 1.8663722
    inttype: AE_INTERP_LINEAR
    fvalue1: 0.99098122
    isCookedKeytime: true
  }
  keytimes {
    datatype: AE_FLOAT_DATA
    timeOffset: 1.8830322
    inttype: AE_INTERP_LINEAR
    fvalue1: 0.99317282
    isCookedKeytime: true
  }
  keytimes {
    datatype: AE_FLOAT_DATA
    timeOffset: 1.8996922
    inttype: AE_INTERP_LINEAR
    fvalue1: 0.9950332
    isCookedKeytime: true
  }
  keytimes {
    datatype: AE_FLOAT_DATA
    timeOffset: 1.9163522
    inttype: AE_INTERP_LINEAR
    fvalue1: 0.99657708
    isCookedKeytime: true
  }
  keytimes {
    datatype: AE_FLOAT_DATA
    timeOffset: 1.9330121
    inttype: AE_INTERP_LINEAR
    fvalue1: 0.99781817
    isCookedKeytime: true
  }
  keytimes {
    datatype: AE_FLOAT_DATA
    timeOffset: 1.9496721
    inttype: AE_INTERP_LINEAR
    fvalue1: 0.99876928
    isCookedKeytime: true
  }
  keytimes {
    datatype: AE_FLOAT_DATA
    timeOffset: 1.9663321
    inttype: AE_INTERP_LINEAR
    fvalue1: 0.99944252
    isCookedKeytime: true
  }
  keytimes {
    datatype: AE_FLOAT_DATA
    timeOffset: 1.9829921
    inttype: AE_INTERP_LINEAR
    fvalue1: 0.99984878
    isCookedKeytime: true
  }
  keytimes {
    datatype: AE_FLOAT_DATA
    timeOffset: 1.999652
    inttype: AE_INTERP_LINEAR
    fvalue1: 0.99999869
    isCookedKeytime: true
  }
  keytimes {
    datatype: AE_FLOAT_DATA
    timeOffset: 2
    inttype: AE_INTERP_LINEAR
    fvalue1: 1
  }
  trackName: "Opacity"
}
tracks {
  binding: IS_VISIBLE
  targetid: 343
  targetname: "Featured"
  keytimes {
    datatype: AE_INT_DATA
    timeOffset: 0
    inttype: AE_INTERP_HOLD
    ivalue1: 1
  }
}
tracks {
  binding: OPACITY
  targetid: 343
  targetname: "Featured"
  keytimes {
    datatype: AE_FLOAT_DATA
    timeOffset: 0
    inttype: AE_INTERP_LINEAR
    fvalue1: 0
  }
  keytimes {
    datatype: AE_FLOAT_DATA
    timeOffset: 1.1
    inttype: AE_INTERP_LINEAR
    fvalue1: 0
  }
  keytimes {
    datatype: AE_FLOAT_DATA
    timeOffset: 1.11666
    inttype: AE_INTERP_LINEAR
    fvalue1: 0.0011810962
    isCookedKeytime: true
  }
  keytimes {
    datatype: AE_FLOAT_DATA
    timeOffset: 1.13332
    inttype: AE_INTERP_LINEAR
    fvalue1: 0.005077098
    isCookedKeytime: true
  }
  keytimes {
    datatype: AE_FLOAT_DATA
    timeOffset: 1.14998
    inttype: AE_INTERP_LINEAR
    fvalue1: 0.012355958
    isCookedKeytime: true
  }
  keytimes {
    datatype: AE_FLOAT_DATA
    timeOffset: 1.1666399
    inttype: AE_INTERP_LINEAR
    fvalue1: 0.023940092
    isCookedKeytime: true
  }
  keytimes {
    datatype: AE_FLOAT_DATA
    timeOffset: 1.1832999
    inttype: AE_INTERP_LINEAR
    fvalue1: 0.041129805
    isCookedKeytime: true
  }
  keytimes {
    datatype: AE_FLOAT_DATA
    timeOffset: 1.1999599
    inttype: AE_INTERP_LINEAR
    fvalue1: 0.06577675
    isCookedKeytime: true
  }
  keytimes {
    datatype: AE_FLOAT_DATA
    timeOffset: 1.2166198
    inttype: AE_INTERP_LINEAR
    fvalue1: 0.10045474
    isCookedKeytime: true
  }
  keytimes {
    datatype: AE_FLOAT_DATA
    timeOffset: 1.2332798
    inttype: AE_INTERP_LINEAR
    fvalue1: 0.14829294
    isCookedKeytime: true
  }
  keytimes {
    datatype: AE_FLOAT_DATA
    timeOffset: 1.2499398
    inttype: AE_INTERP_LINEAR
    fvalue1: 0.21135351
    isCookedKeytime: true
  }
  keytimes {
    datatype: AE_FLOAT_DATA
    timeOffset: 1.2665998
    inttype: AE_INTERP_LINEAR
    fvalue1: 0.28657228
    isCookedKeytime: true
  }
  keytimes {
    datatype: AE_FLOAT_DATA
    timeOffset: 1.2832597
    inttype: AE_INTERP_LINEAR
    fvalue1: 0.36442098
    isCookedKeytime: true
  }
  keytimes {
    datatype: AE_FLOAT_DATA
    timeOffset: 1.2999197
    inttype: AE_INTERP_LINEAR
    fvalue1: 0.43610898
    isCookedKeytime: true
  }
  keytimes {
    datatype: AE_FLOAT_DATA
    timeOffset: 1.3165797
    inttype: AE_INTERP_LINEAR
    fvalue1: 0.4985323
    isCookedKeytime: true
  }
  keytimes {
    datatype: AE_FLOAT_DATA
    timeOffset: 1.3332397
    inttype: AE_INTERP_LINEAR
    fvalue1: 0.55214053
    isCookedKeytime: true
  }
  keytimes {
    datatype: AE_FLOAT_DATA
    timeOffset: 1.3498996
    inttype: AE_INTERP_LINEAR
    fvalue1: 0.59835142
    isCookedKeytime: true
  }
  keytimes {
    datatype: AE_FLOAT_DATA
    timeOffset: 1.3665596
    inttype: AE_INTERP_LINEAR
    fvalue1: 0.63854527
    isCookedKeytime: true
  }
  keytimes {
    datatype: AE_FLOAT_DATA
    timeOffset: 1.3832196
    inttype: AE_INTERP_LINEAR
    fvalue1: 0.67384261
    isCookedKeytime: true
  }
  keytimes {
    datatype: AE_FLOAT_DATA
    timeOffset: 1.3998796
    inttype: AE_INTERP_LINEAR
    fvalue1: 0.70511162
    isCookedKeytime: true
  }
  keytimes {
    datatype: AE_FLOAT_DATA
    timeOffset: 1.4165395
    inttype: AE_INTERP_LINEAR
    fvalue1: 0.73302054
    isCookedKeytime: true
  }
  keytimes {
    datatype: AE_FLOAT_DATA
    timeOffset: 1.4331995
    inttype: AE_INTERP_LINEAR
    fvalue1: 0.75808847
    isCookedKeytime: true
  }
  keytimes {
    datatype: AE_FLOAT_DATA
    timeOffset: 1.4498595
    inttype: AE_INTERP_LINEAR
    fvalue1: 0.78072327
    isCookedKeytime: true
  }
  keytimes {
    datatype: AE_FLOAT_DATA
    timeOffset: 1.4665195
    inttype: AE_INTERP_LINEAR
    fvalue1: 0.80125046
    isCookedKeytime: true
  }
  keytimes {
    datatype: AE_FLOAT_DATA
    timeOffset: 1.4831795
    inttype: AE_INTERP_LINEAR
    fvalue1: 0.81993312
    isCookedKeytime: true
  }
  keytimes {
    datatype: AE_FLOAT_DATA
    timeOffset: 1.4998394
    inttype: AE_INTERP_LINEAR
    fvalue1: 0.83698678
    isCookedKeytime: true
  }
  keytimes {
    datatype: AE_FLOAT_DATA
    timeOffset: 1.5164994
    inttype: AE_INTERP_LINEAR
    fvalue1: 0.85259008
    isCookedKeytime: true
  }
  keytimes {
    datatype: AE_FLOAT_DATA
    timeOffset: 1.5331594
    inttype: AE_INTERP_LINEAR
    fvalue1: 0.86689305
    isCookedKeytime: true
  }
  keytimes {
    datatype: AE_FLOAT_DATA
    timeOffset: 1.5498194
    inttype: AE_INTERP_LINEAR
    fvalue1: 0.88002235
    isCookedKeytime: true
  }
  keytimes {
    datatype: AE_FLOAT_DATA
    timeOffset: 1.5664793
    inttype: AE_INTERP_LINEAR
    fvalue1: 0.89208627
    isCookedKeytime: true
  }
  keytimes {
    datatype: AE_FLOAT_DATA
    timeOffset: 1.5831393
    inttype: AE_INTERP_LINEAR
    fvalue1: 0.9031781
    isCookedKeytime: true
  }
  keytimes {
    datatype: AE_FLOAT_DATA
    timeOffset: 1.5997993
    inttype: AE_INTERP_LINEAR
    fvalue1: 0.91337883
    isCookedKeytime: true
  }
  keytimes {
    datatype: AE_FLOAT_DATA
    timeOffset: 1.6164593
    inttype: AE_INTERP_LINEAR
    fvalue1: 0.92275912
    isCookedKeytime: true
  }
  keytimes {
    datatype: AE_FLOAT_DATA
    timeOffset: 1.6331192
    inttype: AE_INTERP_LINEAR
    fvalue1: 0.93138105
    isCookedKeytime: true
  }
  keytimes {
    datatype: AE_FLOAT_DATA
    timeOffset: 1.6497792
    inttype: AE_INTERP_LINEAR
    fvalue1: 0.93929976
    isCookedKeytime: true
  }
  keytimes {
    datatype: AE_FLOAT_DATA
    timeOffset: 1.6664392
    inttype: AE_INTERP_LINEAR
    fvalue1: 0.9465639
    isCookedKeytime: true
  }
  keytimes {
    datatype: AE_FLOAT_DATA
    timeOffset: 1.6830992
    inttype: AE_INTERP_LINEAR
    fvalue1: 0.95321715
    isCookedKeytime: true
  }
  keytimes {
    datatype: AE_FLOAT_DATA
    timeOffset: 1.6997591
    inttype: AE_INTERP_LINEAR
    fvalue1: 0.95929855
    isCookedKeytime: true
  }
  keytimes {
    datatype: AE_FLOAT_DATA
    timeOffset: 1.7164191
    inttype: AE_INTERP_LINEAR
    fvalue1: 0.96484351
    isCookedKeytime: true
  }
  keytimes {
    datatype: AE_FLOAT_DATA
    timeOffset: 1.7330791
    inttype: AE_INTERP_LINEAR
    fvalue1: 0.96988374
    isCookedKeytime: true
  }
  keytimes {
    datatype: AE_FLOAT_DATA
    timeOffset: 1.7497391
    inttype: AE_INTERP_LINEAR
    fvalue1: 0.97444814
    isCookedKeytime: true
  }
  keytimes {
    datatype: AE_FLOAT_DATA
    timeOffset: 1.766399
    inttype: AE_INTERP_LINEAR
    fvalue1: 0.97856313
    isCookedKeytime: true
  }
  keytimes {
    datatype: AE_FLOAT_DATA
    timeOffset: 1.783059
    inttype: AE_INTERP_LINEAR
    fvalue1: 0.9822529
    isCookedKeytime: true
  }
  keytimes {
    datatype: AE_FLOAT_DATA
    timeOffset: 1.799719
    inttype: AE_INTERP_LINEAR
    fvalue1: 0.9855392
    isCookedKeytime: true
  }
  keytimes {
    datatype: AE_FLOAT_DATA
    timeOffset: 1.816379
    inttype: AE_INTERP_LINEAR
    fvalue1: 0.98844248
    isCookedKeytime: true
  }
  keytimes {
    datatype: AE_FLOAT_DATA
    timeOffset: 1.8330389
    inttype: AE_INTERP_LINEAR
    fvalue1: 0.99098122
    isCookedKeytime: true
  }
  keytimes {
    datatype: AE_FLOAT_DATA
    timeOffset: 1.8496989
    inttype: AE_INTERP_LINEAR
    fvalue1: 0.99317282
    isCookedKeytime: true
  }
  keytimes {
    datatype: AE_FLOAT_DATA
    timeOffset: 1.8663589
    inttype: AE_INTERP_LINEAR
    fvalue1: 0.9950332
    isCookedKeytime: true
  }
  keytimes {
    datatype: AE_FLOAT_DATA
    timeOffset: 1.8830189
    inttype: AE_INTERP_LINEAR
    fvalue1: 0.99657708
    isCookedKeytime: true
  }
  keytimes {
    datatype: AE_FLOAT_DATA
    timeOffset: 1.8996788
    inttype: AE_INTERP_LINEAR
    fvalue1: 0.99781817
    isCookedKeytime: true
  }
  keytimes {
    datatype: AE_FLOAT_DATA
    timeOffset: 1.9163388
    inttype: AE_INTERP_LINEAR
    fvalue1: 0.99876928
    isCookedKeytime: true
  }
  keytimes {
    datatype: AE_FLOAT_DATA
    timeOffset: 1.9329988
    inttype: AE_INTERP_LINEAR
    fvalue1: 0.99944252
    isCookedKeytime: true
  }
  keytimes {
    datatype: AE_FLOAT_DATA
    timeOffset: 1.9496588
    inttype: AE_INTERP_LINEAR
    fvalue1: 0.99984878
    isCookedKeytime: true
  }
  keytimes {
    datatype: AE_FLOAT_DATA
    timeOffset: 1.9663187
    inttype: AE_INTERP_LINEAR
    fvalue1: 0.99999869
    isCookedKeytime: true
  }
  keytimes {
    datatype: AE_FLOAT_DATA
    timeOffset: 1.9666667
    inttype: AE_INTERP_LINEAR
    fvalue1: 1
  }
  trackName: "Opacity"
}
tracks {
  binding: IS_VISIBLE
  targetid: 344
  targetname: "Text-Overview"
  keytimes {
    datatype: AE_INT_DATA
    timeOffset: 0
    inttype: AE_INTERP_HOLD
    ivalue1: 1
  }
}
tracks {
  binding: OPACITY
  targetid: 344
  targetname: "Text-Overview"
  keytimes {
    datatype: AE_FLOAT_DATA
    timeOffset: 0
    inttype: AE_INTERP_LINEAR
    fvalue1: 0
  }
  keytimes {
    datatype: AE_FLOAT_DATA
    timeOffset: 1.0666667
    inttype: AE_INTERP_LINEAR
    fvalue1: 0
  }
  keytimes {
    datatype: AE_FLOAT_DATA
    timeOffset: 1.0833267
    inttype: AE_INTERP_LINEAR
    fvalue1: 0.0011810962
    isCookedKeytime: true
  }
  keytimes {
    datatype: AE_FLOAT_DATA
    timeOffset: 1.0999867
    inttype: AE_INTERP_LINEAR
    fvalue1: 0.005077098
    isCookedKeytime: true
  }
  keytimes {
    datatype: AE_FLOAT_DATA
    timeOffset: 1.1166466
    inttype: AE_INTERP_LINEAR
    fvalue1: 0.012355958
    isCookedKeytime: true
  }
  keytimes {
    datatype: AE_FLOAT_DATA
    timeOffset: 1.1333066
    inttype: AE_INTERP_LINEAR
    fvalue1: 0.023940092
    isCookedKeytime: true
  }
  keytimes {
    datatype: AE_FLOAT_DATA
    timeOffset: 1.1499666
    inttype: AE_INTERP_LINEAR
    fvalue1: 0.041129805
    isCookedKeytime: true
  }
  keytimes {
    datatype: AE_FLOAT_DATA
    timeOffset: 1.1666266
    inttype: AE_INTERP_LINEAR
    fvalue1: 0.06577675
    isCookedKeytime: true
  }
  keytimes {
    datatype: AE_FLOAT_DATA
    timeOffset: 1.1832865
    inttype: AE_INTERP_LINEAR
    fvalue1: 0.10045474
    isCookedKeytime: true
  }
  keytimes {
    datatype: AE_FLOAT_DATA
    timeOffset: 1.1999465
    inttype: AE_INTERP_LINEAR
    fvalue1: 0.14829294
    isCookedKeytime: true
  }
  keytimes {
    datatype: AE_FLOAT_DATA
    timeOffset: 1.2166065
    inttype: AE_INTERP_LINEAR
    fvalue1: 0.21135351
    isCookedKeytime: true
  }
  keytimes {
    datatype: AE_FLOAT_DATA
    timeOffset: 1.2332665
    inttype: AE_INTERP_LINEAR
    fvalue1: 0.28657228
    isCookedKeytime: true
  }
  keytimes {
    datatype: AE_FLOAT_DATA
    timeOffset: 1.2499264
    inttype: AE_INTERP_LINEAR
    fvalue1: 0.36442098
    isCookedKeytime: true
  }
  keytimes {
    datatype: AE_FLOAT_DATA
    timeOffset: 1.2665864
    inttype: AE_INTERP_LINEAR
    fvalue1: 0.43610898
    isCookedKeytime: true
  }
  keytimes {
    datatype: AE_FLOAT_DATA
    timeOffset: 1.2832464
    inttype: AE_INTERP_LINEAR
    fvalue1: 0.4985323
    isCookedKeytime: true
  }
  keytimes {
    datatype: AE_FLOAT_DATA
    timeOffset: 1.2999064
    inttype: AE_INTERP_LINEAR
    fvalue1: 0.55214053
    isCookedKeytime: true
  }
  keytimes {
    datatype: AE_FLOAT_DATA
    timeOffset: 1.3165663
    inttype: AE_INTERP_LINEAR
    fvalue1: 0.59835142
    isCookedKeytime: true
  }
  keytimes {
    datatype: AE_FLOAT_DATA
    timeOffset: 1.3332263
    inttype: AE_INTERP_LINEAR
    fvalue1: 0.63854527
    isCookedKeytime: true
  }
  keytimes {
    datatype: AE_FLOAT_DATA
    timeOffset: 1.3498863
    inttype: AE_INTERP_LINEAR
    fvalue1: 0.67384261
    isCookedKeytime: true
  }
  keytimes {
    datatype: AE_FLOAT_DATA
    timeOffset: 1.3665463
    inttype: AE_INTERP_LINEAR
    fvalue1: 0.70511162
    isCookedKeytime: true
  }
  keytimes {
    datatype: AE_FLOAT_DATA
    timeOffset: 1.3832062
    inttype: AE_INTERP_LINEAR
    fvalue1: 0.73302054
    isCookedKeytime: true
  }
  keytimes {
    datatype: AE_FLOAT_DATA
    timeOffset: 1.3998662
    inttype: AE_INTERP_LINEAR
    fvalue1: 0.75808847
    isCookedKeytime: true
  }
  keytimes {
    datatype: AE_FLOAT_DATA
    timeOffset: 1.4165262
    inttype: AE_INTERP_LINEAR
    fvalue1: 0.78072327
    isCookedKeytime: true
  }
  keytimes {
    datatype: AE_FLOAT_DATA
    timeOffset: 1.4331862
    inttype: AE_INTERP_LINEAR
    fvalue1: 0.80125046
    isCookedKeytime: true
  }
  keytimes {
    datatype: AE_FLOAT_DATA
    timeOffset: 1.4498461
    inttype: AE_INTERP_LINEAR
    fvalue1: 0.81993312
    isCookedKeytime: true
  }
  keytimes {
    datatype: AE_FLOAT_DATA
    timeOffset: 1.4665061
    inttype: AE_INTERP_LINEAR
    fvalue1: 0.83698678
    isCookedKeytime: true
  }
  keytimes {
    datatype: AE_FLOAT_DATA
    timeOffset: 1.4831661
    inttype: AE_INTERP_LINEAR
    fvalue1: 0.85259008
    isCookedKeytime: true
  }
  keytimes {
    datatype: AE_FLOAT_DATA
    timeOffset: 1.4998261
    inttype: AE_INTERP_LINEAR
    fvalue1: 0.86689305
    isCookedKeytime: true
  }
  keytimes {
    datatype: AE_FLOAT_DATA
    timeOffset: 1.516486
    inttype: AE_INTERP_LINEAR
    fvalue1: 0.88002235
    isCookedKeytime: true
  }
  keytimes {
    datatype: AE_FLOAT_DATA
    timeOffset: 1.533146
    inttype: AE_INTERP_LINEAR
    fvalue1: 0.89208627
    isCookedKeytime: true
  }
  keytimes {
    datatype: AE_FLOAT_DATA
    timeOffset: 1.549806
    inttype: AE_INTERP_LINEAR
    fvalue1: 0.9031781
    isCookedKeytime: true
  }
  keytimes {
    datatype: AE_FLOAT_DATA
    timeOffset: 1.566466
    inttype: AE_INTERP_LINEAR
    fvalue1: 0.91337883
    isCookedKeytime: true
  }
  keytimes {
    datatype: AE_FLOAT_DATA
    timeOffset: 1.5831259
    inttype: AE_INTERP_LINEAR
    fvalue1: 0.92275912
    isCookedKeytime: true
  }
  keytimes {
    datatype: AE_FLOAT_DATA
    timeOffset: 1.5997859
    inttype: AE_INTERP_LINEAR
    fvalue1: 0.93138105
    isCookedKeytime: true
  }
  keytimes {
    datatype: AE_FLOAT_DATA
    timeOffset: 1.6164459
    inttype: AE_INTERP_LINEAR
    fvalue1: 0.93929976
    isCookedKeytime: true
  }
  keytimes {
    datatype: AE_FLOAT_DATA
    timeOffset: 1.6331059
    inttype: AE_INTERP_LINEAR
    fvalue1: 0.9465639
    isCookedKeytime: true
  }
  keytimes {
    datatype: AE_FLOAT_DATA
    timeOffset: 1.6497658
    inttype: AE_INTERP_LINEAR
    fvalue1: 0.95321715
    isCookedKeytime: true
  }
  keytimes {
    datatype: AE_FLOAT_DATA
    timeOffset: 1.6664258
    inttype: AE_INTERP_LINEAR
    fvalue1: 0.95929855
    isCookedKeytime: true
  }
  keytimes {
    datatype: AE_FLOAT_DATA
    timeOffset: 1.6830858
    inttype: AE_INTERP_LINEAR
    fvalue1: 0.96484351
    isCookedKeytime: true
  }
  keytimes {
    datatype: AE_FLOAT_DATA
    timeOffset: 1.6997458
    inttype: AE_INTERP_LINEAR
    fvalue1: 0.96988374
    isCookedKeytime: true
  }
  keytimes {
    datatype: AE_FLOAT_DATA
    timeOffset: 1.7164057
    inttype: AE_INTERP_LINEAR
    fvalue1: 0.97444814
    isCookedKeytime: true
  }
  keytimes {
    datatype: AE_FLOAT_DATA
    timeOffset: 1.7330657
    inttype: AE_INTERP_LINEAR
    fvalue1: 0.97856313
    isCookedKeytime: true
  }
  keytimes {
    datatype: AE_FLOAT_DATA
    timeOffset: 1.7497257
    inttype: AE_INTERP_LINEAR
    fvalue1: 0.9822529
    isCookedKeytime: true
  }
  keytimes {
    datatype: AE_FLOAT_DATA
    timeOffset: 1.7663857
    inttype: AE_INTERP_LINEAR
    fvalue1: 0.9855392
    isCookedKeytime: true
  }
  keytimes {
    datatype: AE_FLOAT_DATA
    timeOffset: 1.7830456
    inttype: AE_INTERP_LINEAR
    fvalue1: 0.98844248
    isCookedKeytime: true
  }
  keytimes {
    datatype: AE_FLOAT_DATA
    timeOffset: 1.7997056
    inttype: AE_INTERP_LINEAR
    fvalue1: 0.99098122
    isCookedKeytime: true
  }
  keytimes {
    datatype: AE_FLOAT_DATA
    timeOffset: 1.8163656
    inttype: AE_INTERP_LINEAR
    fvalue1: 0.99317282
    isCookedKeytime: true
  }
  keytimes {
    datatype: AE_FLOAT_DATA
    timeOffset: 1.8330256
    inttype: AE_INTERP_LINEAR
    fvalue1: 0.9950332
    isCookedKeytime: true
  }
  keytimes {
    datatype: AE_FLOAT_DATA
    timeOffset: 1.8496855
    inttype: AE_INTERP_LINEAR
    fvalue1: 0.99657708
    isCookedKeytime: true
  }
  keytimes {
    datatype: AE_FLOAT_DATA
    timeOffset: 1.8663455
    inttype: AE_INTERP_LINEAR
    fvalue1: 0.99781817
    isCookedKeytime: true
  }
  keytimes {
    datatype: AE_FLOAT_DATA
    timeOffset: 1.8830055
    inttype: AE_INTERP_LINEAR
    fvalue1: 0.99876928
    isCookedKeytime: true
  }
  keytimes {
    datatype: AE_FLOAT_DATA
    timeOffset: 1.8996655
    inttype: AE_INTERP_LINEAR
    fvalue1: 0.99944252
    isCookedKeytime: true
  }
  keytimes {
    datatype: AE_FLOAT_DATA
    timeOffset: 1.9163254
    inttype: AE_INTERP_LINEAR
    fvalue1: 0.99984878
    isCookedKeytime: true
  }
  keytimes {
    datatype: AE_FLOAT_DATA
    timeOffset: 1.9333333
    inttype: AE_INTERP_LINEAR
    fvalue1: 1
  }
  trackName: "Opacity"
}
tracks {
  binding: IS_VISIBLE
  targetid: 345
  targetname: "Overview"
  keytimes {
    datatype: AE_INT_DATA
    timeOffset: 0
    inttype: AE_INTERP_HOLD
    ivalue1: 1
  }
}
tracks {
  binding: OPACITY
  targetid: 345
  targetname: "Overview"
  keytimes {
    datatype: AE_FLOAT_DATA
    timeOffset: 0
    inttype: AE_INTERP_LINEAR
    fvalue1: 0
  }
  keytimes {
    datatype: AE_FLOAT_DATA
    timeOffset: 1.0333333
    inttype: AE_INTERP_LINEAR
    fvalue1: 0
  }
  keytimes {
    datatype: AE_FLOAT_DATA
    timeOffset: 1.0499933
    inttype: AE_INTERP_LINEAR
    fvalue1: 0.0011810962
    isCookedKeytime: true
  }
  keytimes {
    datatype: AE_FLOAT_DATA
    timeOffset: 1.0666533
    inttype: AE_INTERP_LINEAR
    fvalue1: 0.005077098
    isCookedKeytime: true
  }
  keytimes {
    datatype: AE_FLOAT_DATA
    timeOffset: 1.0833132
    inttype: AE_INTERP_LINEAR
    fvalue1: 0.012355958
    isCookedKeytime: true
  }
  keytimes {
    datatype: AE_FLOAT_DATA
    timeOffset: 1.0999732
    inttype: AE_INTERP_LINEAR
    fvalue1: 0.023940092
    isCookedKeytime: true
  }
  keytimes {
    datatype: AE_FLOAT_DATA
    timeOffset: 1.1166332
    inttype: AE_INTERP_LINEAR
    fvalue1: 0.041129805
    isCookedKeytime: true
  }
  keytimes {
    datatype: AE_FLOAT_DATA
    timeOffset: 1.1332932
    inttype: AE_INTERP_LINEAR
    fvalue1: 0.06577675
    isCookedKeytime: true
  }
  keytimes {
    datatype: AE_FLOAT_DATA
    timeOffset: 1.1499531
    inttype: AE_INTERP_LINEAR
    fvalue1: 0.10045474
    isCookedKeytime: true
  }
  keytimes {
    datatype: AE_FLOAT_DATA
    timeOffset: 1.1666131
    inttype: AE_INTERP_LINEAR
    fvalue1: 0.14829294
    isCookedKeytime: true
  }
  keytimes {
    datatype: AE_FLOAT_DATA
    timeOffset: 1.1832731
    inttype: AE_INTERP_LINEAR
    fvalue1: 0.21135351
    isCookedKeytime: true
  }
  keytimes {
    datatype: AE_FLOAT_DATA
    timeOffset: 1.1999331
    inttype: AE_INTERP_LINEAR
    fvalue1: 0.28657228
    isCookedKeytime: true
  }
  keytimes {
    datatype: AE_FLOAT_DATA
    timeOffset: 1.216593
    inttype: AE_INTERP_LINEAR
    fvalue1: 0.36442098
    isCookedKeytime: true
  }
  keytimes {
    datatype: AE_FLOAT_DATA
    timeOffset: 1.233253
    inttype: AE_INTERP_LINEAR
    fvalue1: 0.43610898
    isCookedKeytime: true
  }
  keytimes {
    datatype: AE_FLOAT_DATA
    timeOffset: 1.249913
    inttype: AE_INTERP_LINEAR
    fvalue1: 0.4985323
    isCookedKeytime: true
  }
  keytimes {
    datatype: AE_FLOAT_DATA
    timeOffset: 1.266573
    inttype: AE_INTERP_LINEAR
    fvalue1: 0.55214053
    isCookedKeytime: true
  }
  keytimes {
    datatype: AE_FLOAT_DATA
    timeOffset: 1.2832329
    inttype: AE_INTERP_LINEAR
    fvalue1: 0.59835142
    isCookedKeytime: true
  }
  keytimes {
    datatype: AE_FLOAT_DATA
    timeOffset: 1.2998929
    inttype: AE_INTERP_LINEAR
    fvalue1: 0.63854527
    isCookedKeytime: true
  }
  keytimes {
    datatype: AE_FLOAT_DATA
    timeOffset: 1.3165529
    inttype: AE_INTERP_LINEAR
    fvalue1: 0.67384261
    isCookedKeytime: true
  }
  keytimes {
    datatype: AE_FLOAT_DATA
    timeOffset: 1.3332129
    inttype: AE_INTERP_LINEAR
    fvalue1: 0.70511162
    isCookedKeytime: true
  }
  keytimes {
    datatype: AE_FLOAT_DATA
    timeOffset: 1.3498728
    inttype: AE_INTERP_LINEAR
    fvalue1: 0.73302054
    isCookedKeytime: true
  }
  keytimes {
    datatype: AE_FLOAT_DATA
    timeOffset: 1.3665328
    inttype: AE_INTERP_LINEAR
    fvalue1: 0.75808847
    isCookedKeytime: true
  }
  keytimes {
    datatype: AE_FLOAT_DATA
    timeOffset: 1.3831928
    inttype: AE_INTERP_LINEAR
    fvalue1: 0.78072327
    isCookedKeytime: true
  }
  keytimes {
    datatype: AE_FLOAT_DATA
    timeOffset: 1.3998528
    inttype: AE_INTERP_LINEAR
    fvalue1: 0.80125046
    isCookedKeytime: true
  }
  keytimes {
    datatype: AE_FLOAT_DATA
    timeOffset: 1.4165127
    inttype: AE_INTERP_LINEAR
    fvalue1: 0.81993312
    isCookedKeytime: true
  }
  keytimes {
    datatype: AE_FLOAT_DATA
    timeOffset: 1.4331727
    inttype: AE_INTERP_LINEAR
    fvalue1: 0.83698678
    isCookedKeytime: true
  }
  keytimes {
    datatype: AE_FLOAT_DATA
    timeOffset: 1.4498327
    inttype: AE_INTERP_LINEAR
    fvalue1: 0.85259008
    isCookedKeytime: true
  }
  keytimes {
    datatype: AE_FLOAT_DATA
    timeOffset: 1.4664927
    inttype: AE_INTERP_LINEAR
    fvalue1: 0.86689305
    isCookedKeytime: true
  }
  keytimes {
    datatype: AE_FLOAT_DATA
    timeOffset: 1.4831526
    inttype: AE_INTERP_LINEAR
    fvalue1: 0.88002235
    isCookedKeytime: true
  }
  keytimes {
    datatype: AE_FLOAT_DATA
    timeOffset: 1.4998126
    inttype: AE_INTERP_LINEAR
    fvalue1: 0.89208627
    isCookedKeytime: true
  }
  keytimes {
    datatype: AE_FLOAT_DATA
    timeOffset: 1.5164726
    inttype: AE_INTERP_LINEAR
    fvalue1: 0.9031781
    isCookedKeytime: true
  }
  keytimes {
    datatype: AE_FLOAT_DATA
    timeOffset: 1.5331326
    inttype: AE_INTERP_LINEAR
    fvalue1: 0.91337883
    isCookedKeytime: true
  }
  keytimes {
    datatype: AE_FLOAT_DATA
    timeOffset: 1.5497925
    inttype: AE_INTERP_LINEAR
    fvalue1: 0.92275912
    isCookedKeytime: true
  }
  keytimes {
    datatype: AE_FLOAT_DATA
    timeOffset: 1.5664525
    inttype: AE_INTERP_LINEAR
    fvalue1: 0.93138105
    isCookedKeytime: true
  }
  keytimes {
    datatype: AE_FLOAT_DATA
    timeOffset: 1.5831125
    inttype: AE_INTERP_LINEAR
    fvalue1: 0.93929976
    isCookedKeytime: true
  }
  keytimes {
    datatype: AE_FLOAT_DATA
    timeOffset: 1.5997725
    inttype: AE_INTERP_LINEAR
    fvalue1: 0.9465639
    isCookedKeytime: true
  }
  keytimes {
    datatype: AE_FLOAT_DATA
    timeOffset: 1.6164324
    inttype: AE_INTERP_LINEAR
    fvalue1: 0.95321715
    isCookedKeytime: true
  }
  keytimes {
    datatype: AE_FLOAT_DATA
    timeOffset: 1.6330924
    inttype: AE_INTERP_LINEAR
    fvalue1: 0.95929855
    isCookedKeytime: true
  }
  keytimes {
    datatype: AE_FLOAT_DATA
    timeOffset: 1.6497524
    inttype: AE_INTERP_LINEAR
    fvalue1: 0.96484351
    isCookedKeytime: true
  }
  keytimes {
    datatype: AE_FLOAT_DATA
    timeOffset: 1.6664124
    inttype: AE_INTERP_LINEAR
    fvalue1: 0.96988374
    isCookedKeytime: true
  }
  keytimes {
    datatype: AE_FLOAT_DATA
    timeOffset: 1.6830723
    inttype: AE_INTERP_LINEAR
    fvalue1: 0.97444814
    isCookedKeytime: true
  }
  keytimes {
    datatype: AE_FLOAT_DATA
    timeOffset: 1.6997323
    inttype: AE_INTERP_LINEAR
    fvalue1: 0.97856313
    isCookedKeytime: true
  }
  keytimes {
    datatype: AE_FLOAT_DATA
    timeOffset: 1.7163923
    inttype: AE_INTERP_LINEAR
    fvalue1: 0.9822529
    isCookedKeytime: true
  }
  keytimes {
    datatype: AE_FLOAT_DATA
    timeOffset: 1.7330523
    inttype: AE_INTERP_LINEAR
    fvalue1: 0.9855392
    isCookedKeytime: true
  }
  keytimes {
    datatype: AE_FLOAT_DATA
    timeOffset: 1.7497122
    inttype: AE_INTERP_LINEAR
    fvalue1: 0.98844248
    isCookedKeytime: true
  }
  keytimes {
    datatype: AE_FLOAT_DATA
    timeOffset: 1.7663722
    inttype: AE_INTERP_LINEAR
    fvalue1: 0.99098122
    isCookedKeytime: true
  }
  keytimes {
    datatype: AE_FLOAT_DATA
    timeOffset: 1.7830322
    inttype: AE_INTERP_LINEAR
    fvalue1: 0.99317282
    isCookedKeytime: true
  }
  keytimes {
    datatype: AE_FLOAT_DATA
    timeOffset: 1.7996922
    inttype: AE_INTERP_LINEAR
    fvalue1: 0.9950332
    isCookedKeytime: true
  }
  keytimes {
    datatype: AE_FLOAT_DATA
    timeOffset: 1.8163521
    inttype: AE_INTERP_LINEAR
    fvalue1: 0.99657708
    isCookedKeytime: true
  }
  keytimes {
    datatype: AE_FLOAT_DATA
    timeOffset: 1.8330121
    inttype: AE_INTERP_LINEAR
    fvalue1: 0.99781817
    isCookedKeytime: true
  }
  keytimes {
    datatype: AE_FLOAT_DATA
    timeOffset: 1.8496721
    inttype: AE_INTERP_LINEAR
    fvalue1: 0.99876928
    isCookedKeytime: true
  }
  keytimes {
    datatype: AE_FLOAT_DATA
    timeOffset: 1.8663321
    inttype: AE_INTERP_LINEAR
    fvalue1: 0.99944252
    isCookedKeytime: true
  }
  keytimes {
    datatype: AE_FLOAT_DATA
    timeOffset: 1.882992
    inttype: AE_INTERP_LINEAR
    fvalue1: 0.99984878
    isCookedKeytime: true
  }
  keytimes {
    datatype: AE_FLOAT_DATA
    timeOffset: 1.899652
    inttype: AE_INTERP_LINEAR
    fvalue1: 0.99999869
    isCookedKeytime: true
  }
  keytimes {
    datatype: AE_FLOAT_DATA
    timeOffset: 1.9
    inttype: AE_INTERP_LINEAR
    fvalue1: 1
  }
  trackName: "Opacity"
}
tracks {
  binding: IS_VISIBLE
  targetid: 346
  targetname: "Details"
  keytimes {
    datatype: AE_INT_DATA
    timeOffset: 0
    inttype: AE_INTERP_HOLD
    ivalue1: 1
  }
}
tracks {
  binding: OPACITY
  targetid: 346
  targetname: "Details"
  keytimes {
    datatype: AE_FLOAT_DATA
    timeOffset: 0
    inttype: AE_INTERP_LINEAR
    fvalue1: 0
  }
  keytimes {
    datatype: AE_FLOAT_DATA
    timeOffset: 1.0333333
    inttype: AE_INTERP_LINEAR
    fvalue1: 0
  }
  keytimes {
    datatype: AE_FLOAT_DATA
    timeOffset: 1.0499933
    inttype: AE_INTERP_LINEAR
    fvalue1: 0.0011810962
    isCookedKeytime: true
  }
  keytimes {
    datatype: AE_FLOAT_DATA
    timeOffset: 1.0666533
    inttype: AE_INTERP_LINEAR
    fvalue1: 0.005077098
    isCookedKeytime: true
  }
  keytimes {
    datatype: AE_FLOAT_DATA
    timeOffset: 1.0833132
    inttype: AE_INTERP_LINEAR
    fvalue1: 0.012355958
    isCookedKeytime: true
  }
  keytimes {
    datatype: AE_FLOAT_DATA
    timeOffset: 1.0999732
    inttype: AE_INTERP_LINEAR
    fvalue1: 0.023940092
    isCookedKeytime: true
  }
  keytimes {
    datatype: AE_FLOAT_DATA
    timeOffset: 1.1166332
    inttype: AE_INTERP_LINEAR
    fvalue1: 0.041129805
    isCookedKeytime: true
  }
  keytimes {
    datatype: AE_FLOAT_DATA
    timeOffset: 1.1332932
    inttype: AE_INTERP_LINEAR
    fvalue1: 0.06577675
    isCookedKeytime: true
  }
  keytimes {
    datatype: AE_FLOAT_DATA
    timeOffset: 1.1499531
    inttype: AE_INTERP_LINEAR
    fvalue1: 0.10045474
    isCookedKeytime: true
  }
  keytimes {
    datatype: AE_FLOAT_DATA
    timeOffset: 1.1666131
    inttype: AE_INTERP_LINEAR
    fvalue1: 0.14829294
    isCookedKeytime: true
  }
  keytimes {
    datatype: AE_FLOAT_DATA
    timeOffset: 1.1832731
    inttype: AE_INTERP_LINEAR
    fvalue1: 0.21135351
    isCookedKeytime: true
  }
  keytimes {
    datatype: AE_FLOAT_DATA
    timeOffset: 1.1999331
    inttype: AE_INTERP_LINEAR
    fvalue1: 0.28657228
    isCookedKeytime: true
  }
  keytimes {
    datatype: AE_FLOAT_DATA
    timeOffset: 1.216593
    inttype: AE_INTERP_LINEAR
    fvalue1: 0.36442098
    isCookedKeytime: true
  }
  keytimes {
    datatype: AE_FLOAT_DATA
    timeOffset: 1.233253
    inttype: AE_INTERP_LINEAR
    fvalue1: 0.43610898
    isCookedKeytime: true
  }
  keytimes {
    datatype: AE_FLOAT_DATA
    timeOffset: 1.249913
    inttype: AE_INTERP_LINEAR
    fvalue1: 0.4985323
    isCookedKeytime: true
  }
  keytimes {
    datatype: AE_FLOAT_DATA
    timeOffset: 1.266573
    inttype: AE_INTERP_LINEAR
    fvalue1: 0.55214053
    isCookedKeytime: true
  }
  keytimes {
    datatype: AE_FLOAT_DATA
    timeOffset: 1.2832329
    inttype: AE_INTERP_LINEAR
    fvalue1: 0.59835142
    isCookedKeytime: true
  }
  keytimes {
    datatype: AE_FLOAT_DATA
    timeOffset: 1.2998929
    inttype: AE_INTERP_LINEAR
    fvalue1: 0.63854527
    isCookedKeytime: true
  }
  keytimes {
    datatype: AE_FLOAT_DATA
    timeOffset: 1.3165529
    inttype: AE_INTERP_LINEAR
    fvalue1: 0.67384261
    isCookedKeytime: true
  }
  keytimes {
    datatype: AE_FLOAT_DATA
    timeOffset: 1.3332129
    inttype: AE_INTERP_LINEAR
    fvalue1: 0.70511162
    isCookedKeytime: true
  }
  keytimes {
    datatype: AE_FLOAT_DATA
    timeOffset: 1.3498728
    inttype: AE_INTERP_LINEAR
    fvalue1: 0.73302054
    isCookedKeytime: true
  }
  keytimes {
    datatype: AE_FLOAT_DATA
    timeOffset: 1.3665328
    inttype: AE_INTERP_LINEAR
    fvalue1: 0.75808847
    isCookedKeytime: true
  }
  keytimes {
    datatype: AE_FLOAT_DATA
    timeOffset: 1.3831928
    inttype: AE_INTERP_LINEAR
    fvalue1: 0.78072327
    isCookedKeytime: true
  }
  keytimes {
    datatype: AE_FLOAT_DATA
    timeOffset: 1.3998528
    inttype: AE_INTERP_LINEAR
    fvalue1: 0.80125046
    isCookedKeytime: true
  }
  keytimes {
    datatype: AE_FLOAT_DATA
    timeOffset: 1.4165127
    inttype: AE_INTERP_LINEAR
    fvalue1: 0.81993312
    isCookedKeytime: true
  }
  keytimes {
    datatype: AE_FLOAT_DATA
    timeOffset: 1.4331727
    inttype: AE_INTERP_LINEAR
    fvalue1: 0.83698678
    isCookedKeytime: true
  }
  keytimes {
    datatype: AE_FLOAT_DATA
    timeOffset: 1.4498327
    inttype: AE_INTERP_LINEAR
    fvalue1: 0.85259008
    isCookedKeytime: true
  }
  keytimes {
    datatype: AE_FLOAT_DATA
    timeOffset: 1.4664927
    inttype: AE_INTERP_LINEAR
    fvalue1: 0.86689305
    isCookedKeytime: true
  }
  keytimes {
    datatype: AE_FLOAT_DATA
    timeOffset: 1.4831526
    inttype: AE_INTERP_LINEAR
    fvalue1: 0.88002235
    isCookedKeytime: true
  }
  keytimes {
    datatype: AE_FLOAT_DATA
    timeOffset: 1.4998126
    inttype: AE_INTERP_LINEAR
    fvalue1: 0.89208627
    isCookedKeytime: true
  }
  keytimes {
    datatype: AE_FLOAT_DATA
    timeOffset: 1.5164726
    inttype: AE_INTERP_LINEAR
    fvalue1: 0.9031781
    isCookedKeytime: true
  }
  keytimes {
    datatype: AE_FLOAT_DATA
    timeOffset: 1.5331326
    inttype: AE_INTERP_LINEAR
    fvalue1: 0.91337883
    isCookedKeytime: true
  }
  keytimes {
    datatype: AE_FLOAT_DATA
    timeOffset: 1.5497925
    inttype: AE_INTERP_LINEAR
    fvalue1: 0.92275912
    isCookedKeytime: true
  }
  keytimes {
    datatype: AE_FLOAT_DATA
    timeOffset: 1.5664525
    inttype: AE_INTERP_LINEAR
    fvalue1: 0.93138105
    isCookedKeytime: true
  }
  keytimes {
    datatype: AE_FLOAT_DATA
    timeOffset: 1.5831125
    inttype: AE_INTERP_LINEAR
    fvalue1: 0.93929976
    isCookedKeytime: true
  }
  keytimes {
    datatype: AE_FLOAT_DATA
    timeOffset: 1.5997725
    inttype: AE_INTERP_LINEAR
    fvalue1: 0.9465639
    isCookedKeytime: true
  }
  keytimes {
    datatype: AE_FLOAT_DATA
    timeOffset: 1.6164324
    inttype: AE_INTERP_LINEAR
    fvalue1: 0.95321715
    isCookedKeytime: true
  }
  keytimes {
    datatype: AE_FLOAT_DATA
    timeOffset: 1.6330924
    inttype: AE_INTERP_LINEAR
    fvalue1: 0.95929855
    isCookedKeytime: true
  }
  keytimes {
    datatype: AE_FLOAT_DATA
    timeOffset: 1.6497524
    inttype: AE_INTERP_LINEAR
    fvalue1: 0.96484351
    isCookedKeytime: true
  }
  keytimes {
    datatype: AE_FLOAT_DATA
    timeOffset: 1.6664124
    inttype: AE_INTERP_LINEAR
    fvalue1: 0.96988374
    isCookedKeytime: true
  }
  keytimes {
    datatype: AE_FLOAT_DATA
    timeOffset: 1.6830723
    inttype: AE_INTERP_LINEAR
    fvalue1: 0.97444814
    isCookedKeytime: true
  }
  keytimes {
    datatype: AE_FLOAT_DATA
    timeOffset: 1.6997323
    inttype: AE_INTERP_LINEAR
    fvalue1: 0.97856313
    isCookedKeytime: true
  }
  keytimes {
    datatype: AE_FLOAT_DATA
    timeOffset: 1.7163923
    inttype: AE_INTERP_LINEAR
    fvalue1: 0.9822529
    isCookedKeytime: true
  }
  keytimes {
    datatype: AE_FLOAT_DATA
    timeOffset: 1.7330523
    inttype: AE_INTERP_LINEAR
    fvalue1: 0.9855392
    isCookedKeytime: true
  }
  keytimes {
    datatype: AE_FLOAT_DATA
    timeOffset: 1.7497122
    inttype: AE_INTERP_LINEAR
    fvalue1: 0.98844248
    isCookedKeytime: true
  }
  keytimes {
    datatype: AE_FLOAT_DATA
    timeOffset: 1.7663722
    inttype: AE_INTERP_LINEAR
    fvalue1: 0.99098122
    isCookedKeytime: true
  }
  keytimes {
    datatype: AE_FLOAT_DATA
    timeOffset: 1.7830322
    inttype: AE_INTERP_LINEAR
    fvalue1: 0.99317282
    isCookedKeytime: true
  }
  keytimes {
    datatype: AE_FLOAT_DATA
    timeOffset: 1.7996922
    inttype: AE_INTERP_LINEAR
    fvalue1: 0.9950332
    isCookedKeytime: true
  }
  keytimes {
    datatype: AE_FLOAT_DATA
    timeOffset: 1.8163521
    inttype: AE_INTERP_LINEAR
    fvalue1: 0.99657708
    isCookedKeytime: true
  }
  keytimes {
    datatype: AE_FLOAT_DATA
    timeOffset: 1.8330121
    inttype: AE_INTERP_LINEAR
    fvalue1: 0.99781817
    isCookedKeytime: true
  }
  keytimes {
    datatype: AE_FLOAT_DATA
    timeOffset: 1.8496721
    inttype: AE_INTERP_LINEAR
    fvalue1: 0.99876928
    isCookedKeytime: true
  }
  keytimes {
    datatype: AE_FLOAT_DATA
    timeOffset: 1.8663321
    inttype: AE_INTERP_LINEAR
    fvalue1: 0.99944252
    isCookedKeytime: true
  }
  keytimes {
    datatype: AE_FLOAT_DATA
    timeOffset: 1.882992
    inttype: AE_INTERP_LINEAR
    fvalue1: 0.99984878
    isCookedKeytime: true
  }
  keytimes {
    datatype: AE_FLOAT_DATA
    timeOffset: 1.899652
    inttype: AE_INTERP_LINEAR
    fvalue1: 0.99999869
    isCookedKeytime: true
  }
  keytimes {
    datatype: AE_FLOAT_DATA
    timeOffset: 1.9
    inttype: AE_INTERP_LINEAR
    fvalue1: 1
  }
  trackName: "Opacity"
}
tracks {
  binding: IS_VISIBLE
  targetid: 347
  targetname: "Text-Title"
  keytimes {
    datatype: AE_INT_DATA
    timeOffset: 0
    inttype: AE_INTERP_HOLD
    ivalue1: 1
  }
}
tracks {
  binding: OPACITY
  targetid: 347
  targetname: "Text-Title"
  keytimes {
    datatype: AE_FLOAT_DATA
    timeOffset: 0
    inttype: AE_INTERP_LINEAR
    fvalue1: 0
  }
  keytimes {
    datatype: AE_FLOAT_DATA
    timeOffset: 1
    inttype: AE_INTERP_LINEAR
    fvalue1: 0
  }
  keytimes {
    datatype: AE_FLOAT_DATA
    timeOffset: 1.01666
    inttype: AE_INTERP_LINEAR
    fvalue1: 0.0011810962
    isCookedKeytime: true
  }
  keytimes {
    datatype: AE_FLOAT_DATA
    timeOffset: 1.03332
    inttype: AE_INTERP_LINEAR
    fvalue1: 0.005077098
    isCookedKeytime: true
  }
  keytimes {
    datatype: AE_FLOAT_DATA
    timeOffset: 1.0499799
    inttype: AE_INTERP_LINEAR
    fvalue1: 0.012355958
    isCookedKeytime: true
  }
  keytimes {
    datatype: AE_FLOAT_DATA
    timeOffset: 1.0666399
    inttype: AE_INTERP_LINEAR
    fvalue1: 0.023940092
    isCookedKeytime: true
  }
  keytimes {
    datatype: AE_FLOAT_DATA
    timeOffset: 1.0832999
    inttype: AE_INTERP_LINEAR
    fvalue1: 0.041129805
    isCookedKeytime: true
  }
  keytimes {
    datatype: AE_FLOAT_DATA
    timeOffset: 1.0999599
    inttype: AE_INTERP_LINEAR
    fvalue1: 0.06577675
    isCookedKeytime: true
  }
  keytimes {
    datatype: AE_FLOAT_DATA
    timeOffset: 1.1166198
    inttype: AE_INTERP_LINEAR
    fvalue1: 0.10045474
    isCookedKeytime: true
  }
  keytimes {
    datatype: AE_FLOAT_DATA
    timeOffset: 1.1332798
    inttype: AE_INTERP_LINEAR
    fvalue1: 0.14829294
    isCookedKeytime: true
  }
  keytimes {
    datatype: AE_FLOAT_DATA
    timeOffset: 1.1499398
    inttype: AE_INTERP_LINEAR
    fvalue1: 0.21135351
    isCookedKeytime: true
  }
  keytimes {
    datatype: AE_FLOAT_DATA
    timeOffset: 1.1665998
    inttype: AE_INTERP_LINEAR
    fvalue1: 0.28657228
    isCookedKeytime: true
  }
  keytimes {
    datatype: AE_FLOAT_DATA
    timeOffset: 1.1832597
    inttype: AE_INTERP_LINEAR
    fvalue1: 0.36442098
    isCookedKeytime: true
  }
  keytimes {
    datatype: AE_FLOAT_DATA
    timeOffset: 1.1999197
    inttype: AE_INTERP_LINEAR
    fvalue1: 0.43610898
    isCookedKeytime: true
  }
  keytimes {
    datatype: AE_FLOAT_DATA
    timeOffset: 1.2165797
    inttype: AE_INTERP_LINEAR
    fvalue1: 0.4985323
    isCookedKeytime: true
  }
  keytimes {
    datatype: AE_FLOAT_DATA
    timeOffset: 1.2332397
    inttype: AE_INTERP_LINEAR
    fvalue1: 0.55214053
    isCookedKeytime: true
  }
  keytimes {
    datatype: AE_FLOAT_DATA
    timeOffset: 1.2498996
    inttype: AE_INTERP_LINEAR
    fvalue1: 0.59835142
    isCookedKeytime: true
  }
  keytimes {
    datatype: AE_FLOAT_DATA
    timeOffset: 1.2665596
    inttype: AE_INTERP_LINEAR
    fvalue1: 0.63854527
    isCookedKeytime: true
  }
  keytimes {
    datatype: AE_FLOAT_DATA
    timeOffset: 1.2832196
    inttype: AE_INTERP_LINEAR
    fvalue1: 0.67384261
    isCookedKeytime: true
  }
  keytimes {
    datatype: AE_FLOAT_DATA
    timeOffset: 1.2998796
    inttype: AE_INTERP_LINEAR
    fvalue1: 0.70511162
    isCookedKeytime: true
  }
  keytimes {
    datatype: AE_FLOAT_DATA
    timeOffset: 1.3165395
    inttype: AE_INTERP_LINEAR
    fvalue1: 0.73302054
    isCookedKeytime: true
  }
  keytimes {
    datatype: AE_FLOAT_DATA
    timeOffset: 1.3331995
    inttype: AE_INTERP_LINEAR
    fvalue1: 0.75808847
    isCookedKeytime: true
  }
  keytimes {
    datatype: AE_FLOAT_DATA
    timeOffset: 1.3498595
    inttype: AE_INTERP_LINEAR
    fvalue1: 0.78072327
    isCookedKeytime: true
  }
  keytimes {
    datatype: AE_FLOAT_DATA
    timeOffset: 1.3665195
    inttype: AE_INTERP_LINEAR
    fvalue1: 0.80125046
    isCookedKeytime: true
  }
  keytimes {
    datatype: AE_FLOAT_DATA
    timeOffset: 1.3831794
    inttype: AE_INTERP_LINEAR
    fvalue1: 0.81993312
    isCookedKeytime: true
  }
  keytimes {
    datatype: AE_FLOAT_DATA
    timeOffset: 1.3998394
    inttype: AE_INTERP_LINEAR
    fvalue1: 0.83698678
    isCookedKeytime: true
  }
  keytimes {
    datatype: AE_FLOAT_DATA
    timeOffset: 1.4164994
    inttype: AE_INTERP_LINEAR
    fvalue1: 0.85259008
    isCookedKeytime: true
  }
  keytimes {
    datatype: AE_FLOAT_DATA
    timeOffset: 1.4331594
    inttype: AE_INTERP_LINEAR
    fvalue1: 0.86689305
    isCookedKeytime: true
  }
  keytimes {
    datatype: AE_FLOAT_DATA
    timeOffset: 1.4498193
    inttype: AE_INTERP_LINEAR
    fvalue1: 0.88002235
    isCookedKeytime: true
  }
  keytimes {
    datatype: AE_FLOAT_DATA
    timeOffset: 1.4664793
    inttype: AE_INTERP_LINEAR
    fvalue1: 0.89208627
    isCookedKeytime: true
  }
  keytimes {
    datatype: AE_FLOAT_DATA
    timeOffset: 1.4831393
    inttype: AE_INTERP_LINEAR
    fvalue1: 0.9031781
    isCookedKeytime: true
  }
  keytimes {
    datatype: AE_FLOAT_DATA
    timeOffset: 1.4997993
    inttype: AE_INTERP_LINEAR
    fvalue1: 0.91337883
    isCookedKeytime: true
  }
  keytimes {
    datatype: AE_FLOAT_DATA
    timeOffset: 1.5164592
    inttype: AE_INTERP_LINEAR
    fvalue1: 0.92275912
    isCookedKeytime: true
  }
  keytimes {
    datatype: AE_FLOAT_DATA
    timeOffset: 1.5331192
    inttype: AE_INTERP_LINEAR
    fvalue1: 0.93138105
    isCookedKeytime: true
  }
  keytimes {
    datatype: AE_FLOAT_DATA
    timeOffset: 1.5497792
    inttype: AE_INTERP_LINEAR
    fvalue1: 0.93929976
    isCookedKeytime: true
  }
  keytimes {
    datatype: AE_FLOAT_DATA
    timeOffset: 1.5664392
    inttype: AE_INTERP_LINEAR
    fvalue1: 0.9465639
    isCookedKeytime: true
  }
  keytimes {
    datatype: AE_FLOAT_DATA
    timeOffset: 1.5830991
    inttype: AE_INTERP_LINEAR
    fvalue1: 0.95321715
    isCookedKeytime: true
  }
  keytimes {
    datatype: AE_FLOAT_DATA
    timeOffset: 1.5997591
    inttype: AE_INTERP_LINEAR
    fvalue1: 0.95929855
    isCookedKeytime: true
  }
  keytimes {
    datatype: AE_FLOAT_DATA
    timeOffset: 1.6164191
    inttype: AE_INTERP_LINEAR
    fvalue1: 0.96484351
    isCookedKeytime: true
  }
  keytimes {
    datatype: AE_FLOAT_DATA
    timeOffset: 1.6330791
    inttype: AE_INTERP_LINEAR
    fvalue1: 0.96988374
    isCookedKeytime: true
  }
  keytimes {
    datatype: AE_FLOAT_DATA
    timeOffset: 1.649739
    inttype: AE_INTERP_LINEAR
    fvalue1: 0.97444814
    isCookedKeytime: true
  }
  keytimes {
    datatype: AE_FLOAT_DATA
    timeOffset: 1.666399
    inttype: AE_INTERP_LINEAR
    fvalue1: 0.97856313
    isCookedKeytime: true
  }
  keytimes {
    datatype: AE_FLOAT_DATA
    timeOffset: 1.683059
    inttype: AE_INTERP_LINEAR
    fvalue1: 0.9822529
    isCookedKeytime: true
  }
  keytimes {
    datatype: AE_FLOAT_DATA
    timeOffset: 1.699719
    inttype: AE_INTERP_LINEAR
    fvalue1: 0.9855392
    isCookedKeytime: true
  }
  keytimes {
    datatype: AE_FLOAT_DATA
    timeOffset: 1.7163789
    inttype: AE_INTERP_LINEAR
    fvalue1: 0.98844248
    isCookedKeytime: true
  }
  keytimes {
    datatype: AE_FLOAT_DATA
    timeOffset: 1.7330389
    inttype: AE_INTERP_LINEAR
    fvalue1: 0.99098122
    isCookedKeytime: true
  }
  keytimes {
    datatype: AE_FLOAT_DATA
    timeOffset: 1.7496989
    inttype: AE_INTERP_LINEAR
    fvalue1: 0.99317282
    isCookedKeytime: true
  }
  keytimes {
    datatype: AE_FLOAT_DATA
    timeOffset: 1.7663589
    inttype: AE_INTERP_LINEAR
    fvalue1: 0.9950332
    isCookedKeytime: true
  }
  keytimes {
    datatype: AE_FLOAT_DATA
    timeOffset: 1.7830188
    inttype: AE_INTERP_LINEAR
    fvalue1: 0.99657708
    isCookedKeytime: true
  }
  keytimes {
    datatype: AE_FLOAT_DATA
    timeOffset: 1.7996788
    inttype: AE_INTERP_LINEAR
    fvalue1: 0.99781817
    isCookedKeytime: true
  }
  keytimes {
    datatype: AE_FLOAT_DATA
    timeOffset: 1.8163388
    inttype: AE_INTERP_LINEAR
    fvalue1: 0.99876928
    isCookedKeytime: true
  }
  keytimes {
    datatype: AE_FLOAT_DATA
    timeOffset: 1.8329988
    inttype: AE_INTERP_LINEAR
    fvalue1: 0.99944252
    isCookedKeytime: true
  }
  keytimes {
    datatype: AE_FLOAT_DATA
    timeOffset: 1.8496587
    inttype: AE_INTERP_LINEAR
    fvalue1: 0.99984878
    isCookedKeytime: true
  }
  keytimes {
    datatype: AE_FLOAT_DATA
    timeOffset: 1.8663187
    inttype: AE_INTERP_LINEAR
    fvalue1: 0.99999869
    isCookedKeytime: true
  }
  keytimes {
    datatype: AE_FLOAT_DATA
    timeOffset: 1.8666667
    inttype: AE_INTERP_LINEAR
    fvalue1: 1
  }
  trackName: "Opacity"
}
markers {
  starttime: 1
  duration: 1
  name: "In2"
  tracksSelection {
    targetid: 342
    binding: OPACITY
  }
  tracksSelection {
    targetid: 343
    binding: OPACITY
  }
  tracksSelection {
    targetid: 344
    binding: OPACITY
  }
  tracksSelection {
    targetid: 345
    binding: OPACITY
  }
  tracksSelection {
    targetid: 346
    binding: OPACITY
  }
  tracksSelection {
    targetid: 347
    binding: OPACITY
  }
  alltracks: false
  looping: false
}
