activecomp {
  name: "Lander_Main"
  width: 1280
  height: 720
  defaultcameradistance: 1777.7778
  layer {
    name: "List-Asset"
    id: 65080
    sourceid: 65397
    transform {
      anchorPoint {
        x: 275
        y: 400
        z: 0
      }
      scale {
        x: 0.4
        y: 0.4
        z: 1
      }
      position {
        x: 1082.5
        y: 510
        z: 0
      }
      orientation {
        x: 0
        y: 0
        z: 0
      }
      rotationX: 0
      rotationY: 0
      rotationZ: 0
      opacity: 0
    }
    acceptsshadows: true
    acceptslights: true
    castsshadows: false
  }
  layer {
    name: "List-Asset"
    id: 65081
    sourceid: 65397
    transform {
      anchorPoint {
        x: 275
        y: 400
        z: 0
      }
      scale {
        x: 0.4
        y: 0.4
        z: 1
      }
      position {
        x: 1082.5
        y: 200
        z: 0
      }
      orientation {
        x: 0
        y: 0
        z: 0
      }
      rotationX: 0
      rotationY: 0
      rotationZ: 0
      opacity: 0
    }
    acceptsshadows: true
    acceptslights: true
    castsshadows: false
  }
  layer {
    name: "List-Asset"
    id: 65082
    sourceid: 65397
    transform {
      anchorPoint {
        x: 275
        y: 400
        z: 0
      }
      scale {
        x: 0.4
        y: 0.4
        z: 1
      }
      position {
        x: 861.25
        y: 510
        z: 0
      }
      orientation {
        x: 0
        y: 0
        z: 0
      }
      rotationX: 0
      rotationY: 0
      rotationZ: 0
      opacity: 0
    }
    acceptsshadows: true
    acceptslights: true
    castsshadows: false
  }
  layer {
    name: "List-Asset"
    id: 65083
    sourceid: 65397
    transform {
      anchorPoint {
        x: 275
        y: 400
        z: 0
      }
      scale {
        x: 0.4
        y: 0.4
        z: 1
      }
      position {
        x: 861.25
        y: 200
        z: 0
      }
      orientation {
        x: 0
        y: 0
        z: 0
      }
      rotationX: 0
      rotationY: 0
      rotationZ: 0
      opacity: 0
    }
    acceptsshadows: true
    acceptslights: true
    castsshadows: false
  }
  layer {
    name: "List-Asset"
    id: 65084
    sourceid: 65397
    transform {
      anchorPoint {
        x: 275
        y: 400
        z: 0
      }
      scale {
        x: 0.4
        y: 0.4
        z: 1
      }
      position {
        x: 640
        y: 512
        z: 0
      }
      orientation {
        x: 0
        y: 0
        z: 0
      }
      rotationX: 0
      rotationY: 0
      rotationZ: 0
      opacity: 0
    }
    acceptsshadows: true
    acceptslights: true
    castsshadows: false
  }
  layer {
    name: "List-Asset"
    id: 65085
    sourceid: 65397
    transform {
      anchorPoint {
        x: 275
        y: 400
        z: 0
      }
      scale {
        x: 0.4
        y: 0.4
        z: 1
      }
      position {
        x: 640
        y: 200
        z: 0
      }
      orientation {
        x: 0
        y: 0
        z: 0
      }
      rotationX: 0
      rotationY: 0
      rotationZ: 0
      opacity: 0
    }
    acceptsshadows: true
    acceptslights: true
    castsshadows: false
  }
  layer {
    name: "List-Asset"
    id: 65086
    sourceid: 65397
    transform {
      anchorPoint {
        x: 275
        y: 400
        z: 0
      }
      scale {
        x: 0.4
        y: 0.4
        z: 1
      }
      position {
        x: 418.75
        y: 510
        z: 0
      }
      orientation {
        x: 0
        y: 0
        z: 0
      }
      rotationX: 0
      rotationY: 0
      rotationZ: 0
      opacity: 0
    }
    acceptsshadows: true
    acceptslights: true
    castsshadows: false
  }
  layer {
    name: "List-Asset"
    id: 65087
    sourceid: 65397
    transform {
      anchorPoint {
        x: 275
        y: 400
        z: 0
      }
      scale {
        x: 0.4
        y: 0.4
        z: 1
      }
      position {
        x: 418.75
        y: 200
        z: 0
      }
      orientation {
        x: 0
        y: 0
        z: 0
      }
      rotationX: 0
      rotationY: 0
      rotationZ: 0
      opacity: 0
    }
    acceptsshadows: true
    acceptslights: true
    castsshadows: false
  }
  layer {
    name: "List-Asset"
    id: 65088
    sourceid: 65397
    transform {
      anchorPoint {
        x: 275
        y: 400
        z: 0
      }
      scale {
        x: 0.4
        y: 0.4
        z: 1
      }
      position {
        x: 197.5
        y: 510
        z: 0
      }
      orientation {
        x: 0
        y: 0
        z: 0
      }
      rotationX: 0
      rotationY: 0
      rotationZ: 0
      opacity: 0
    }
    acceptsshadows: true
    acceptslights: true
    castsshadows: false
  }
  layer {
    name: "List-Asset"
    id: 65089
    sourceid: 65397
    transform {
      anchorPoint {
        x: 275
        y: 400
        z: 0
      }
      scale {
        x: 0.4
        y: 0.4
        z: 1
      }
      position {
        x: 197.5
        y: 200
        z: 0
      }
      orientation {
        x: 0
        y: 0
        z: 0
      }
      rotationX: 0
      rotationY: 0
      rotationZ: 0
      opacity: 0
    }
    acceptsshadows: true
    acceptslights: true
    castsshadows: false
  }
  bgcolor {
    alpha: 1
    red: 0.086274509803921567
    green: 0.11372549019607843
    blue: 0.14509803921568629
  }
  childtemplates: "Lander_List-Asset"
}
sources {
  uid: 65397
  srctype: AE_COMP_SRC
  name: "Lander_List-Asset.layout"
  width: 550
  height: 800
  copy_source: true
}
