activecomp {
  name: "PDP_Main"
  width: 1280
  height: 720
  defaultcameradistance: 1777.7778
  layer {
    name: "Image-16x9"
    id: 65080
    sourceid: 65112
    transform {
      anchorPoint {
        x: 640
        y: 360
        z: 0
      }
      scale {
        x: 1.1
        y: 1.1
        z: 1
      }
      position {
        x: 640
        y: 360
        z: 0
      }
      orientation {
        x: 0
        y: 0
        z: 0
      }
      rotationX: 0
      rotationY: 0
      rotationZ: 0
      opacity: 0
    }
    acceptsshadows: true
    acceptslights: true
    castsshadows: false
  }
  layer {
    name: "gradient-bg.png"
    id: 65081
    sourceid: 65323
    transform {
      anchorPoint {
        x: 640
        y: 0.5
        z: 0
      }
      scale {
        x: 1
        y: 720
        z: 1
      }
      position {
        x: 640
        y: 360
        z: 0
      }
      orientation {
        x: 0
        y: 0
        z: 0
      }
      rotationX: 0
      rotationY: 0
      rotationZ: 0
      opacity: 0.9
    }
    acceptsshadows: true
    acceptslights: true
    castsshadows: false
  }
  layer {
    name: "Btn-Play-Old"
    id: 65082
    sourceid: 65396
    transform {
      anchorPoint {
        x: 250
        y: 375
        z: 0
      }
      scale {
        x: 1
        y: 1
        z: 1
      }
      position {
        x: 293.15887
        y: 419
        z: 0
      }
      orientation {
        x: 0
        y: 0
        z: 0
      }
      rotationX: 0
      rotationY: 0
      rotationZ: 0
      opacity: 0
    }
    acceptsshadows: true
    acceptslights: true
    castsshadows: false
  }
  layer {
    name: "Poster4"
    id: 65083
    sourceid: 65396
    transform {
      anchorPoint {
        x: 250
        y: 375
        z: 0
      }
      scale {
        x: 0.4
        y: 0.4
        z: 1
      }
      position {
        x: 1122.1589
        y: 579
        z: 0
      }
      orientation {
        x: 0
        y: 0
        z: 0
      }
      rotationX: 0
      rotationY: 0
      rotationZ: 0
      opacity: 0
    }
    acceptsshadows: true
    acceptslights: true
    castsshadows: false
  }
  layer {
    name: "Poster3"
    id: 65084
    sourceid: 65396
    transform {
      anchorPoint {
        x: 250
        y: 375
        z: 0
      }
      scale {
        x: 0.4
        y: 0.4
        z: 1
      }
      position {
        x: 952.15887
        y: 579
        z: 0
      }
      orientation {
        x: 0
        y: 0
        z: 0
      }
      rotationX: 0
      rotationY: 0
      rotationZ: 0
      opacity: 0
    }
    acceptsshadows: true
    acceptslights: true
    castsshadows: false
  }
  layer {
    name: "Poster2"
    id: 65085
    sourceid: 65396
    transform {
      anchorPoint {
        x: 250
        y: 375
        z: 0
      }
      scale {
        x: 0.4
        y: 0.4
        z: 1
      }
      position {
        x: 782.15887
        y: 579
        z: 0
      }
      orientation {
        x: 0
        y: 0
        z: 0
      }
      rotationX: 0
      rotationY: 0
      rotationZ: 0
      opacity: 0
    }
    acceptsshadows: true
    acceptslights: true
    castsshadows: false
  }
  layer {
    name: "Poster1"
    id: 65086
    sourceid: 65396
    transform {
      anchorPoint {
        x: 250
        y: 375
        z: 0
      }
      scale {
        x: 0.4
        y: 0.4
        z: 1
      }
      position {
        x: 612.15887
        y: 579
        z: 0
      }
      orientation {
        x: 0
        y: 0
        z: 0
      }
      rotationX: 0
      rotationY: 0
      rotationZ: 0
      opacity: 0
    }
    acceptsshadows: true
    acceptslights: true
    castsshadows: false
  }
  layer {
    name: "MoreLikeThis"
    id: 65087
    sourceid: -1
    transform {
      anchorPoint {
        x: 303
        y: 82
        z: 0
      }
      scale {
        x: 1
        y: 1
        z: 1
      }
      position {
        x: 841.40887
        y: 517.40033
        z: 0
      }
      orientation {
        x: 0
        y: 0
        z: 0
      }
      rotationX: 0
      rotationY: 0
      rotationZ: 0
      opacity: 0
    }
    acceptsshadows: true
    acceptslights: true
    castsshadows: false
    textinfo {
      justification: AE_TEXT_LEFT
      fontSize: 20
      fontColor {
        alpha: 1
        red: 0.83529412746429443
        green: 0.63529413938522339
        blue: 0.24313725531101227
      }
      fontName: "Montserrat-Bold"
      isPointText: false
      boundsWidth: 273
      boundsHeight: 35
      isLabel: true
      text: "More Like This"
      multiline: true
      isAllCaps: false
    }
  }
  layer {
    name: "Body-Text"
    id: 65088
    sourceid: -1
    transform {
      anchorPoint {
        x: 303
        y: 82
        z: 0
      }
      scale {
        x: 1
        y: 1
        z: 1
      }
      position {
        x: 842.923
        y: 373.16931
        z: 0
      }
      orientation {
        x: 0
        y: 0
        z: 0
      }
      rotationX: 0
      rotationY: 0
      rotationZ: 0
      opacity: 0
    }
    acceptsshadows: true
    acceptslights: true
    castsshadows: false
    textinfo {
      justification: AE_TEXT_LEFT
      fontSize: 18
      fontColor {
        alpha: 1
        red: 0.94510000944137573
        green: 0.94510000944137573
        blue: 0.94510000944137573
      }
      fontName: "Montserrat-Light"
      isPointText: false
      boundsWidth: 645
      boundsHeight: 114
      isLabel: true
      text: ""
      multiline: true
      ellipsis: true
      isAllCaps: false
    }
    properties {
      key: "text-placeholder"
      value: "true"
    }
    properties {
      key: "text-overflow"
      value: "ellipsis"
    }
  }
  layer {
    name: "Stars"
    id: 65089
    sourceid: -1
    transform {
      anchorPoint {
        x: 303
        y: 82
        z: 0
      }
      scale {
        x: 1
        y: 1
        z: 1
      }
      position {
        x: 896.40887
        y: 318.4003
        z: 0
      }
      orientation {
        x: 0
        y: 0
        z: 0
      }
      rotationX: 0
      rotationY: 0
      rotationZ: 0
      opacity: 0
    }
    acceptsshadows: true
    acceptslights: true
    castsshadows: false
    textinfo {
      justification: AE_TEXT_LEFT
      fontSize: 16
      fontColor {
        alpha: 1
        red: 0.94510000944137573
        green: 0.94510000944137573
        blue: 0.94510000944137573
      }
      fontName: "Montserrat-Regular"
      isPointText: false
      boundsWidth: 562
      boundsHeight: 20
      isLabel: true
      text: ""
      multiline: true
      ellipsis: true
      isAllCaps: false
    }
    properties {
      key: "text-placeholder"
      value: "true"
    }
    properties {
      key: "text-overflow"
      value: "ellipsis"
    }
  }
  layer {
    name: "Stars-Static"
    id: 65090
    sourceid: -1
    transform {
      anchorPoint {
        x: 303
        y: 82
        z: 0
      }
      scale {
        x: 1
        y: 1
        z: 1
      }
      position {
        x: 841.40887
        y: 318.4003
        z: 0
      }
      orientation {
        x: 0
        y: 0
        z: 0
      }
      rotationX: 0
      rotationY: 0
      rotationZ: 0
      opacity: 0
    }
    acceptsshadows: true
    acceptslights: true
    castsshadows: false
    textinfo {
      justification: AE_TEXT_LEFT
      fontSize: 16
      fontColor {
        alpha: 1
        red: 0.85490000247955322
        green: 0.6470600962638855
        blue: 0.24706001579761505
      }
      fontName: "Montserrat-Bold"
      isPointText: false
      boundsWidth: 71
      boundsHeight: 20
      isLabel: true
      text: "Stars:"
      multiline: true
      isAllCaps: false
    }
  }
  layer {
    name: "Director"
    id: 65091
    sourceid: -1
    transform {
      anchorPoint {
        x: 303
        y: 82
        z: 0
      }
      scale {
        x: 1
        y: 1
        z: 1
      }
      position {
        x: 919.40887
        y: 293.4003
        z: 0
      }
      orientation {
        x: 0
        y: 0
        z: 0
      }
      rotationX: 0
      rotationY: 0
      rotationZ: 0
      opacity: 0
    }
    acceptsshadows: true
    acceptslights: true
    castsshadows: false
    textinfo {
      justification: AE_TEXT_LEFT
      fontSize: 16
      fontColor {
        alpha: 1
        red: 0.94510000944137573
        green: 0.94510000944137573
        blue: 0.94510000944137573
      }
      fontName: "Montserrat-Regular"
      isPointText: false
      boundsWidth: 562
      boundsHeight: 20
      isLabel: true
      text: ""
      multiline: true
      ellipsis: true
      isAllCaps: false
    }
    properties {
      key: "text-placeholder"
      value: "true"
    }
    properties {
      key: "text-overflow"
      value: "ellipsis"
    }
  }
  layer {
    name: "Director-Static"
    id: 65092
    sourceid: -1
    transform {
      anchorPoint {
        x: 303
        y: 82
        z: 0
      }
      scale {
        x: 1
        y: 1
        z: 1
      }
      position {
        x: 841.40887
        y: 293.4003
        z: 0
      }
      orientation {
        x: 0
        y: 0
        z: 0
      }
      rotationX: 0
      rotationY: 0
      rotationZ: 0
      opacity: 0
    }
    acceptsshadows: true
    acceptslights: true
    castsshadows: false
    textinfo {
      justification: AE_TEXT_LEFT
      fontSize: 16
      fontColor {
        alpha: 1
        red: 0.85490000247955322
        green: 0.6470600962638855
        blue: 0.24706001579761505
      }
      fontName: "Montserrat-Bold"
      isPointText: false
      boundsWidth: 77
      boundsHeight: 20
      isLabel: true
      text: "Director: "
      multiline: true
      isAllCaps: false
    }
  }
  layer {
    name: "Details-Text"
    id: 65093
    sourceid: -1
    transform {
      anchorPoint {
        x: 303
        y: 82
        z: 0
      }
      scale {
        x: 1
        y: 1
        z: 1
      }
      position {
        x: 841.40887
        y: 258.4003
        z: 0
      }
      orientation {
        x: 0
        y: 0
        z: 0
      }
      rotationX: 0
      rotationY: 0
      rotationZ: 0
      opacity: 0
    }
    acceptsshadows: true
    acceptslights: true
    castsshadows: false
    textinfo {
      justification: AE_TEXT_LEFT
      fontSize: 16
      fontColor {
        alpha: 1
        red: 0.85490000247955322
        green: 0.6470600962638855
        blue: 0.24706001579761505
      }
      fontName: "Montserrat-Bold"
      isPointText: false
      boundsWidth: 562
      boundsHeight: 20
      isLabel: true
      text: ""
      multiline: true
      ellipsis: true
      isAllCaps: false
    }
    properties {
      key: "text-placeholder"
      value: "true"
    }
    properties {
      key: "text-overflow"
      value: "ellipsis"
    }
  }
  layer {
    name: "Title-Text"
    id: 65094
    sourceid: -1
    transform {
      anchorPoint {
        x: 303
        y: 82
        z: 0
      }
      scale {
        x: 1
        y: 1
        z: 1
      }
      position {
        x: 840.61981
        y: 200.58549
        z: 0
      }
      orientation {
        x: 0
        y: 0
        z: 0
      }
      rotationX: 0
      rotationY: 0
      rotationZ: 0
      opacity: 0
    }
    acceptsshadows: true
    acceptslights: true
    castsshadows: false
    textinfo {
      justification: AE_TEXT_LEFT
      fontSize: 32
      fontColor {
        alpha: 1
        red: 0.94510000944137573
        green: 0.94510000944137573
        blue: 0.94510000944137573
      }
      fontName: "Montserrat-Bold"
      isPointText: false
      boundsWidth: 595
      boundsHeight: 43
      isLabel: true
      text: ""
      multiline: true
      ellipsis: true
      isAllCaps: true
    }
    properties {
      key: "text-placeholder"
      value: "true"
    }
    properties {
      key: "text-overflow"
      value: "ellipsis"
    }
  }
  layer {
    name: "Btn-Back"
    id: 65095
    sourceid: 65441
    transform {
      anchorPoint {
        x: 50
        y: 50
        z: 0
      }
      scale {
        x: 1
        y: 1
        z: 1
      }
      position {
        x: 1167
        y: 95
        z: 0
      }
      orientation {
        x: 0
        y: 0
        z: 0
      }
      rotationX: 0
      rotationY: 0
      rotationZ: 0
      opacity: 0
    }
    acceptsshadows: true
    acceptslights: true
    castsshadows: false
  }
  bgcolor {
    alpha: 1
    red: 0.086274509803921567
    green: 0.11372549019607843
    blue: 0.14509803921568629
  }
  childtemplates: "PDP_Image-16x9"
  childtemplates: "PDP_Btn-Play-Old"
  childtemplates: "PDP_Btn-Back"
}
sources {
  uid: 65112
  srctype: AE_COMP_SRC
  name: "PDP_Image-16x9.layout"
  width: 1280
  height: 720
  copy_source: true
}
sources {
  uid: 65323
  srctype: AE_IMAGE_SRC
  name: "gradient-bg.png"
  width: 1280
  height: 1
  numberOfFrames: 1
  fps: 0
  loops: 1
  copy_source: true
}
sources {
  uid: 65396
  srctype: AE_COMP_SRC
  name: "PDP_Btn-Play-Old.layout"
  width: 500
  height: 750
  copy_source: true
}
sources {
  uid: 4
  srctype: AE_FONT_SRC
  name: "Montserrat-Bold"
  copy_source: true
  file_name: "yi_Montserrat-Bold.otf"
}
sources {
  uid: 5
  srctype: AE_FONT_SRC
  name: "Montserrat-Light"
  copy_source: true
  file_name: "yi_Montserrat-Light.otf"
}
sources {
  uid: 6
  srctype: AE_FONT_SRC
  name: "Montserrat-Regular"
  copy_source: true
  file_name: "yi_Montserrat-Regular.otf"
}
sources {
  uid: 65441
  srctype: AE_COMP_SRC
  name: "PDP_Btn-Back.layout"
  width: 100
  height: 100
  copy_source: true
}
