activecomp {
  name: "PDP_Btn-Play"
  width: 500
  height: 750
  defaultcameradistance: 694.44446
  layer {
    name: "asset-shadow.png"
    id: 65396
    sourceid: 65325
    transform {
      anchorPoint {
        x: 191.5
        y: 272
        z: 0
      }
      scale {
        x: 1.26
        y: 1.26
        z: 1
      }
      position {
        x: 250
        y: 375
        z: 0
      }
      orientation {
        x: 0
        y: 0
        z: 0
      }
      rotationX: 0
      rotationY: 0
      rotationZ: 0
      opacity: 0
    }
    acceptsshadows: true
    acceptslights: true
    castsshadows: false
  }
  layer {
    name: "Image-2x3"
    id: 65397
    sourceid: 65099
    transform {
      anchorPoint {
        x: 167.5
        y: 238
        z: 0
      }
      scale {
        x: 1.26
        y: 1.26
        z: 1
      }
      position {
        x: 250
        y: 375
        z: 0
      }
      orientation {
        x: 0
        y: 0
        z: 0
      }
      rotationX: 0
      rotationY: 0
      rotationZ: 0
      opacity: 1
    }
    acceptsshadows: true
    acceptslights: true
    castsshadows: false
  }
  layer {
    name: "Btn-Back-Border.png"
    id: 65398
    sourceid: 65475
    transform {
      anchorPoint {
        x: 40
        y: 40
        z: 0
      }
      scale {
        x: 0.8
        y: 0.8
        z: 1
      }
      position {
        x: 250
        y: 375
        z: 0
      }
      orientation {
        x: 0
        y: 0
        z: 0
      }
      rotationX: 0
      rotationY: 0
      rotationZ: 0
      opacity: 0.4
    }
    acceptsshadows: true
    acceptslights: true
    castsshadows: false
  }
  layer {
    name: "Btn-Play.png"
    id: 65399
    sourceid: 65459
    transform {
      anchorPoint {
        x: 13
        y: 25
        z: 0
      }
      scale {
        x: 0.8
        y: 0.8
        z: 1
      }
      position {
        x: 1
        y: -5.6843419e-14
        z: 0
      }
      orientation {
        x: 0
        y: 0
        z: 0
      }
      rotationX: 0
      rotationY: 0
      rotationZ: 0
      opacity: 0.4
    }
    acceptsshadows: true
    acceptslights: true
    castsshadows: false
    parentid: 65400
  }
  layer {
    name: "Null 1"
    id: 65400
    sourceid: 65477
    transform {
      anchorPoint {
        x: 0
        y: 0
        z: 0
      }
      scale {
        x: 1
        y: 1
        z: 1
      }
      position {
        x: 250
        y: 375
        z: 0
      }
      orientation {
        x: 0
        y: 0
        z: 0
      }
      rotationX: 0
      rotationY: 0
      rotationZ: 0
      opacity: 1
    }
    acceptsshadows: true
    acceptslights: true
    castsshadows: false
  }
  classname: "CYIPushButtonView"
  bgcolor {
    alpha: 1
    red: 0.086274509803921567
    green: 0.11372549019607843
    blue: 0.14509803921568629
  }
  properties {
    key: "componentSubtype"
    value: "push"
  }
  properties {
    key: "componentType"
    value: "button"
  }
  childtemplates: "PDP_Image-2x3"
}
sources {
  uid: 65325
  srctype: AE_IMAGE_SRC
  name: "asset-shadow.png"
  width: 383
  height: 544
  numberOfFrames: 1
  fps: 0
  loops: 1
  copy_source: true
}
sources {
  uid: 65099
  srctype: AE_COMP_SRC
  name: "PDP_Image-2x3.layout"
  width: 335
  height: 476
  copy_source: true
}
sources {
  uid: 65475
  srctype: AE_IMAGE_SRC
  name: "Btn-Back-Border.png"
  width: 80
  height: 80
  numberOfFrames: 1
  fps: 0
  loops: 1
  copy_source: true
}
sources {
  uid: 65459
  srctype: AE_IMAGE_SRC
  name: "Btn-Play.png"
  width: 40
  height: 50
  numberOfFrames: 1
  fps: 0
  loops: 1
  copy_source: true
}
sources {
  uid: 65477
  srctype: AE_NULL_SRC
  width: 100
  height: 100
  copy_source: false
}
