activecomp {
  name: "PDP_Btn-Back"
  width: 100
  height: 100
  defaultcameradistance: 138.88889
  layer {
    name: "Btn-Back-Arrow.png"
    id: 65441
    sourceid: 65440
    transform {
      anchorPoint {
        x: 20
        y: 15
        z: 0
      }
      scale {
        x: 0.6
        y: 0.6
        z: 1
      }
      position {
        x: 50
        y: 50
        z: 0
      }
      orientation {
        x: 0
        y: 0
        z: 0
      }
      rotationX: 0
      rotationY: 0
      rotationZ: 0
      opacity: 0.6
    }
    acceptsshadows: true
    acceptslights: true
    castsshadows: false
  }
  classname: "CYIPushButtonView"
  bgcolor {
    alpha: 1
    red: 0.8784313725490196
    green: 0.8784313725490196
    blue: 0.8784313725490196
  }
  properties {
    key: "componentSubtype"
    value: "push"
  }
  properties {
    key: "componentType"
    value: "button"
  }
}
sources {
  uid: 65440
  srctype: AE_IMAGE_SRC
  name: "Btn-Back-Arrow.png"
  width: 40
  height: 30
  numberOfFrames: 1
  fps: 0
  loops: 1
  copy_source: true
}
