activecomp {
  name: "Player_Playback-Controls"
  width: 1920
  height: 1080
  defaultcameradistance: 2666.6667
  layer {
    name: "Gradient-Player.png"
    id: 634
    sourceid: 2648
    transform {
      anchorPoint {
        x: 0.5
        y: 274
        z: 0
      }
      scale {
        x: 1960
        y: 1
        z: 1
      }
      position {
        x: 960
        y: 806
        z: 0
      }
      orientation {
        x: 0
        y: 0
        z: 0
      }
      rotationX: 0
      rotationY: 0
      rotationZ: 0
      opacity: 0
    }
    acceptsshadows: true
    acceptslights: true
    castsshadows: false
  }
  layer {
    name: "Btn-PlayPause"
    id: 635
    sourceid: 1360
    transform {
      anchorPoint {
        x: 62.5
        y: 62.5
        z: 0
      }
      scale {
        x: 1
        y: 1
        z: 1
      }
      position {
        x: 960
        y: 1085
        z: 0
      }
      orientation {
        x: 0
        y: 0
        z: 0
      }
      rotationX: 0
      rotationY: 0
      rotationZ: 0
      opacity: 0
    }
    acceptsshadows: true
    acceptslights: true
    castsshadows: false
  }
  layer {
    name: "Placeholder-Time"
    id: 636
    sourceid: -1
    transform {
      anchorPoint {
        x: 0
        y: 18.249889
        z: 0
      }
      scale {
        x: 1
        y: 1
        z: 1
      }
      position {
        x: 1695.5
        y: 993
        z: 0
      }
      orientation {
        x: 0
        y: 0
        z: 0
      }
      rotationX: 0
      rotationY: 0
      rotationZ: 0
      opacity: 0
    }
    acceptsshadows: true
    acceptslights: true
    castsshadows: false
    textinfo {
      justification: AE_TEXT_LEFT
      fontSize: 25
      fontColor {
        alpha: 1
        red: 1
        green: 1
        blue: 1
      }
      fontName: "ArialMT"
      isPointText: false
      boundsWidth: 190
      boundsHeight: 29
      multiline: true
      isAllCaps: false
    }
  }
  layer {
    name: "Player-ScrollBar"
    id: 637
    sourceid: 693
    transform {
      anchorPoint {
        x: 696
        y: 148.5
        z: 0
      }
      scale {
        x: 1
        y: 1
        z: 1
      }
      position {
        x: 960
        y: 874.5
        z: 0
      }
      orientation {
        x: 0
        y: 0
        z: 0
      }
      rotationX: 0
      rotationY: 0
      rotationZ: 0
      opacity: 0
    }
    acceptsshadows: true
    acceptslights: true
    castsshadows: false
  }
  layer {
    name: "Btn-Back"
    id: 638
    sourceid: 16149
    transform {
      anchorPoint {
        x: 50
        y: 40.5
        z: 0
      }
      scale {
        x: 1
        y: 1
        z: 1
      }
      position {
        x: 1791
        y: 119
        z: 0
      }
      orientation {
        x: 0
        y: 0
        z: 0
      }
      rotationX: 0
      rotationY: 0
      rotationZ: 0
      opacity: 0
    }
    acceptsshadows: true
    acceptslights: true
    castsshadows: false
  }
  bgcolor {
    alpha: 1
    red: 0
    green: 0
    blue: 0
  }
  childtemplates: "Player_Btn-PlayPause"
  childtemplates: "Player_Player-ScrollBar"
  childtemplates: "Player_Btn-Back"
}
sources {
  uid: 2648
  srctype: AE_IMAGE_SRC
  name: "Gradient-Player.png"
  width: 1
  height: 548
  numberOfFrames: 1
  fps: 0
  loops: 1
  copy_source: true
}
sources {
  uid: 1360
  srctype: AE_COMP_SRC
  name: "Player_Btn-PlayPause.layout"
  width: 125
  height: 125
  copy_source: true
}
sources {
  uid: 3
  srctype: AE_FONT_SRC
  name: "ArialMT"
  copy_source: true
  file_name: "yi_Arial-Regular.ttf"
  style_name: "Regular"
}
sources {
  uid: 693
  srctype: AE_COMP_SRC
  name: "Player_Player-ScrollBar.layout"
  width: 1392
  height: 297
  copy_source: true
}
sources {
  uid: 16149
  srctype: AE_COMP_SRC
  name: "Player_Btn-Back.layout"
  width: 100
  height: 81
  copy_source: true
}
