tracks {
  binding: IS_VISIBLE
  targetid: 693
  targetname: "Progress-Track"
  keytimes {
    datatype: AE_INT_DATA
    timeOffset: 0
    inttype: AE_INTERP_HOLD
    ivalue1: 1
  }
}
markers {
  starttime: 0.65100908
  duration: 1.6666666
  name: "ScrollStart"
  alltracks: false
  id: 28
  looping: false
}
markers {
  starttime: 4.65
  duration: 0.33333334
  name: "ScrollHide"
  alltracks: false
  id: 30
  looping: false
}
markers {
  starttime: 5.65
  duration: 0.33333334
  name: "ScrollShow"
  alltracks: false
  id: 29
  looping: false
}
